{"name": "test_click_create_profile_button_capture_message", "status": "broken", "statusDetails": {"message": "selenium.common.exceptions.TimeoutException: Message: \nStacktrace:\n\tGetHandleVerifier [0x0x4bfe83+66515]\n\tGetHandleVerifier [0x0x4bfec4+66580]\n\t(No symbol) [0x0x2adc48]\n\t(No symbol) [0x0x2f8704]\n\t(No symbol) [0x0x2f8aab]\n\t(No symbol) [0x0x33f482]\n\t(No symbol) [0x0x31b214]\n\t(No symbol) [0x0x33cba7]\n\t(No symbol) [0x0x31afc6]\n\t(No symbol) [0x0x2ec2ca]\n\t(No symbol) [0x0x2ed154]\n\tGetHandleVerifier [0x0x7173b3+2521347]\n\tGetHandleVerifier [0x0x712333+2500739]\n\tGetHandleVerifier [0x0x4e7cd4+229924]\n\tGetHandleVerifier [0x0x4d8238+165768]\n\tGetHandleVerifier [0x0x4deced+193085]\n\tGetHandleVerifier [0x0x4c8198+100072]\n\tGetHandleVerifier [0x0x4c8330+100480]\n\tGetHandleVerifier [0x0x4b25ea+11066]\n\tBaseThreadInitThunk [0x0x75e7fcc9+25]\n\tRtlGetAppContainerNamedObjectPath [0x0x77b082ae+286]\n\tRtlGetAppContainerNamedObjectPath [0x0x77b0827e+238]", "trace": "driver = <selenium.webdriver.chrome.webdriver.WebDriver (session=\"8e40d872454f26c21a7b6fb2fb0fc543\")>\n\n    @pytest.mark.usefixtures(\"driver\")\n    def test_click_create_profile_button_capture_message(driver):\n        academypage = RegisterAcademyPage(driver)\n>       academypage.click_create_profile()\n\ntests\\test_academy_registration.py:234: \n_ _ _ _ _ _ _ _ _ _ _ _ _ _ _ _ _ _ _ _ _ _ _ _ _ _ _ _ _ _ _ _ _ _ _ _ _ _ _ _ _ _ _ _ _ _ _ _ _ _ _ _ _ _ _ _ _ _ _\npages\\academy_registration_page.py:235: in click_create_profile\n    create_btn = WebDriverWait(self.driver, 15).until(\n_ _ _ _ _ _ _ _ _ _ _ _ _ _ _ _ _ _ _ _ _ _ _ _ _ _ _ _ _ _ _ _ _ _ _ _ _ _ _ _ _ _ _ _ _ _ _ _ _ _ _ _ _ _ _ _ _ _ _\n\nself = <selenium.webdriver.support.wait.WebDriverWait (session=\"8e40d872454f26c21a7b6fb2fb0fc543\")>\nmethod = <function element_to_be_clickable.<locals>._predicate at 0x0000015FF97C79C0>, message = ''\n\n    def until(self, method: Callable[[D], Union[Literal[False], T]], message: str = \"\") -> T:\n        \"\"\"Wait until the method returns a value that is not False.\n    \n        Calls the method provided with the driver as an argument until the\n        return value does not evaluate to ``False``.\n    \n        Parameters:\n        -----------\n        method: callable(WebDriver)\n            - A callable object that takes a WebDriver instance as an argument.\n    \n        message: str\n            - Optional message for :exc:`TimeoutException`\n    \n        Return:\n        -------\n        object: T\n            - The result of the last call to `method`\n    \n        Raises:\n        -------\n        TimeoutException\n            - If 'method' does not return a truthy value within the WebDriverWait\n            object's timeout\n    \n        Example:\n        --------\n        >>> from selenium.webdriver.common.by import By\n        >>> from selenium.webdriver.support.ui import WebDriverWait\n        >>> from selenium.webdriver.support import expected_conditions as EC\n    \n        # Wait until an element is visible on the page\n        >>> wait = WebDriverWait(driver, 10)\n        >>> element = wait.until(EC.visibility_of_element_located((By.ID, \"exampleId\")))\n        >>> print(element.text)\n        \"\"\"\n        screen = None\n        stacktrace = None\n    \n        end_time = time.monotonic() + self._timeout\n        while True:\n            try:\n                value = method(self._driver)\n                if value:\n                    return value\n            except self._ignored_exceptions as exc:\n                screen = getattr(exc, \"screen\", None)\n                stacktrace = getattr(exc, \"stacktrace\", None)\n            if time.monotonic() > end_time:\n                break\n            time.sleep(self._poll)\n>       raise TimeoutException(message, screen, stacktrace)\nE       selenium.common.exceptions.TimeoutException: Message: \nE       Stacktrace:\nE       \tGetHandleVerifier [0x0x4bfe83+66515]\nE       \tGetHandleVerifier [0x0x4bfec4+66580]\nE       \t(No symbol) [0x0x2adc48]\nE       \t(No symbol) [0x0x2f8704]\nE       \t(No symbol) [0x0x2f8aab]\nE       \t(No symbol) [0x0x33f482]\nE       \t(No symbol) [0x0x31b214]\nE       \t(No symbol) [0x0x33cba7]\nE       \t(No symbol) [0x0x31afc6]\nE       \t(No symbol) [0x0x2ec2ca]\nE       \t(No symbol) [0x0x2ed154]\nE       \tGetHandleVerifier [0x0x7173b3+2521347]\nE       \tGetHandleVerifier [0x0x712333+2500739]\nE       \tGetHandleVerifier [0x0x4e7cd4+229924]\nE       \tGetHandleVerifier [0x0x4d8238+165768]\nE       \tGetHandleVerifier [0x0x4deced+193085]\nE       \tGetHandleVerifier [0x0x4c8198+100072]\nE       \tGetHandleVerifier [0x0x4c8330+100480]\nE       \tGetHandleVerifier [0x0x4b25ea+11066]\nE       \tBaseThreadInitThunk [0x0x75e7fcc9+25]\nE       \tRtlGetAppContainerNamedObjectPath [0x0x77b082ae+286]\nE       \tRtlGetAppContainerNamedObjectPath [0x0x77b0827e+238]\n\nvenv\\Lib\\site-packages\\selenium\\webdriver\\support\\wait.py:138: TimeoutException"}, "start": 1760504948203, "stop": 1760504968828, "uuid": "542611d4-33e1-4ae6-91fc-c7cbac55043c", "historyId": "5e318f7025329cf60d3d72f7afa37984", "testCaseId": "5e318f7025329cf60d3d72f7afa37984", "fullName": "tests.test_academy_registration#test_click_create_profile_button_capture_message", "labels": [{"name": "parentSuite", "value": "tests"}, {"name": "suite", "value": "test_academy_registration"}, {"name": "host", "value": "OTSI-Lap80"}, {"name": "thread", "value": "61040-MainThread"}, {"name": "framework", "value": "pytest"}, {"name": "language", "value": "cpython3"}, {"name": "package", "value": "tests.test_academy_registration"}]}