{"name": "test_existing_email_validation_error", "status": "broken", "statusDetails": {"message": "selenium.common.exceptions.TimeoutException: Message: \nStacktrace:\n\tGetHandleVerifier [0x0xa2fea3+66515]\n\tGetHandleVerifier [0x0xa2fee4+66580]\n\t(No symbol) [0x0x81dc48]\n\t(No symbol) [0x0x868704]\n\t(No symbol) [0x0x868aab]\n\t(No symbol) [0x0x8af482]\n\t(No symbol) [0x0x88b214]\n\t(No symbol) [0x0x8acba7]\n\t(No symbol) [0x0x88afc6]\n\t(No symbol) [0x0x85c2ca]\n\t(No symbol) [0x0x85d154]\n\tGetHandleVerifier [0x0xc873d3+2521347]\n\tGetHandleVerifier [0x0xc82353+2500739]\n\tGetHandleVerifier [0x0xa57cf4+229924]\n\tGetHandleVerifier [0x0xa48258+165768]\n\tGetHandleVerifier [0x0xa4ed0d+193085]\n\tGetHandleVerifier [0x0xa381b8+100072]\n\tGetHandleVerifier [0x0xa38350+100480]\n\tGetHandleVerifier [0x0xa2260a+11066]\n\tBaseThreadInitThunk [0x0x7641fcc9+25]\n\tRtlGetAppContainerNamedObjectPath [0x0x770f82ae+286]\n\tRtlGetAppContainerNamedObjectPath [0x0x770f827e+238]", "trace": "driver = <selenium.webdriver.chrome.webdriver.WebDriver (session=\"b374f7dd7f97b02642b99b3bf1a34821\")>\n\n    @pytest.mark.usefixtures(\"driver\")\n    def test_existing_email_validation_error(driver):\n        page = CoachPage(driver)\n        time.sleep(2)\n>       page.click_on_board_coach_button()\n\ntests\\test_coach.py:40: \n_ _ _ _ _ _ _ _ _ _ _ _ _ _ _ _ _ _ _ _ _ _ _ _ _ _ _ _ _ _ _ _ _ _ _ _ _ _ _ _ _ _ _ _ _ _ _ _ _ _ _ _ _ _ _ _ _ _ _\npages\\coach_page.py:34: in click_on_board_coach_button\n    self.wait.until(EC.element_to_be_clickable(self.on_board_coache_button)).click()\n    ^^^^^^^^^^^^^^^^^^^^^^^^^^^^^^^^^^^^^^^^^^^^^^^^^^^^^^^^^^^^^^^^^^^^^^^^\n_ _ _ _ _ _ _ _ _ _ _ _ _ _ _ _ _ _ _ _ _ _ _ _ _ _ _ _ _ _ _ _ _ _ _ _ _ _ _ _ _ _ _ _ _ _ _ _ _ _ _ _ _ _ _ _ _ _ _\n\nself = <selenium.webdriver.support.wait.WebDriverWait (session=\"b374f7dd7f97b02642b99b3bf1a34821\")>\nmethod = <function element_to_be_clickable.<locals>._predicate at 0x00000174683B1760>, message = ''\n\n    def until(self, method: Callable[[D], Union[Literal[False], T]], message: str = \"\") -> T:\n        \"\"\"Wait until the method returns a value that is not False.\n    \n        Calls the method provided with the driver as an argument until the\n        return value does not evaluate to ``False``.\n    \n        Parameters:\n        -----------\n        method: callable(WebDriver)\n            - A callable object that takes a WebDriver instance as an argument.\n    \n        message: str\n            - Optional message for :exc:`TimeoutException`\n    \n        Return:\n        -------\n        object: T\n            - The result of the last call to `method`\n    \n        Raises:\n        -------\n        TimeoutException\n            - If 'method' does not return a truthy value within the WebDriverWait\n            object's timeout\n    \n        Example:\n        --------\n        >>> from selenium.webdriver.common.by import By\n        >>> from selenium.webdriver.support.ui import WebDriverWait\n        >>> from selenium.webdriver.support import expected_conditions as EC\n    \n        # Wait until an element is visible on the page\n        >>> wait = WebDriverWait(driver, 10)\n        >>> element = wait.until(EC.visibility_of_element_located((By.ID, \"exampleId\")))\n        >>> print(element.text)\n        \"\"\"\n        screen = None\n        stacktrace = None\n    \n        end_time = time.monotonic() + self._timeout\n        while True:\n            try:\n                value = method(self._driver)\n                if value:\n                    return value\n            except self._ignored_exceptions as exc:\n                screen = getattr(exc, \"screen\", None)\n                stacktrace = getattr(exc, \"stacktrace\", None)\n            if time.monotonic() > end_time:\n                break\n            time.sleep(self._poll)\n>       raise TimeoutException(message, screen, stacktrace)\nE       selenium.common.exceptions.TimeoutException: Message: \nE       Stacktrace:\nE       \tGetHandleVerifier [0x0xa2fea3+66515]\nE       \tGetHandleVerifier [0x0xa2fee4+66580]\nE       \t(No symbol) [0x0x81dc48]\nE       \t(No symbol) [0x0x868704]\nE       \t(No symbol) [0x0x868aab]\nE       \t(No symbol) [0x0x8af482]\nE       \t(No symbol) [0x0x88b214]\nE       \t(No symbol) [0x0x8acba7]\nE       \t(No symbol) [0x0x88afc6]\nE       \t(No symbol) [0x0x85c2ca]\nE       \t(No symbol) [0x0x85d154]\nE       \tGetHandleVerifier [0x0xc873d3+2521347]\nE       \tGetHandleVerifier [0x0xc82353+2500739]\nE       \tGetHandleVerifier [0x0xa57cf4+229924]\nE       \tGetHandleVerifier [0x0xa48258+165768]\nE       \tGetHandleVerifier [0x0xa4ed0d+193085]\nE       \tGetHandleVerifier [0x0xa381b8+100072]\nE       \tGetHandleVerifier [0x0xa38350+100480]\nE       \tGetHandleVerifier [0x0xa2260a+11066]\nE       \tBaseThreadInitThunk [0x0x7641fcc9+25]\nE       \tRtlGetAppContainerNamedObjectPath [0x0x770f82ae+286]\nE       \tRtlGetAppContainerNamedObjectPath [0x0x770f827e+238]\n\nvenv\\Lib\\site-packages\\selenium\\webdriver\\support\\wait.py:138: TimeoutException"}, "start": 1760456998588, "stop": 1760457010666, "uuid": "ee698e86-5f08-45d2-89f3-35e0374317b0", "historyId": "c75df2d6e579e8540b718f054596a69a", "testCaseId": "c75df2d6e579e8540b718f054596a69a", "fullName": "tests.test_coach#test_existing_email_validation_error", "labels": [{"name": "parentSuite", "value": "tests"}, {"name": "suite", "value": "test_coach"}, {"name": "host", "value": "OTSI-Lap80"}, {"name": "thread", "value": "83708-MainThread"}, {"name": "framework", "value": "pytest"}, {"name": "language", "value": "cpython3"}, {"name": "package", "value": "tests.test_coach"}]}