{"name": "test_existing_email_validation_error", "status": "broken", "statusDetails": {"message": "selenium.common.exceptions.TimeoutException: Message: \nStacktrace:\n\tGetHandleVerifier [0x0xa2fea3+66515]\n\tGetHandleVerifier [0x0xa2fee4+66580]\n\t(No symbol) [0x0x81dc48]\n\t(No symbol) [0x0x868704]\n\t(No symbol) [0x0x868aab]\n\t(No symbol) [0x0x8af482]\n\t(No symbol) [0x0x88b214]\n\t(No symbol) [0x0x8acba7]\n\t(No symbol) [0x0x88afc6]\n\t(No symbol) [0x0x85c2ca]\n\t(No symbol) [0x0x85d154]\n\tGetHandleVerifier [0x0xc873d3+2521347]\n\tGetHandleVerifier [0x0xc82353+2500739]\n\tGetHandleVerifier [0x0xa57cf4+229924]\n\tGetHandleVerifier [0x0xa48258+165768]\n\tGetHandleVerifier [0x0xa4ed0d+193085]\n\tGetHandleVerifier [0x0xa381b8+100072]\n\tGetHandleVerifier [0x0xa38350+100480]\n\tGetHandleVerifier [0x0xa2260a+11066]\n\tBaseThreadInitThunk [0x0x7641fcc9+25]\n\tRtlGetAppContainerNamedObjectPath [0x0x770f82ae+286]\n\tRtlGetAppContainerNamedObjectPath [0x0x770f827e+238]", "trace": "driver = <selenium.webdriver.chrome.webdriver.WebDriver (session=\"a9c39f5135e94a6575ddbbae55291705\")>\n\n    @pytest.mark.usefixtures(\"driver\")\n    def test_existing_email_validation_error(driver):\n        page = CoachPage(driver)\n        time.sleep(2)\n        page.click_on_board_coach_button()\n        page.create_first_name_input(coach[\"first_name\"])\n        page.create_last_name_input(coach[\"last_name\"])\n        page.click_and_select_dob(coach[\"year\"])\n        page.click_select_gender_dropdown()\n        page.create_email_input(coach[\"email\"])\n        page.create_mobile_input(coach[\"mobile\"])\n        page.click_create_button()\n        page.toast_message(\"Coach is already onboarded to this academy\")\n        time.sleep(2)\n>       page.click_cancel_button()\n\ntests\\test_coach.py:50: \n_ _ _ _ _ _ _ _ _ _ _ _ _ _ _ _ _ _ _ _ _ _ _ _ _ _ _ _ _ _ _ _ _ _ _ _ _ _ _ _ _ _ _ _ _ _ _ _ _ _ _ _ _ _ _ _ _ _ _\npages\\coach_page.py:79: in click_cancel_button\n    self.wait.until(EC.element_to_be_clickable(self.cancel_button)).click()\n    ^^^^^^^^^^^^^^^^^^^^^^^^^^^^^^^^^^^^^^^^^^^^^^^^^^^^^^^^^^^^^^^\n_ _ _ _ _ _ _ _ _ _ _ _ _ _ _ _ _ _ _ _ _ _ _ _ _ _ _ _ _ _ _ _ _ _ _ _ _ _ _ _ _ _ _ _ _ _ _ _ _ _ _ _ _ _ _ _ _ _ _\n\nself = <selenium.webdriver.support.wait.WebDriverWait (session=\"a9c39f5135e94a6575ddbbae55291705\")>\nmethod = <function element_to_be_clickable.<locals>._predicate at 0x000001CE2546A2A0>, message = ''\n\n    def until(self, method: Callable[[D], Union[Literal[False], T]], message: str = \"\") -> T:\n        \"\"\"Wait until the method returns a value that is not False.\n    \n        Calls the method provided with the driver as an argument until the\n        return value does not evaluate to ``False``.\n    \n        Parameters:\n        -----------\n        method: callable(WebDriver)\n            - A callable object that takes a WebDriver instance as an argument.\n    \n        message: str\n            - Optional message for :exc:`TimeoutException`\n    \n        Return:\n        -------\n        object: T\n            - The result of the last call to `method`\n    \n        Raises:\n        -------\n        TimeoutException\n            - If 'method' does not return a truthy value within the WebDriverWait\n            object's timeout\n    \n        Example:\n        --------\n        >>> from selenium.webdriver.common.by import By\n        >>> from selenium.webdriver.support.ui import WebDriverWait\n        >>> from selenium.webdriver.support import expected_conditions as EC\n    \n        # Wait until an element is visible on the page\n        >>> wait = WebDriverWait(driver, 10)\n        >>> element = wait.until(EC.visibility_of_element_located((By.ID, \"exampleId\")))\n        >>> print(element.text)\n        \"\"\"\n        screen = None\n        stacktrace = None\n    \n        end_time = time.monotonic() + self._timeout\n        while True:\n            try:\n                value = method(self._driver)\n                if value:\n                    return value\n            except self._ignored_exceptions as exc:\n                screen = getattr(exc, \"screen\", None)\n                stacktrace = getattr(exc, \"stacktrace\", None)\n            if time.monotonic() > end_time:\n                break\n            time.sleep(self._poll)\n>       raise TimeoutException(message, screen, stacktrace)\nE       selenium.common.exceptions.TimeoutException: Message: \nE       Stacktrace:\nE       \tGetHandleVerifier [0x0xa2fea3+66515]\nE       \tGetHandleVerifier [0x0xa2fee4+66580]\nE       \t(No symbol) [0x0x81dc48]\nE       \t(No symbol) [0x0x868704]\nE       \t(No symbol) [0x0x868aab]\nE       \t(No symbol) [0x0x8af482]\nE       \t(No symbol) [0x0x88b214]\nE       \t(No symbol) [0x0x8acba7]\nE       \t(No symbol) [0x0x88afc6]\nE       \t(No symbol) [0x0x85c2ca]\nE       \t(No symbol) [0x0x85d154]\nE       \tGetHandleVerifier [0x0xc873d3+2521347]\nE       \tGetHandleVerifier [0x0xc82353+2500739]\nE       \tGetHandleVerifier [0x0xa57cf4+229924]\nE       \tGetHandleVerifier [0x0xa48258+165768]\nE       \tGetHandleVerifier [0x0xa4ed0d+193085]\nE       \tGetHandleVerifier [0x0xa381b8+100072]\nE       \tGetHandleVerifier [0x0xa38350+100480]\nE       \tGetHandleVerifier [0x0xa2260a+11066]\nE       \tBaseThreadInitThunk [0x0x7641fcc9+25]\nE       \tRtlGetAppContainerNamedObjectPath [0x0x770f82ae+286]\nE       \tRtlGetAppContainerNamedObjectPath [0x0x770f827e+238]\n\nvenv\\Lib\\site-packages\\selenium\\webdriver\\support\\wait.py:138: TimeoutException"}, "attachments": [{"name": "stdout", "source": "2f6b567a-d006-4636-8e14-03e286eba3a3-attachment.txt", "type": "text/plain"}], "start": 1760457891049, "stop": 1760457923880, "uuid": "12367a54-10f3-46ff-8a78-92cbc84e2bc5", "historyId": "c75df2d6e579e8540b718f054596a69a", "testCaseId": "c75df2d6e579e8540b718f054596a69a", "fullName": "tests.test_coach#test_existing_email_validation_error", "labels": [{"name": "parentSuite", "value": "tests"}, {"name": "suite", "value": "test_coach"}, {"name": "host", "value": "OTSI-Lap80"}, {"name": "thread", "value": "99728-MainThread"}, {"name": "framework", "value": "pytest"}, {"name": "language", "value": "cpython3"}, {"name": "package", "value": "tests.test_coach"}]}