{"name": "test_update_child_athlete_email_with_existing_athlete_email", "status": "broken", "statusDetails": {"message": "selenium.common.exceptions.TimeoutException: Message: \nStacktrace:\n\tGetHandleVerifier [0x0x53fea3+66515]\n\tGetHandleVerifier [0x0x53fee4+66580]\n\t(No symbol) [0x0x32dc48]\n\t(No symbol) [0x0x378704]\n\t(No symbol) [0x0x378aab]\n\t(No symbol) [0x0x3bf482]\n\t(No symbol) [0x0x39b214]\n\t(No symbol) [0x0x3bcba7]\n\t(No symbol) [0x0x39afc6]\n\t(No symbol) [0x0x36c2ca]\n\t(No symbol) [0x0x36d154]\n\tGetHandleVerifier [0x0x7973d3+2521347]\n\tGetHandleVerifier [0x0x792353+2500739]\n\tGetHandleVerifier [0x0x567cf4+229924]\n\tGetHandleVerifier [0x0x558258+165768]\n\tGetHandleVerifier [0x0x55ed0d+193085]\n\tGetHandleVerifier [0x0x5481b8+100072]\n\tGetHandleVerifier [0x0x548350+100480]\n\tGetHandleVerifier [0x0x53260a+11066]\n\tBaseThreadInitThunk [0x0x7641fcc9+25]\n\tRtlGetAppContainerNamedObjectPath [0x0x770f82ae+286]\n\tRtlGetAppContainerNamedObjectPath [0x0x770f827e+238]", "trace": "driver = <selenium.webdriver.chrome.webdriver.WebDriver (session=\"ceeff01d2c5901feabc08c5f2f13efef\")>\n\n    @pytest.mark.usefixtures(\"driver\")\n    def test_update_child_athlete_email_with_existing_athlete_email(driver):\n        page = AthletesPage(driver)\n        # Search for previously created child athlete\n    \n        child_name = \"child child\"\n        page.enter_search_text(child_name)\n        time.sleep(2)\n        page.click_three_dots_on_search_result(child_name)\n        page.click_edit_athlete_option()\n        time.sleep(2)\n        # Try to update email with an existing athlete email\n        existing_email = athlete[\"email\"]\n    \n        # page.clear_field(page.email_input_in_update)\n        page.javascript_clear_field(page.email_input_in_update)\n        time.sleep(1)\n        page.create_email_in_update(existing_email)\n        page.click_update_athlete_button()\n        page.toast_message(\"already exists\")\n>       page.click_cancel_button()\n\ntests\\test_athletes.py:588: \n_ _ _ _ _ _ _ _ _ _ _ _ _ _ _ _ _ _ _ _ _ _ _ _ _ _ _ _ _ _ _ _ _ _ _ _ _ _ _ _ _ _ _ _ _ _ _ _ _ _ _ _ _ _ _ _ _ _ _\npages\\athletes_page.py:140: in click_cancel_button\n    self.wait.until(EC.element_to_be_clickable(self.cancel_button)).click()\n    ^^^^^^^^^^^^^^^^^^^^^^^^^^^^^^^^^^^^^^^^^^^^^^^^^^^^^^^^^^^^^^^\n_ _ _ _ _ _ _ _ _ _ _ _ _ _ _ _ _ _ _ _ _ _ _ _ _ _ _ _ _ _ _ _ _ _ _ _ _ _ _ _ _ _ _ _ _ _ _ _ _ _ _ _ _ _ _ _ _ _ _\n\nself = <selenium.webdriver.support.wait.WebDriverWait (session=\"ceeff01d2c5901feabc08c5f2f13efef\")>\nmethod = <function element_to_be_clickable.<locals>._predicate at 0x0000020A7A7D96C0>, message = ''\n\n    def until(self, method: Callable[[D], Union[Literal[False], T]], message: str = \"\") -> T:\n        \"\"\"Wait until the method returns a value that is not False.\n    \n        Calls the method provided with the driver as an argument until the\n        return value does not evaluate to ``False``.\n    \n        Parameters:\n        -----------\n        method: callable(WebDriver)\n            - A callable object that takes a WebDriver instance as an argument.\n    \n        message: str\n            - Optional message for :exc:`TimeoutException`\n    \n        Return:\n        -------\n        object: T\n            - The result of the last call to `method`\n    \n        Raises:\n        -------\n        TimeoutException\n            - If 'method' does not return a truthy value within the WebDriverWait\n            object's timeout\n    \n        Example:\n        --------\n        >>> from selenium.webdriver.common.by import By\n        >>> from selenium.webdriver.support.ui import WebDriverWait\n        >>> from selenium.webdriver.support import expected_conditions as EC\n    \n        # Wait until an element is visible on the page\n        >>> wait = WebDriverWait(driver, 10)\n        >>> element = wait.until(EC.visibility_of_element_located((By.ID, \"exampleId\")))\n        >>> print(element.text)\n        \"\"\"\n        screen = None\n        stacktrace = None\n    \n        end_time = time.monotonic() + self._timeout\n        while True:\n            try:\n                value = method(self._driver)\n                if value:\n                    return value\n            except self._ignored_exceptions as exc:\n                screen = getattr(exc, \"screen\", None)\n                stacktrace = getattr(exc, \"stacktrace\", None)\n            if time.monotonic() > end_time:\n                break\n            time.sleep(self._poll)\n>       raise TimeoutException(message, screen, stacktrace)\nE       selenium.common.exceptions.TimeoutException: Message: \nE       Stacktrace:\nE       \tGetHandleVerifier [0x0x53fea3+66515]\nE       \tGetHandleVerifier [0x0x53fee4+66580]\nE       \t(No symbol) [0x0x32dc48]\nE       \t(No symbol) [0x0x378704]\nE       \t(No symbol) [0x0x378aab]\nE       \t(No symbol) [0x0x3bf482]\nE       \t(No symbol) [0x0x39b214]\nE       \t(No symbol) [0x0x3bcba7]\nE       \t(No symbol) [0x0x39afc6]\nE       \t(No symbol) [0x0x36c2ca]\nE       \t(No symbol) [0x0x36d154]\nE       \tGetHandleVerifier [0x0x7973d3+2521347]\nE       \tGetHandleVerifier [0x0x792353+2500739]\nE       \tGetHandleVerifier [0x0x567cf4+229924]\nE       \tGetHandleVerifier [0x0x558258+165768]\nE       \tGetHandleVerifier [0x0x55ed0d+193085]\nE       \tGetHandleVerifier [0x0x5481b8+100072]\nE       \tGetHandleVerifier [0x0x548350+100480]\nE       \tGetHandleVerifier [0x0x53260a+11066]\nE       \tBaseThreadInitThunk [0x0x7641fcc9+25]\nE       \tRtlGetAppContainerNamedObjectPath [0x0x770f82ae+286]\nE       \tRtlGetAppContainerNamedObjectPath [0x0x770f827e+238]\n\nvenv\\Lib\\site-packages\\selenium\\webdriver\\support\\wait.py:138: TimeoutException"}, "attachments": [{"name": "stdout", "source": "545bb063-d822-494c-9197-a83280ccdf9d-attachment.txt", "type": "text/plain"}], "start": 1760452750884, "stop": 1760452781804, "uuid": "7e11a3b9-e47f-41bd-b700-8700efeada2e", "historyId": "b1b2771e3b42b31bd8a09cb66e9b4b26", "testCaseId": "b1b2771e3b42b31bd8a09cb66e9b4b26", "fullName": "tests.test_athletes#test_update_child_athlete_email_with_existing_athlete_email", "labels": [{"name": "parentSuite", "value": "tests"}, {"name": "suite", "value": "test_athletes"}, {"name": "host", "value": "OTSI-Lap80"}, {"name": "thread", "value": "78544-MainThread"}, {"name": "framework", "value": "pytest"}, {"name": "language", "value": "cpython3"}, {"name": "package", "value": "tests.test_athletes"}]}