{"name": "test_existing_email_validation_error", "status": "broken", "statusDetails": {"message": "selenium.common.exceptions.TimeoutException: Message: \nStacktrace:\n\tGetHandleVerifier [0x0x5b9d93+65891]\n\tGetHandleVerifier [0x0x5b9dd4+65956]\n\t(No symbol) [0x0x3cdca8]\n\t(No symbol) [0x0x4187d4]\n\t(No symbol) [0x0x418b7b]\n\t(No symbol) [0x0x45f4c2]\n\t(No symbol) [0x0x43b2c4]\n\t(No symbol) [0x0x45cbe0]\n\t(No symbol) [0x0x43b076]\n\t(No symbol) [0x0x40c37a]\n\t(No symbol) [0x0x40d224]\n\tGetHandleVerifier [0x0x827e23+2613747]\n\tGetHandleVerifier [0x0x822f5a+2593578]\n\tGetHandleVerifier [0x0x5e1ac4+229012]\n\tGetHandleVerifier [0x0x5d1e58+164392]\n\tGetHandleVerifier [0x0x5d880d+191453]\n\tGetHandleVerifier [0x0x5c2148+99608]\n\tGetHandleVerifier [0x0x5c22e0+100016]\n\tGetHandleVerifier [0x0x5ac4ca+10394]\n\tBaseThreadInitThunk [0x0x76d1fcc9+25]\n\tRtlGetAppContainerNamedObjectPath [0x0x772c82ae+286]\n\tRtlGetAppContainerNamedObjectPath [0x0x772c827e+238]", "trace": "driver = <selenium.webdriver.chrome.webdriver.WebDriver (session=\"a8f3486655b8e6978303e89c9c698168\")>\n\n    @pytest.mark.usefixtures(\"driver\")\n    def test_existing_email_validation_error(driver):\n        page = CoachPage(driver)\n        time.sleep(2)\n>       page.click_on_board_coach_button()\n\ntests\\test_coach.py:40: \n_ _ _ _ _ _ _ _ _ _ _ _ _ _ _ _ _ _ _ _ _ _ _ _ _ _ _ _ _ _ _ _ _ _ _ _ _ _ _ _ _ _ _ _ _ _ _ \npages\\coach_page.py:34: in click_on_board_coach_button\n    self.wait.until(EC.element_to_be_clickable(self.on_board_coache_button)).click()\n    ^^^^^^^^^^^^^^^^^^^^^^^^^^^^^^^^^^^^^^^^^^^^^^^^^^^^^^^^^^^^^^^^^^^^^^^^\n_ _ _ _ _ _ _ _ _ _ _ _ _ _ _ _ _ _ _ _ _ _ _ _ _ _ _ _ _ _ _ _ _ _ _ _ _ _ _ _ _ _ _ _ _ _ _ \n\nself = <selenium.webdriver.support.wait.WebDriverWait (session=\"a8f3486655b8e6978303e89c9c698168\")>\nmethod = <function element_to_be_clickable.<locals>._predicate at 0x000001D4CEDC4CC0>\nmessage = ''\n\n    def until(self, method: Callable[[D], Union[Literal[False], T]], message: str = \"\") -> T:\n        \"\"\"Wait until the method returns a value that is not False.\n    \n        Calls the method provided with the driver as an argument until the\n        return value does not evaluate to ``False``.\n    \n        Parameters:\n        -----------\n        method: callable(WebDriver)\n            - A callable object that takes a WebDriver instance as an argument.\n    \n        message: str\n            - Optional message for :exc:`TimeoutException`\n    \n        Return:\n        -------\n        object: T\n            - The result of the last call to `method`\n    \n        Raises:\n        -------\n        TimeoutException\n            - If 'method' does not return a truthy value within the WebDriverWait\n            object's timeout\n    \n        Example:\n        --------\n        >>> from selenium.webdriver.common.by import By\n        >>> from selenium.webdriver.support.ui import WebDriverWait\n        >>> from selenium.webdriver.support import expected_conditions as EC\n    \n        # Wait until an element is visible on the page\n        >>> wait = WebDriverWait(driver, 10)\n        >>> element = wait.until(EC.visibility_of_element_located((By.ID, \"exampleId\")))\n        >>> print(element.text)\n        \"\"\"\n        screen = None\n        stacktrace = None\n    \n        end_time = time.monotonic() + self._timeout\n        while True:\n            try:\n                value = method(self._driver)\n                if value:\n                    return value\n            except self._ignored_exceptions as exc:\n                screen = getattr(exc, \"screen\", None)\n                stacktrace = getattr(exc, \"stacktrace\", None)\n            if time.monotonic() > end_time:\n                break\n            time.sleep(self._poll)\n>       raise TimeoutException(message, screen, stacktrace)\nE       selenium.common.exceptions.TimeoutException: Message: \nE       Stacktrace:\nE       \tGetHandleVerifier [0x0x5b9d93+65891]\nE       \tGetHandleVerifier [0x0x5b9dd4+65956]\nE       \t(No symbol) [0x0x3cdca8]\nE       \t(No symbol) [0x0x4187d4]\nE       \t(No symbol) [0x0x418b7b]\nE       \t(No symbol) [0x0x45f4c2]\nE       \t(No symbol) [0x0x43b2c4]\nE       \t(No symbol) [0x0x45cbe0]\nE       \t(No symbol) [0x0x43b076]\nE       \t(No symbol) [0x0x40c37a]\nE       \t(No symbol) [0x0x40d224]\nE       \tGetHandleVerifier [0x0x827e23+2613747]\nE       \tGetHandleVerifier [0x0x822f5a+2593578]\nE       \tGetHandleVerifier [0x0x5e1ac4+229012]\nE       \tGetHandleVerifier [0x0x5d1e58+164392]\nE       \tGetHandleVerifier [0x0x5d880d+191453]\nE       \tGetHandleVerifier [0x0x5c2148+99608]\nE       \tGetHandleVerifier [0x0x5c22e0+100016]\nE       \tGetHandleVerifier [0x0x5ac4ca+10394]\nE       \tBaseThreadInitThunk [0x0x76d1fcc9+25]\nE       \tRtlGetAppContainerNamedObjectPath [0x0x772c82ae+286]\nE       \tRtlGetAppContainerNamedObjectPath [0x0x772c827e+238]\n\nvenv\\Lib\\site-packages\\selenium\\webdriver\\support\\wait.py:138: TimeoutException"}, "start": 1759813284900, "stop": 1759813296985, "uuid": "ae97619b-7886-481a-88bd-6f8def14951b", "historyId": "c75df2d6e579e8540b718f054596a69a", "testCaseId": "c75df2d6e579e8540b718f054596a69a", "fullName": "tests.test_coach#test_existing_email_validation_error", "labels": [{"name": "parentSuite", "value": "tests"}, {"name": "suite", "value": "test_coach"}, {"name": "host", "value": "OTSI-Lap80"}, {"name": "thread", "value": "58320-MainThread"}, {"name": "framework", "value": "pytest"}, {"name": "language", "value": "cpython3"}, {"name": "package", "value": "tests.test_coach"}]}