{"name": "test_academy_name_field_minimum_length_validations", "status": "broken", "statusDetails": {"message": "selenium.common.exceptions.ElementClickInterceptedException: Message: element click intercepted: Element <button data-slot=\"button\" class=\"inline-flex items-center justify-center gap-2 whitespace-nowrap text-sm font-medium transition-all disabled:pointer-events-none disabled:opacity-50 [&amp;_svg]:pointer-events-none [&amp;_svg:not([class*='size-'])]:size-4 shrink-0 [&amp;_svg]:shrink-0 outline-none focus-visible:border-ring focus-visible:ring-[1px] aria-invalid:ring-destructive/20 dark:aria-invalid:ring-destructive/40 aria-invalid:border-destructive bg-primary text-primary-foreground shadow-xs hover:bg-primary/80 focus-visible:ring-primary/20 hover:ring h-9 px-2 py-2 has-[&gt;svg]:px-3 cursor-pointer md:px-3 rounded-md\">...</button> is not clickable at point (818, 663). Other element would receive the click: <div class=\"fixed inset-0 z-40\"></div>\n  (Session info: chrome=141.0.7390.77)\nStacktrace:\n\tGetHandleVerifier [0x0xa0fe83+66515]\n\tGetHandleVerifier [0x0xa0fec4+66580]\n\t(No symbol) [0x0x7fdc48]\n\t(No symbol) [0x0x84ec10]\n\t(No symbol) [0x0x84cf73]\n\t(No symbol) [0x0x84aa17]\n\t(No symbol) [0x0x849c8d]\n\t(No symbol) [0x0x83e115]\n\t(No symbol) [0x0x86b1cc]\n\t(No symbol) [0x0x83db74]\n\t(No symbol) [0x0x86b384]\n\t(No symbol) [0x0x88cba7]\n\t(No symbol) [0x0x86afc6]\n\t(No symbol) [0x0x83c2ca]\n\t(No symbol) [0x0x83d154]\n\tGetHandleVerifier [0x0xc673b3+2521347]\n\tGetHandleVerifier [0x0xc62333+2500739]\n\tGetHandleVerifier [0x0xa37cd4+229924]\n\tGetHandleVerifier [0x0xa28238+165768]\n\tGetHandleVerifier [0x0xa2eced+193085]\n\tGetHandleVerifier [0x0xa18198+100072]\n\tGetHandleVerifier [0x0xa18330+100480]\n\tGetHandleVerifier [0x0xa025ea+11066]\n\tBaseThreadInitThunk [0x0x75e7fcc9+25]\n\tRtlGetAppContainerNamedObjectPath [0x0x77b082ae+286]\n\tRtlGetAppContainerNamedObjectPath [0x0x77b0827e+238]", "trace": "driver = <selenium.webdriver.chrome.webdriver.WebDriver (session=\"1f32d2d8b2b4f43a828ebf2e3a4d3e7f\")>\n\n    @pytest.mark.usefixtures(\"driver\")\n    def test_academy_name_field_minimum_length_validations(driver):\n            academypage = RegisterAcademyPage(driver)\n            academypage.clear_field(academypage.academy_name_input)\n            time.sleep(1)\n            #Entered minimum characters\n            academypage.academy_name_field(validations[\"min_value\"])  # Less than 3 characters\n>           academypage.next_button_click()\n\ntests\\test_academy_registration.py:82: \n_ _ _ _ _ _ _ _ _ _ _ _ _ _ _ _ _ _ _ _ _ _ _ _ _ _ _ _ _ _ _ _ _ _ _ _ _ _ _ _ _ _ _ _ _ _ _\npages\\academy_registration_page.py:215: in next_button_click\n    next_btn.click()\nvenv\\Lib\\site-packages\\selenium\\webdriver\\remote\\webelement.py:121: in click\n    self._execute(Command.CLICK_ELEMENT)\nvenv\\Lib\\site-packages\\selenium\\webdriver\\remote\\webelement.py:574: in _execute\n    return self._parent.execute(command, params)\n           ^^^^^^^^^^^^^^^^^^^^^^^^^^^^^^^^^^^^^\nvenv\\Lib\\site-packages\\selenium\\webdriver\\remote\\webdriver.py:447: in execute\n    self.error_handler.check_response(response)\n_ _ _ _ _ _ _ _ _ _ _ _ _ _ _ _ _ _ _ _ _ _ _ _ _ _ _ _ _ _ _ _ _ _ _ _ _ _ _ _ _ _ _ _ _ _ _\n\nself = <selenium.webdriver.remote.errorhandler.ErrorHandler object at 0x00000178574578D0>\nresponse = {'status': 400, 'value': '{\"value\":{\"error\":\"element click intercepted\",\"message\":\"element click intercepted: Element ...tRtlGetAppContainerNamedObjectPath [0x0x77b082ae+286]\\\\n\\\\tRtlGetAppContainerNamedObjectPath [0x0x77b0827e+238]\\\\n\"}}'}\n\n    def check_response(self, response: Dict[str, Any]) -> None:\n        \"\"\"Checks that a JSON response from the WebDriver does not have an\n        error.\n    \n        :Args:\n         - response - The JSON response from the WebDriver server as a dictionary\n           object.\n    \n        :Raises: If the response contains an error message.\n        \"\"\"\n        status = response.get(\"status\", None)\n        if not status or status == ErrorCode.SUCCESS:\n            return\n        value = None\n        message = response.get(\"message\", \"\")\n        screen: str = response.get(\"screen\", \"\")\n        stacktrace = None\n        if isinstance(status, int):\n            value_json = response.get(\"value\", None)\n            if value_json and isinstance(value_json, str):\n                import json\n    \n                try:\n                    value = json.loads(value_json)\n                    if len(value) == 1:\n                        value = value[\"value\"]\n                    status = value.get(\"error\", None)\n                    if not status:\n                        status = value.get(\"status\", ErrorCode.UNKNOWN_ERROR)\n                        message = value.get(\"value\") or value.get(\"message\")\n                        if not isinstance(message, str):\n                            value = message\n                            message = message.get(\"message\")\n                    else:\n                        message = value.get(\"message\", None)\n                except ValueError:\n                    pass\n    \n        exception_class: Type[WebDriverException]\n        e = ErrorCode()\n        error_codes = [item for item in dir(e) if not item.startswith(\"__\")]\n        for error_code in error_codes:\n            error_info = getattr(ErrorCode, error_code)\n            if isinstance(error_info, list) and status in error_info:\n                exception_class = getattr(ExceptionMapping, error_code, WebDriverException)\n                break\n        else:\n            exception_class = WebDriverException\n    \n        if not value:\n            value = response[\"value\"]\n        if isinstance(value, str):\n            raise exception_class(value)\n        if message == \"\" and \"message\" in value:\n            message = value[\"message\"]\n    \n        screen = None  # type: ignore[assignment]\n        if \"screen\" in value:\n            screen = value[\"screen\"]\n    \n        stacktrace = None\n        st_value = value.get(\"stackTrace\") or value.get(\"stacktrace\")\n        if st_value:\n            if isinstance(st_value, str):\n                stacktrace = st_value.split(\"\\n\")\n            else:\n                stacktrace = []\n                try:\n                    for frame in st_value:\n                        line = frame.get(\"lineNumber\", \"\")\n                        file = frame.get(\"fileName\", \"<anonymous>\")\n                        if line:\n                            file = f\"{file}:{line}\"\n                        meth = frame.get(\"methodName\", \"<anonymous>\")\n                        if \"className\" in frame:\n                            meth = f\"{frame['className']}.{meth}\"\n                        msg = \"    at %s (%s)\"\n                        msg = msg % (meth, file)\n                        stacktrace.append(msg)\n                except TypeError:\n                    pass\n        if exception_class == UnexpectedAlertPresentException:\n            alert_text = None\n            if \"data\" in value:\n                alert_text = value[\"data\"].get(\"text\")\n            elif \"alert\" in value:\n                alert_text = value[\"alert\"].get(\"text\")\n            raise exception_class(message, screen, stacktrace, alert_text)  # type: ignore[call-arg]  # mypy is not smart enough here\n>       raise exception_class(message, screen, stacktrace)\nE       selenium.common.exceptions.ElementClickInterceptedException: Message: element click intercepted: Element <button data-slot=\"button\" class=\"inline-flex items-center justify-center gap-2 whitespace-nowrap text-sm font-medium transition-all disabled:pointer-events-none disabled:opacity-50 [&amp;_svg]:pointer-events-none [&amp;_svg:not([class*='size-'])]:size-4 shrink-0 [&amp;_svg]:shrink-0 outline-none focus-visible:border-ring focus-visible:ring-[1px] aria-invalid:ring-destructive/20 dark:aria-invalid:ring-destructive/40 aria-invalid:border-destructive bg-primary text-primary-foreground shadow-xs hover:bg-primary/80 focus-visible:ring-primary/20 hover:ring h-9 px-2 py-2 has-[&gt;svg]:px-3 cursor-pointer md:px-3 rounded-md\">...</button> is not clickable at point (818, 663). Other element would receive the click: <div class=\"fixed inset-0 z-40\"></div>\nE         (Session info: chrome=141.0.7390.77)\nE       Stacktrace:\nE       \tGetHandleVerifier [0x0xa0fe83+66515]\nE       \tGetHandleVerifier [0x0xa0fec4+66580]\nE       \t(No symbol) [0x0x7fdc48]\nE       \t(No symbol) [0x0x84ec10]\nE       \t(No symbol) [0x0x84cf73]\nE       \t(No symbol) [0x0x84aa17]\nE       \t(No symbol) [0x0x849c8d]\nE       \t(No symbol) [0x0x83e115]\nE       \t(No symbol) [0x0x86b1cc]\nE       \t(No symbol) [0x0x83db74]\nE       \t(No symbol) [0x0x86b384]\nE       \t(No symbol) [0x0x88cba7]\nE       \t(No symbol) [0x0x86afc6]\nE       \t(No symbol) [0x0x83c2ca]\nE       \t(No symbol) [0x0x83d154]\nE       \tGetHandleVerifier [0x0xc673b3+2521347]\nE       \tGetHandleVerifier [0x0xc62333+2500739]\nE       \tGetHandleVerifier [0x0xa37cd4+229924]\nE       \tGetHandleVerifier [0x0xa28238+165768]\nE       \tGetHandleVerifier [0x0xa2eced+193085]\nE       \tGetHandleVerifier [0x0xa18198+100072]\nE       \tGetHandleVerifier [0x0xa18330+100480]\nE       \tGetHandleVerifier [0x0xa025ea+11066]\nE       \tBaseThreadInitThunk [0x0x75e7fcc9+25]\nE       \tRtlGetAppContainerNamedObjectPath [0x0x77b082ae+286]\nE       \tRtlGetAppContainerNamedObjectPath [0x0x77b0827e+238]\n\nvenv\\Lib\\site-packages\\selenium\\webdriver\\remote\\errorhandler.py:232: ElementClickInterceptedException"}, "attachments": [{"name": "stdout", "source": "8b87b1fc-d46d-40b6-a985-7b1033beb8f8-attachment.txt", "type": "text/plain"}], "start": 1760510026452, "stop": 1760510042219, "uuid": "34b5575c-8a39-4f8d-81d8-085b69b5a1e3", "historyId": "8e154b4985f490d25e235fe64ff6623d", "testCaseId": "8e154b4985f490d25e235fe64ff6623d", "fullName": "tests.test_academy_registration#test_academy_name_field_minimum_length_validations", "labels": [{"name": "parentSuite", "value": "tests"}, {"name": "suite", "value": "test_academy_registration"}, {"name": "host", "value": "OTSI-Lap80"}, {"name": "thread", "value": "68152-MainThread"}, {"name": "framework", "value": "pytest"}, {"name": "language", "value": "cpython3"}, {"name": "package", "value": "tests.test_academy_registration"}]}