{"name": "test_mobile_field_with_invalid_text_validations", "status": "broken", "statusDetails": {"message": "selenium.common.exceptions.TimeoutException: Message: \nStacktrace:\n\tGetHandleVerifier [0x0x107fea3+66515]\n\tGetHandleVerifier [0x0x107fee4+66580]\n\t(No symbol) [0x0xe6dc48]\n\t(No symbol) [0x0xeb8704]\n\t(No symbol) [0x0xeb8aab]\n\t(No symbol) [0x0xeff482]\n\t(No symbol) [0x0xedb214]\n\t(No symbol) [0x0xefcba7]\n\t(No symbol) [0x0xedafc6]\n\t(No symbol) [0x0xeac2ca]\n\t(No symbol) [0x0xead154]\n\tGetHandleVerifier [0x0x12d73d3+2521347]\n\tGetHandleVerifier [0x0x12d2353+2500739]\n\tGetHandleVerifier [0x0x10a7cf4+229924]\n\tGetHandleVerifier [0x0x1098258+165768]\n\tGetHandleVerifier [0x0x109ed0d+193085]\n\tGetHandleVerifier [0x0x10881b8+100072]\n\tGetHandleVerifier [0x0x1088350+100480]\n\tGetHandleVerifier [0x0x107260a+11066]\n\tBaseThreadInitThunk [0x0x75e7fcc9+25]\n\tRtlGetAppContainerNamedObjectPath [0x0x77b082ae+286]\n\tRtlGetAppContainerNamedObjectPath [0x0x77b0827e+238]", "trace": "driver = <selenium.webdriver.chrome.webdriver.WebDriver (session=\"fd5c9f3b38c2897820426f7c6a4780ad\")>\n\n    @pytest.mark.usefixtures(\"driver\")\n    def test_mobile_field_with_invalid_text_validations(driver):\n            academypage = RegisterAcademyPage(driver)\n            academy = config[\"academy_reg\"]\n>           academypage.clear_field(academypage.mobile_number_input)\n\ntests\\test_academy_registration.py:152: \n_ _ _ _ _ _ _ _ _ _ _ _ _ _ _ _ _ _ _ _ _ _ _ _ _ _ _ _ _ _ _ _ _ _ _ _ _ _ _ _ _ _ _ _ _ _ _\npages\\academy_registration_page.py:279: in clear_field\n    field = self.wait.until(EC.presence_of_element_located(locator))\n            ^^^^^^^^^^^^^^^^^^^^^^^^^^^^^^^^^^^^^^^^^^^^^^^^^^^^^^^^\n_ _ _ _ _ _ _ _ _ _ _ _ _ _ _ _ _ _ _ _ _ _ _ _ _ _ _ _ _ _ _ _ _ _ _ _ _ _ _ _ _ _ _ _ _ _ _\n\nself = <selenium.webdriver.support.wait.WebDriverWait (session=\"fd5c9f3b38c2897820426f7c6a4780ad\")>\nmethod = <function presence_of_element_located.<locals>._predicate at 0x000001A55FCCECA0>\nmessage = ''\n\n    def until(self, method: Callable[[D], Union[Literal[False], T]], message: str = \"\") -> T:\n        \"\"\"Wait until the method returns a value that is not False.\n    \n        Calls the method provided with the driver as an argument until the\n        return value does not evaluate to ``False``.\n    \n        Parameters:\n        -----------\n        method: callable(WebDriver)\n            - A callable object that takes a WebDriver instance as an argument.\n    \n        message: str\n            - Optional message for :exc:`TimeoutException`\n    \n        Return:\n        -------\n        object: T\n            - The result of the last call to `method`\n    \n        Raises:\n        -------\n        TimeoutException\n            - If 'method' does not return a truthy value within the WebDriverWait\n            object's timeout\n    \n        Example:\n        --------\n        >>> from selenium.webdriver.common.by import By\n        >>> from selenium.webdriver.support.ui import WebDriverWait\n        >>> from selenium.webdriver.support import expected_conditions as EC\n    \n        # Wait until an element is visible on the page\n        >>> wait = WebDriverWait(driver, 10)\n        >>> element = wait.until(EC.visibility_of_element_located((By.ID, \"exampleId\")))\n        >>> print(element.text)\n        \"\"\"\n        screen = None\n        stacktrace = None\n    \n        end_time = time.monotonic() + self._timeout\n        while True:\n            try:\n                value = method(self._driver)\n                if value:\n                    return value\n            except self._ignored_exceptions as exc:\n                screen = getattr(exc, \"screen\", None)\n                stacktrace = getattr(exc, \"stacktrace\", None)\n            if time.monotonic() > end_time:\n                break\n            time.sleep(self._poll)\n>       raise TimeoutException(message, screen, stacktrace)\nE       selenium.common.exceptions.TimeoutException: Message: \nE       Stacktrace:\nE       \tGetHandleVerifier [0x0x107fea3+66515]\nE       \tGetHandleVerifier [0x0x107fee4+66580]\nE       \t(No symbol) [0x0xe6dc48]\nE       \t(No symbol) [0x0xeb8704]\nE       \t(No symbol) [0x0xeb8aab]\nE       \t(No symbol) [0x0xeff482]\nE       \t(No symbol) [0x0xedb214]\nE       \t(No symbol) [0x0xefcba7]\nE       \t(No symbol) [0x0xedafc6]\nE       \t(No symbol) [0x0xeac2ca]\nE       \t(No symbol) [0x0xead154]\nE       \tGetHandleVerifier [0x0x12d73d3+2521347]\nE       \tGetHandleVerifier [0x0x12d2353+2500739]\nE       \tGetHandleVerifier [0x0x10a7cf4+229924]\nE       \tGetHandleVerifier [0x0x1098258+165768]\nE       \tGetHandleVerifier [0x0x109ed0d+193085]\nE       \tGetHandleVerifier [0x0x10881b8+100072]\nE       \tGetHandleVerifier [0x0x1088350+100480]\nE       \tGetHandleVerifier [0x0x107260a+11066]\nE       \tBaseThreadInitThunk [0x0x75e7fcc9+25]\nE       \tRtlGetAppContainerNamedObjectPath [0x0x77b082ae+286]\nE       \tRtlGetAppContainerNamedObjectPath [0x0x77b0827e+238]\n\nvenv\\Lib\\site-packages\\selenium\\webdriver\\support\\wait.py:138: TimeoutException"}, "start": 1760461010915, "stop": 1760461021020, "uuid": "14787173-bc1c-49a0-a250-2f33f7ec8728", "historyId": "638f1cc98f71062493723294c689dca1", "testCaseId": "638f1cc98f71062493723294c689dca1", "fullName": "tests.test_academy_registration#test_mobile_field_with_invalid_text_validations", "labels": [{"name": "parentSuite", "value": "tests"}, {"name": "suite", "value": "test_academy_registration"}, {"name": "host", "value": "OTSI-Lap80"}, {"name": "thread", "value": "72100-MainThread"}, {"name": "framework", "value": "pytest"}, {"name": "language", "value": "cpython3"}, {"name": "package", "value": "tests.test_academy_registration"}]}