{"name": "test_email_field_with_invalid_number_validation", "status": "broken", "statusDetails": {"message": "selenium.common.exceptions.TimeoutException: Message: \nStacktrace:\n\tGetHandleVerifier [0x0x5b9d93+65891]\n\tGetHandleVerifier [0x0x5b9dd4+65956]\n\t(No symbol) [0x0x3cdca8]\n\t(No symbol) [0x0x4187d4]\n\t(No symbol) [0x0x418b7b]\n\t(No symbol) [0x0x45f4c2]\n\t(No symbol) [0x0x43b2c4]\n\t(No symbol) [0x0x45cbe0]\n\t(No symbol) [0x0x43b076]\n\t(No symbol) [0x0x40c37a]\n\t(No symbol) [0x0x40d224]\n\tGetHandleVerifier [0x0x827e23+2613747]\n\tGetHandleVerifier [0x0x822f5a+2593578]\n\tGetHandleVerifier [0x0x5e1ac4+229012]\n\tGetHandleVerifier [0x0x5d1e58+164392]\n\tGetHandleVerifier [0x0x5d880d+191453]\n\tGetHandleVerifier [0x0x5c2148+99608]\n\tGetHandleVerifier [0x0x5c22e0+100016]\n\tGetHandleVerifier [0x0x5ac4ca+10394]\n\tBaseThreadInitThunk [0x0x76d1fcc9+25]\n\tRtlGetAppContainerNamedObjectPath [0x0x772c82ae+286]\n\tRtlGetAppContainerNamedObjectPath [0x0x772c827e+238]", "trace": "driver = <selenium.webdriver.chrome.webdriver.WebDriver (session=\"a8f3486655b8e6978303e89c9c698168\")>\n\n    @pytest.mark.usefixtures(\"driver\")\n    def test_email_field_with_invalid_number_validation(driver):\n        page = CoachPage(driver)\n        #numeric value\n>       page.clear_field(page.email_input)\n\ntests\\test_coach.py:169: \n_ _ _ _ _ _ _ _ _ _ _ _ _ _ _ _ _ _ _ _ _ _ _ _ _ _ _ _ _ _ _ _ _ _ _ _ _ _ _ _ _ _ _ _ _ _ _ \npages\\coach_page.py:76: in clear_field\n    field = self.wait.until(EC.presence_of_element_located(locator))\n            ^^^^^^^^^^^^^^^^^^^^^^^^^^^^^^^^^^^^^^^^^^^^^^^^^^^^^^^^\n_ _ _ _ _ _ _ _ _ _ _ _ _ _ _ _ _ _ _ _ _ _ _ _ _ _ _ _ _ _ _ _ _ _ _ _ _ _ _ _ _ _ _ _ _ _ _ \n\nself = <selenium.webdriver.support.wait.WebDriverWait (session=\"a8f3486655b8e6978303e89c9c698168\")>\nmethod = <function presence_of_element_located.<locals>._predicate at 0x000001D4CEDC6AC0>\nmessage = ''\n\n    def until(self, method: Callable[[D], Union[Literal[False], T]], message: str = \"\") -> T:\n        \"\"\"Wait until the method returns a value that is not False.\n    \n        Calls the method provided with the driver as an argument until the\n        return value does not evaluate to ``False``.\n    \n        Parameters:\n        -----------\n        method: callable(WebDriver)\n            - A callable object that takes a WebDriver instance as an argument.\n    \n        message: str\n            - Optional message for :exc:`TimeoutException`\n    \n        Return:\n        -------\n        object: T\n            - The result of the last call to `method`\n    \n        Raises:\n        -------\n        TimeoutException\n            - If 'method' does not return a truthy value within the WebDriverWait\n            object's timeout\n    \n        Example:\n        --------\n        >>> from selenium.webdriver.common.by import By\n        >>> from selenium.webdriver.support.ui import WebDriverWait\n        >>> from selenium.webdriver.support import expected_conditions as EC\n    \n        # Wait until an element is visible on the page\n        >>> wait = WebDriverWait(driver, 10)\n        >>> element = wait.until(EC.visibility_of_element_located((By.ID, \"exampleId\")))\n        >>> print(element.text)\n        \"\"\"\n        screen = None\n        stacktrace = None\n    \n        end_time = time.monotonic() + self._timeout\n        while True:\n            try:\n                value = method(self._driver)\n                if value:\n                    return value\n            except self._ignored_exceptions as exc:\n                screen = getattr(exc, \"screen\", None)\n                stacktrace = getattr(exc, \"stacktrace\", None)\n            if time.monotonic() > end_time:\n                break\n            time.sleep(self._poll)\n>       raise TimeoutException(message, screen, stacktrace)\nE       selenium.common.exceptions.TimeoutException: Message: \nE       Stacktrace:\nE       \tGetHandleVerifier [0x0x5b9d93+65891]\nE       \tGetHandleVerifier [0x0x5b9dd4+65956]\nE       \t(No symbol) [0x0x3cdca8]\nE       \t(No symbol) [0x0x4187d4]\nE       \t(No symbol) [0x0x418b7b]\nE       \t(No symbol) [0x0x45f4c2]\nE       \t(No symbol) [0x0x43b2c4]\nE       \t(No symbol) [0x0x45cbe0]\nE       \t(No symbol) [0x0x43b076]\nE       \t(No symbol) [0x0x40c37a]\nE       \t(No symbol) [0x0x40d224]\nE       \tGetHandleVerifier [0x0x827e23+2613747]\nE       \tGetHandleVerifier [0x0x822f5a+2593578]\nE       \tGetHandleVerifier [0x0x5e1ac4+229012]\nE       \tGetHandleVerifier [0x0x5d1e58+164392]\nE       \tGetHandleVerifier [0x0x5d880d+191453]\nE       \tGetHandleVerifier [0x0x5c2148+99608]\nE       \tGetHandleVerifier [0x0x5c22e0+100016]\nE       \tGetHandleVerifier [0x0x5ac4ca+10394]\nE       \tBaseThreadInitThunk [0x0x76d1fcc9+25]\nE       \tRtlGetAppContainerNamedObjectPath [0x0x772c82ae+286]\nE       \tRtlGetAppContainerNamedObjectPath [0x0x772c827e+238]\n\nvenv\\Lib\\site-packages\\selenium\\webdriver\\support\\wait.py:138: TimeoutException"}, "start": 1759813408124, "stop": 1759813418213, "uuid": "cbf1454d-b518-4876-be67-0b7e65c1e318", "historyId": "dd7b9c5f3a88ee1eb7a098772dd71c3d", "testCaseId": "dd7b9c5f3a88ee1eb7a098772dd71c3d", "fullName": "tests.test_coach#test_email_field_with_invalid_number_validation", "labels": [{"name": "parentSuite", "value": "tests"}, {"name": "suite", "value": "test_coach"}, {"name": "host", "value": "OTSI-Lap80"}, {"name": "thread", "value": "58320-MainThread"}, {"name": "framework", "value": "pytest"}, {"name": "language", "value": "cpython3"}, {"name": "package", "value": "tests.test_coach"}]}