{"name": "test_login_correct_username_correct_password", "status": "broken", "statusDetails": {"message": "selenium.common.exceptions.TimeoutException: Message: \nStacktrace:\n\tGetHandleVerifier [0x0xa0fe83+66515]\n\tGetHandleVerifier [0x0xa0fec4+66580]\n\t(No symbol) [0x0x7fdc48]\n\t(No symbol) [0x0x848704]\n\t(No symbol) [0x0x848aab]\n\t(No symbol) [0x0x88f482]\n\t(No symbol) [0x0x86b214]\n\t(No symbol) [0x0x88cba7]\n\t(No symbol) [0x0x86afc6]\n\t(No symbol) [0x0x83c2ca]\n\t(No symbol) [0x0x83d154]\n\tGetHandleVerifier [0x0xc673b3+2521347]\n\tGetHandleVerifier [0x0xc62333+2500739]\n\tGetHandleVerifier [0x0xa37cd4+229924]\n\tGetHandleVerifier [0x0xa28238+165768]\n\tGetHandleVerifier [0x0xa2eced+193085]\n\tGetHandleVerifier [0x0xa18198+100072]\n\tGetHandleVerifier [0x0xa18330+100480]\n\tGetHandleVerifier [0x0xa025ea+11066]\n\tBaseThreadInitThunk [0x0x75e7fcc9+25]\n\tRtlGetAppContainerNamedObjectPath [0x0x77b082ae+286]\n\tRtlGetAppContainerNamedObjectPath [0x0x77b0827e+238]", "trace": "driver = <selenium.webdriver.chrome.webdriver.WebDriver (session=\"4a6138a7d550b218602a00c26e9254dd\")>\n\n    @pytest.mark.usefixtures(\"driver\")\n    def test_login_correct_username_correct_password(driver):\n        \"\"\"Test login with correct username and correct password.\"\"\"\n        driver.get(config[\"base_url\"])\n        username = config[\"username\"]\n        password = config[\"password\"]\n        login_page = LoginPage(driver)\n        login_page.clear_field(login_page.username_input)\n        time.sleep(1)\n        login_page.create_username(username)\n>       login_page.clear_field(login_page.password_input)\n\ntests\\test_login.py:67: \n_ _ _ _ _ _ _ _ _ _ _ _ _ _ _ _ _ _ _ _ _ _ _ _ _ _ _ _ _ _ _ _ _ _ _ _ _ _ _ _ _ _ _ _ _ _ _\npages\\base_page.py:126: in clear_field\n    field = self.wait.until(EC.presence_of_element_located(locator))\n            ^^^^^^^^^^^^^^^^^^^^^^^^^^^^^^^^^^^^^^^^^^^^^^^^^^^^^^^^\n_ _ _ _ _ _ _ _ _ _ _ _ _ _ _ _ _ _ _ _ _ _ _ _ _ _ _ _ _ _ _ _ _ _ _ _ _ _ _ _ _ _ _ _ _ _ _\n\nself = <selenium.webdriver.support.wait.WebDriverWait (session=\"4a6138a7d550b218602a00c26e9254dd\")>\nmethod = <function presence_of_element_located.<locals>._predicate at 0x000002253BE3EFC0>\nmessage = ''\n\n    def until(self, method: Callable[[D], Union[Literal[False], T]], message: str = \"\") -> T:\n        \"\"\"Wait until the method returns a value that is not False.\n    \n        Calls the method provided with the driver as an argument until the\n        return value does not evaluate to ``False``.\n    \n        Parameters:\n        -----------\n        method: callable(WebDriver)\n            - A callable object that takes a WebDriver instance as an argument.\n    \n        message: str\n            - Optional message for :exc:`TimeoutException`\n    \n        Return:\n        -------\n        object: T\n            - The result of the last call to `method`\n    \n        Raises:\n        -------\n        TimeoutException\n            - If 'method' does not return a truthy value within the WebDriverWait\n            object's timeout\n    \n        Example:\n        --------\n        >>> from selenium.webdriver.common.by import By\n        >>> from selenium.webdriver.support.ui import WebDriverWait\n        >>> from selenium.webdriver.support import expected_conditions as EC\n    \n        # Wait until an element is visible on the page\n        >>> wait = WebDriverWait(driver, 10)\n        >>> element = wait.until(EC.visibility_of_element_located((By.ID, \"exampleId\")))\n        >>> print(element.text)\n        \"\"\"\n        screen = None\n        stacktrace = None\n    \n        end_time = time.monotonic() + self._timeout\n        while True:\n            try:\n                value = method(self._driver)\n                if value:\n                    return value\n            except self._ignored_exceptions as exc:\n                screen = getattr(exc, \"screen\", None)\n                stacktrace = getattr(exc, \"stacktrace\", None)\n            if time.monotonic() > end_time:\n                break\n            time.sleep(self._poll)\n>       raise TimeoutException(message, screen, stacktrace)\nE       selenium.common.exceptions.TimeoutException: Message: \nE       Stacktrace:\nE       \tGetHandleVerifier [0x0xa0fe83+66515]\nE       \tGetHandleVerifier [0x0xa0fec4+66580]\nE       \t(No symbol) [0x0x7fdc48]\nE       \t(No symbol) [0x0x848704]\nE       \t(No symbol) [0x0x848aab]\nE       \t(No symbol) [0x0x88f482]\nE       \t(No symbol) [0x0x86b214]\nE       \t(No symbol) [0x0x88cba7]\nE       \t(No symbol) [0x0x86afc6]\nE       \t(No symbol) [0x0x83c2ca]\nE       \t(No symbol) [0x0x83d154]\nE       \tGetHandleVerifier [0x0xc673b3+2521347]\nE       \tGetHandleVerifier [0x0xc62333+2500739]\nE       \tGetHandleVerifier [0x0xa37cd4+229924]\nE       \tGetHandleVerifier [0x0xa28238+165768]\nE       \tGetHandleVerifier [0x0xa2eced+193085]\nE       \tGetHandleVerifier [0x0xa18198+100072]\nE       \tGetHandleVerifier [0x0xa18330+100480]\nE       \tGetHandleVerifier [0x0xa025ea+11066]\nE       \tBaseThreadInitThunk [0x0x75e7fcc9+25]\nE       \tRtlGetAppContainerNamedObjectPath [0x0x77b082ae+286]\nE       \tRtlGetAppContainerNamedObjectPath [0x0x77b0827e+238]\n\nvenv\\Lib\\site-packages\\selenium\\webdriver\\support\\wait.py:138: TimeoutException"}, "description": "Test login with correct username and correct password.", "attachments": [{"name": "stdout", "source": "312ec5a3-8373-4f36-b1d7-6934f8a103fa-attachment.txt", "type": "text/plain"}], "start": 1760511760686, "stop": 1760511788878, "uuid": "596412ac-f2ab-4888-900b-501bf248f471", "historyId": "73be65653c7801c1b3e9ad3c4844d02f", "testCaseId": "73be65653c7801c1b3e9ad3c4844d02f", "fullName": "tests.test_login#test_login_correct_username_correct_password", "labels": [{"name": "parentSuite", "value": "tests"}, {"name": "suite", "value": "test_login"}, {"name": "host", "value": "OTSI-Lap80"}, {"name": "thread", "value": "94728-MainThread"}, {"name": "framework", "value": "pytest"}, {"name": "language", "value": "cpython3"}, {"name": "package", "value": "tests.test_login"}]}