{"name": "test_onboard_child_athlete_with_unique_mail_and_mobile_and_parent_unique_details", "status": "broken", "statusDetails": {"message": "selenium.common.exceptions.TimeoutException: Message: \nStacktrace:\n\tGetHandleVerifier [0x0x10ffea3+66515]\n\tGetHandleVerifier [0x0x10ffee4+66580]\n\t(No symbol) [0x0xeedc48]\n\t(No symbol) [0x0xf38704]\n\t(No symbol) [0x0xf38aab]\n\t(No symbol) [0x0xf7f482]\n\t(No symbol) [0x0xf5b214]\n\t(No symbol) [0x0xf7cba7]\n\t(No symbol) [0x0xf5afc6]\n\t(No symbol) [0x0xf2c2ca]\n\t(No symbol) [0x0xf2d154]\n\tGetHandleVerifier [0x0x13573d3+2521347]\n\tGetHandleVerifier [0x0x1352353+2500739]\n\tGetHandleVerifier [0x0x1127cf4+229924]\n\tGetHandleVerifier [0x0x1118258+165768]\n\tGetHandleVerifier [0x0x111ed0d+193085]\n\tGetHandleVerifier [0x0x11081b8+100072]\n\tGetHandleVerifier [0x0x1108350+100480]\n\tGetHandleVerifier [0x0x10f260a+11066]\n\tBaseThreadInitThunk [0x0x7641fcc9+25]\n\tRtlGetAppContainerNamedObjectPath [0x0x770f82ae+286]\n\tRtlGetAppContainerNamedObjectPath [0x0x770f827e+238]", "trace": "driver = <selenium.webdriver.chrome.webdriver.WebDriver (session=\"a531d2165d9b22c02ad4aa7be9f8bbbd\")>\n\n    @pytest.mark.usefixtures(\"driver\")\n    def test_onboard_child_athlete_with_unique_mail_and_mobile_and_parent_unique_details(driver):\n        page = AthletesPage(driver)\n        unique_email = f\"nvamshi2225+{int(time.time())}@gmail.com\"\n        unique_mobile = f\"9{random.randint(100000000, 999999999)}\"\n        parent_first_name = \"ParentFirst\"\n        parent_last_name = \"ParentLast\"\n        parent_dob = athlete[\"parent_year\"]\n    \n        # Store parent details for use in next test\n        global parent_email_5_1, parent_mobile_5_1, parent_first_name_5_1, parent_last_name_5_1, parent_dob_5_1\n        parent_email_5_1 = unique_email\n        parent_mobile_5_1 = unique_mobile\n        parent_first_name_5_1 = parent_first_name\n        parent_last_name_5_1 = parent_last_name\n        parent_dob_5_1 = parent_dob\n    \n>       page.click_actions_dropdown()\n\ntests\\test_athletes.py:353: \n_ _ _ _ _ _ _ _ _ _ _ _ _ _ _ _ _ _ _ _ _ _ _ _ _ _ _ _ _ _ _ _ _ _ _ _ _ _ _ _ _ _ _ _ _ _ _ _ _ _ _ _ _ _ _ _ _ _ _\npages\\athletes_page.py:50: in click_actions_dropdown\n    self.wait.until(EC.element_to_be_clickable(self.Actions_dropdown)).click()\n    ^^^^^^^^^^^^^^^^^^^^^^^^^^^^^^^^^^^^^^^^^^^^^^^^^^^^^^^^^^^^^^^^^^\n_ _ _ _ _ _ _ _ _ _ _ _ _ _ _ _ _ _ _ _ _ _ _ _ _ _ _ _ _ _ _ _ _ _ _ _ _ _ _ _ _ _ _ _ _ _ _ _ _ _ _ _ _ _ _ _ _ _ _\n\nself = <selenium.webdriver.support.wait.WebDriverWait (session=\"a531d2165d9b22c02ad4aa7be9f8bbbd\")>\nmethod = <function element_to_be_clickable.<locals>._predicate at 0x0000022E9AED6200>, message = ''\n\n    def until(self, method: Callable[[D], Union[Literal[False], T]], message: str = \"\") -> T:\n        \"\"\"Wait until the method returns a value that is not False.\n    \n        Calls the method provided with the driver as an argument until the\n        return value does not evaluate to ``False``.\n    \n        Parameters:\n        -----------\n        method: callable(WebDriver)\n            - A callable object that takes a WebDriver instance as an argument.\n    \n        message: str\n            - Optional message for :exc:`TimeoutException`\n    \n        Return:\n        -------\n        object: T\n            - The result of the last call to `method`\n    \n        Raises:\n        -------\n        TimeoutException\n            - If 'method' does not return a truthy value within the WebDriverWait\n            object's timeout\n    \n        Example:\n        --------\n        >>> from selenium.webdriver.common.by import By\n        >>> from selenium.webdriver.support.ui import WebDriverWait\n        >>> from selenium.webdriver.support import expected_conditions as EC\n    \n        # Wait until an element is visible on the page\n        >>> wait = WebDriverWait(driver, 10)\n        >>> element = wait.until(EC.visibility_of_element_located((By.ID, \"exampleId\")))\n        >>> print(element.text)\n        \"\"\"\n        screen = None\n        stacktrace = None\n    \n        end_time = time.monotonic() + self._timeout\n        while True:\n            try:\n                value = method(self._driver)\n                if value:\n                    return value\n            except self._ignored_exceptions as exc:\n                screen = getattr(exc, \"screen\", None)\n                stacktrace = getattr(exc, \"stacktrace\", None)\n            if time.monotonic() > end_time:\n                break\n            time.sleep(self._poll)\n>       raise TimeoutException(message, screen, stacktrace)\nE       selenium.common.exceptions.TimeoutException: Message: \nE       Stacktrace:\nE       \tGetHandleVerifier [0x0x10ffea3+66515]\nE       \tGetHandleVerifier [0x0x10ffee4+66580]\nE       \t(No symbol) [0x0xeedc48]\nE       \t(No symbol) [0x0xf38704]\nE       \t(No symbol) [0x0xf38aab]\nE       \t(No symbol) [0x0xf7f482]\nE       \t(No symbol) [0x0xf5b214]\nE       \t(No symbol) [0x0xf7cba7]\nE       \t(No symbol) [0x0xf5afc6]\nE       \t(No symbol) [0x0xf2c2ca]\nE       \t(No symbol) [0x0xf2d154]\nE       \tGetHandleVerifier [0x0x13573d3+2521347]\nE       \tGetHandleVerifier [0x0x1352353+2500739]\nE       \tGetHandleVerifier [0x0x1127cf4+229924]\nE       \tGetHandleVerifier [0x0x1118258+165768]\nE       \tGetHandleVerifier [0x0x111ed0d+193085]\nE       \tGetHandleVerifier [0x0x11081b8+100072]\nE       \tGetHandleVerifier [0x0x1108350+100480]\nE       \tGetHandleVerifier [0x0x10f260a+11066]\nE       \tBaseThreadInitThunk [0x0x7641fcc9+25]\nE       \tRtlGetAppContainerNamedObjectPath [0x0x770f82ae+286]\nE       \tRtlGetAppContainerNamedObjectPath [0x0x770f827e+238]\n\nvenv\\Lib\\site-packages\\selenium\\webdriver\\support\\wait.py:138: TimeoutException"}, "start": 1760433597039, "stop": 1760433607095, "uuid": "1a55c74d-39d6-47fb-8525-434e1e84bd12", "historyId": "29e7c25bc1d7223a246c7084b890b07c", "testCaseId": "29e7c25bc1d7223a246c7084b890b07c", "fullName": "tests.test_athletes#test_onboard_child_athlete_with_unique_mail_and_mobile_and_parent_unique_details", "labels": [{"name": "parentSuite", "value": "tests"}, {"name": "suite", "value": "test_athletes"}, {"name": "host", "value": "OTSI-Lap80"}, {"name": "thread", "value": "41568-MainThread"}, {"name": "framework", "value": "pytest"}, {"name": "language", "value": "cpython3"}, {"name": "package", "value": "tests.test_athletes"}]}