{"name": "test_onboard_child_athlete_with_unique_mail_and_mobile_and_parent_unique_details", "status": "broken", "statusDetails": {"message": "selenium.common.exceptions.TimeoutException: Message: \nStacktrace:\n\tGetHandleVerifier [0x0x50fea3+66515]\n\tGetHandleVerifier [0x0x50fee4+66580]\n\t(No symbol) [0x0x2fdc48]\n\t(No symbol) [0x0x348704]\n\t(No symbol) [0x0x348aab]\n\t(No symbol) [0x0x38f482]\n\t(No symbol) [0x0x36b214]\n\t(No symbol) [0x0x38cba7]\n\t(No symbol) [0x0x36afc6]\n\t(No symbol) [0x0x33c2ca]\n\t(No symbol) [0x0x33d154]\n\tGetHandleVerifier [0x0x7673d3+2521347]\n\tGetHandleVerifier [0x0x762353+2500739]\n\tGetHandleVerifier [0x0x537cf4+229924]\n\tGetHandleVerifier [0x0x528258+165768]\n\tGetHandleVerifier [0x0x52ed0d+193085]\n\tGetHandleVerifier [0x0x5181b8+100072]\n\tGetHandleVerifier [0x0x518350+100480]\n\tGetHandleVerifier [0x0x50260a+11066]\n\tBaseThreadInitThunk [0x0x7641fcc9+25]\n\tRtlGetAppContainerNamedObjectPath [0x0x770f82ae+286]\n\tRtlGetAppContainerNamedObjectPath [0x0x770f827e+238]", "trace": "driver = <selenium.webdriver.chrome.webdriver.WebDriver (session=\"32edb71b81dd4a5777bcc10ac3da1a89\")>\n\n    @pytest.mark.usefixtures(\"driver\")\n    def test_onboard_child_athlete_with_unique_mail_and_mobile_and_parent_unique_details(driver):\n        page = AthletesPage(driver)\n        unique_email = f\"nvamshi2225{int(time.time())}@gmail.com\"\n        unique_mobile = f\"9{random.randint(100000000, 999999999)}\"\n        parent_first_name = \"ParentFirst\"\n        parent_last_name = \"ParentLast\"\n        parent_dob = athlete[\"parent_year\"]\n    \n        # Store parent details for use in next test\n        global parent_email_5_1, parent_mobile_5_1, parent_first_name_5_1, parent_last_name_5_1, parent_dob_5_1\n        parent_email_5_1 = unique_email\n        parent_mobile_5_1 = unique_mobile\n        parent_first_name_5_1 = parent_first_name\n        parent_last_name_5_1 = parent_last_name\n        parent_dob_5_1 = parent_dob\n    \n        page.click_actions_dropdown()\n        page.click_athlete_onboard()\n        page.create_first_name(\"Child\")\n        page.create_last_name(\"Child\")\n        page.click_and_select_dob(athlete[\"child_year\"])\n        page.click_and_select_gender()\n        page.create_email(unique_email)\n        page.create_mobile(unique_mobile)\n        page.create_parent_email(unique_email)\n        time.sleep(1)\n        page.create_parent_first_name(parent_first_name)\n        page.create_parent_last_name(parent_last_name)\n        page.click_and_select_parent__dob(parent_dob)\n        page.click_and_select_gender()\n        page.create_parent_mobile(unique_mobile)\n        page.click_create_button()\n        page.toast_message(\"Successful\")\n>       page.click_cancel_button()\n\ntests\\test_athletes.py:370: \n_ _ _ _ _ _ _ _ _ _ _ _ _ _ _ _ _ _ _ _ _ _ _ _ _ _ _ _ _ _ _ _ _ _ _ _ _ _ _ _ _ _ _ _ _ _ _ _ _ _ _ _ _ _ _ _ _ _ _\npages\\athletes_page.py:128: in click_cancel_button\n    self.wait.until(EC.element_to_be_clickable(self.cancel_button)).click()\n    ^^^^^^^^^^^^^^^^^^^^^^^^^^^^^^^^^^^^^^^^^^^^^^^^^^^^^^^^^^^^^^^\n_ _ _ _ _ _ _ _ _ _ _ _ _ _ _ _ _ _ _ _ _ _ _ _ _ _ _ _ _ _ _ _ _ _ _ _ _ _ _ _ _ _ _ _ _ _ _ _ _ _ _ _ _ _ _ _ _ _ _\n\nself = <selenium.webdriver.support.wait.WebDriverWait (session=\"32edb71b81dd4a5777bcc10ac3da1a89\")>\nmethod = <function element_to_be_clickable.<locals>._predicate at 0x0000021F291E5260>, message = ''\n\n    def until(self, method: Callable[[D], Union[Literal[False], T]], message: str = \"\") -> T:\n        \"\"\"Wait until the method returns a value that is not False.\n    \n        Calls the method provided with the driver as an argument until the\n        return value does not evaluate to ``False``.\n    \n        Parameters:\n        -----------\n        method: callable(WebDriver)\n            - A callable object that takes a WebDriver instance as an argument.\n    \n        message: str\n            - Optional message for :exc:`TimeoutException`\n    \n        Return:\n        -------\n        object: T\n            - The result of the last call to `method`\n    \n        Raises:\n        -------\n        TimeoutException\n            - If 'method' does not return a truthy value within the WebDriverWait\n            object's timeout\n    \n        Example:\n        --------\n        >>> from selenium.webdriver.common.by import By\n        >>> from selenium.webdriver.support.ui import WebDriverWait\n        >>> from selenium.webdriver.support import expected_conditions as EC\n    \n        # Wait until an element is visible on the page\n        >>> wait = WebDriverWait(driver, 10)\n        >>> element = wait.until(EC.visibility_of_element_located((By.ID, \"exampleId\")))\n        >>> print(element.text)\n        \"\"\"\n        screen = None\n        stacktrace = None\n    \n        end_time = time.monotonic() + self._timeout\n        while True:\n            try:\n                value = method(self._driver)\n                if value:\n                    return value\n            except self._ignored_exceptions as exc:\n                screen = getattr(exc, \"screen\", None)\n                stacktrace = getattr(exc, \"stacktrace\", None)\n            if time.monotonic() > end_time:\n                break\n            time.sleep(self._poll)\n>       raise TimeoutException(message, screen, stacktrace)\nE       selenium.common.exceptions.TimeoutException: Message: \nE       Stacktrace:\nE       \tGetHandleVerifier [0x0x50fea3+66515]\nE       \tGetHandleVerifier [0x0x50fee4+66580]\nE       \t(No symbol) [0x0x2fdc48]\nE       \t(No symbol) [0x0x348704]\nE       \t(No symbol) [0x0x348aab]\nE       \t(No symbol) [0x0x38f482]\nE       \t(No symbol) [0x0x36b214]\nE       \t(No symbol) [0x0x38cba7]\nE       \t(No symbol) [0x0x36afc6]\nE       \t(No symbol) [0x0x33c2ca]\nE       \t(No symbol) [0x0x33d154]\nE       \tGetHandleVerifier [0x0x7673d3+2521347]\nE       \tGetHandleVerifier [0x0x762353+2500739]\nE       \tGetHandleVerifier [0x0x537cf4+229924]\nE       \tGetHandleVerifier [0x0x528258+165768]\nE       \tGetHandleVerifier [0x0x52ed0d+193085]\nE       \tGetHandleVerifier [0x0x5181b8+100072]\nE       \tGetHandleVerifier [0x0x518350+100480]\nE       \tGetHandleVerifier [0x0x50260a+11066]\nE       \tBaseThreadInitThunk [0x0x7641fcc9+25]\nE       \tRtlGetAppContainerNamedObjectPath [0x0x770f82ae+286]\nE       \tRtlGetAppContainerNamedObjectPath [0x0x770f827e+238]\n\nvenv\\Lib\\site-packages\\selenium\\webdriver\\support\\wait.py:138: TimeoutException"}, "attachments": [{"name": "stdout", "source": "5fab0660-37f8-4e8e-9dc6-32eda040dec0-attachment.txt", "type": "text/plain"}], "start": 1760423094158, "stop": 1760423124845, "uuid": "bc1e8c05-a81d-4446-9238-e5a4013bb3c8", "historyId": "29e7c25bc1d7223a246c7084b890b07c", "testCaseId": "29e7c25bc1d7223a246c7084b890b07c", "fullName": "tests.test_athletes#test_onboard_child_athlete_with_unique_mail_and_mobile_and_parent_unique_details", "labels": [{"name": "parentSuite", "value": "tests"}, {"name": "suite", "value": "test_athletes"}, {"name": "host", "value": "OTSI-Lap80"}, {"name": "thread", "value": "96140-MainThread"}, {"name": "framework", "value": "pytest"}, {"name": "language", "value": "cpython3"}, {"name": "package", "value": "tests.test_athletes"}]}