{"name": "test_signup_for_academy_registration", "status": "broken", "statusDetails": {"message": "selenium.common.exceptions.TimeoutException: Message: \nStacktrace:\n\tGetHandleVerifier [0x0x107fea3+66515]\n\tGetHandleVerifier [0x0x107fee4+66580]\n\t(No symbol) [0x0xe6dc48]\n\t(No symbol) [0x0xeb8704]\n\t(No symbol) [0x0xeb8aab]\n\t(No symbol) [0x0xeff482]\n\t(No symbol) [0x0xedb214]\n\t(No symbol) [0x0xefcba7]\n\t(No symbol) [0x0xedafc6]\n\t(No symbol) [0x0xeac2ca]\n\t(No symbol) [0x0xead154]\n\tGetHandleVerifier [0x0x12d73d3+2521347]\n\tGetHandleVerifier [0x0x12d2353+2500739]\n\tGetHandleVerifier [0x0x10a7cf4+229924]\n\tGetHandleVerifier [0x0x1098258+165768]\n\tGetHandleVerifier [0x0x109ed0d+193085]\n\tGetHandleVerifier [0x0x10881b8+100072]\n\tGetHandleVerifier [0x0x1088350+100480]\n\tGetHandleVerifier [0x0x107260a+11066]\n\tBaseThreadInitThunk [0x0x75e7fcc9+25]\n\tRtlGetAppContainerNamedObjectPath [0x0x77b082ae+286]\n\tRtlGetAppContainerNamedObjectPath [0x0x77b0827e+238]", "trace": "driver = <selenium.webdriver.chrome.webdriver.WebDriver (session=\"a5666e020ef35db7fc041082dfea98df\")>\n\n    @pytest.mark.usefixtures(\"driver\")\n    def test_signup_for_academy_registration(driver):\n        driver.get(config[\"base_url\"])\n        academypage=RegisterAcademyPage(driver)\n        # Generate a unique email to avoid conflicts\n        captch_url= config[\"captch_url\"]\n        timestamp = int(time.time())\n        username = f\"qa{timestamp}@otsi.co.in\"\n        newpassword = config[\"signup\"][\"newpassword\"]\n        confirm_password = config[\"signup\"][\"confirmpassword\"]\n        # Initialize signup page and perform signup\n>       academypage.signup(username,newpassword,confirm_password,captch_url)\n\ntests\\test_academy_registration.py:25: \n_ _ _ _ _ _ _ _ _ _ _ _ _ _ _ _ _ _ _ _ _ _ _ _ _ _ _ _ _ _ _ _ _ _ _ _ _ _ _ _ _ _ _ _ _ _ _ _ _ _ _ _ _ _ _ _ _ _ _\npages\\academy_registration_page.py:38: in signup\n    self.wait.until(EC.visibility_of_element_located(self.signup_link)).click()\n    ^^^^^^^^^^^^^^^^^^^^^^^^^^^^^^^^^^^^^^^^^^^^^^^^^^^^^^^^^^^^^^^^^^^\n_ _ _ _ _ _ _ _ _ _ _ _ _ _ _ _ _ _ _ _ _ _ _ _ _ _ _ _ _ _ _ _ _ _ _ _ _ _ _ _ _ _ _ _ _ _ _ _ _ _ _ _ _ _ _ _ _ _ _\n\nself = <selenium.webdriver.support.wait.WebDriverWait (session=\"a5666e020ef35db7fc041082dfea98df\")>\nmethod = <function visibility_of_element_located.<locals>._predicate at 0x000001FF67EBFCE0>, message = ''\n\n    def until(self, method: Callable[[D], Union[Literal[False], T]], message: str = \"\") -> T:\n        \"\"\"Wait until the method returns a value that is not False.\n    \n        Calls the method provided with the driver as an argument until the\n        return value does not evaluate to ``False``.\n    \n        Parameters:\n        -----------\n        method: callable(WebDriver)\n            - A callable object that takes a WebDriver instance as an argument.\n    \n        message: str\n            - Optional message for :exc:`TimeoutException`\n    \n        Return:\n        -------\n        object: T\n            - The result of the last call to `method`\n    \n        Raises:\n        -------\n        TimeoutException\n            - If 'method' does not return a truthy value within the WebDriverWait\n            object's timeout\n    \n        Example:\n        --------\n        >>> from selenium.webdriver.common.by import By\n        >>> from selenium.webdriver.support.ui import WebDriverWait\n        >>> from selenium.webdriver.support import expected_conditions as EC\n    \n        # Wait until an element is visible on the page\n        >>> wait = WebDriverWait(driver, 10)\n        >>> element = wait.until(EC.visibility_of_element_located((By.ID, \"exampleId\")))\n        >>> print(element.text)\n        \"\"\"\n        screen = None\n        stacktrace = None\n    \n        end_time = time.monotonic() + self._timeout\n        while True:\n            try:\n                value = method(self._driver)\n                if value:\n                    return value\n            except self._ignored_exceptions as exc:\n                screen = getattr(exc, \"screen\", None)\n                stacktrace = getattr(exc, \"stacktrace\", None)\n            if time.monotonic() > end_time:\n                break\n            time.sleep(self._poll)\n>       raise TimeoutException(message, screen, stacktrace)\nE       selenium.common.exceptions.TimeoutException: Message: \nE       Stacktrace:\nE       \tGetHandleVerifier [0x0x107fea3+66515]\nE       \tGetHandleVerifier [0x0x107fee4+66580]\nE       \t(No symbol) [0x0xe6dc48]\nE       \t(No symbol) [0x0xeb8704]\nE       \t(No symbol) [0x0xeb8aab]\nE       \t(No symbol) [0x0xeff482]\nE       \t(No symbol) [0x0xedb214]\nE       \t(No symbol) [0x0xefcba7]\nE       \t(No symbol) [0x0xedafc6]\nE       \t(No symbol) [0x0xeac2ca]\nE       \t(No symbol) [0x0xead154]\nE       \tGetHandleVerifier [0x0x12d73d3+2521347]\nE       \tGetHandleVerifier [0x0x12d2353+2500739]\nE       \tGetHandleVerifier [0x0x10a7cf4+229924]\nE       \tGetHandleVerifier [0x0x1098258+165768]\nE       \tGetHandleVerifier [0x0x109ed0d+193085]\nE       \tGetHandleVerifier [0x0x10881b8+100072]\nE       \tGetHandleVerifier [0x0x1088350+100480]\nE       \tGetHandleVerifier [0x0x107260a+11066]\nE       \tBaseThreadInitThunk [0x0x75e7fcc9+25]\nE       \tRtlGetAppContainerNamedObjectPath [0x0x77b082ae+286]\nE       \tRtlGetAppContainerNamedObjectPath [0x0x77b0827e+238]\n\nvenv\\Lib\\site-packages\\selenium\\webdriver\\support\\wait.py:138: TimeoutException"}, "start": 1760461216162, "stop": 1760461250297, "uuid": "6e0be836-fc2d-41fd-9e95-944c5e2e370e", "historyId": "c68b80f0542f25c67bbd83cbccf88db5", "testCaseId": "c68b80f0542f25c67bbd83cbccf88db5", "fullName": "tests.test_academy_registration#test_signup_for_academy_registration", "labels": [{"name": "parentSuite", "value": "tests"}, {"name": "suite", "value": "test_academy_registration"}, {"name": "host", "value": "OTSI-Lap80"}, {"name": "thread", "value": "70216-MainThread"}, {"name": "framework", "value": "pytest"}, {"name": "language", "value": "cpython3"}, {"name": "package", "value": "tests.test_academy_registration"}]}