{"name": "test_dob_field_with_age_less_than_5_validation", "status": "broken", "statusDetails": {"message": "selenium.common.exceptions.ElementClickInterceptedException: Message: element click intercepted: Element <button data-slot=\"dropdown-menu-trigger\" class=\"inline-flex items-center justify-center gap-2 whitespace-nowrap text-sm font-medium transition-all disabled:pointer-events-none disabled:opacity-50 [&amp;_svg]:pointer-events-none [&amp;_svg:not([class*='size-'])]:size-4 shrink-0 [&amp;_svg]:shrink-0 outline-none focus-visible:border-ring focus-visible:ring-[1px] aria-invalid:ring-destructive/20 dark:aria-invalid:ring-destructive/40 aria-invalid:border-destructive hover:ring border border-primary text-primary hover:bg-primary hover:text-white h-9 px-2 py-2 has-[&gt;svg]:px-3 cursor-pointer md:px-3\" type=\"button\" id=\"radix-_r_2i_\" aria-haspopup=\"menu\" aria-expanded=\"false\" data-state=\"closed\">...</button> is not clickable at point (1439, 164). Other element would receive the click: <input data-slot=\"form-control\" class=\"file:text-foreground placeholder:text-xs placeholder:text-muted-foreground selection:bg-primary selection:text-primary-foreground border-input flex h-9 w-full min-w-0 rounded-md border bg-white px-3 py-1 text-base shadow-xs outline-none file:inline-flex file:h-7 file:border-0 file:bg-transparent file:text-sm file:font-medium disabled:pointer-events-none disabled:cursor-not-allowed disabled:opacity-50 md:text-sm focus-visible:border-ring focus-visible:ring-ring/50 focus-visible:ring aria-invalid:ring-destructive/20 aria-invalid:border-destructive transition-colors duration-200 data-[is-valid=true]:border-green-900\" placeholder=\"Enter Athletes last name\" id=\"_r_6k_-form-item\" aria-describedby=\"_r_6k_-form-item-description\" aria-invalid=\"false\" autocomplete=\"off\" spellcheck=\"true\" value=\"\" name=\"athlete_lastname\">\n  (Session info: chrome=141.0.7390.55)\nStacktrace:\n\tGetHandleVerifier [0x0x37fea3+66515]\n\tGetHandleVerifier [0x0x37fee4+66580]\n\t(No symbol) [0x0x16dc48]\n\t(No symbol) [0x0x1bec10]\n\t(No symbol) [0x0x1bcf73]\n\t(No symbol) [0x0x1baa17]\n\t(No symbol) [0x0x1b9c8d]\n\t(No symbol) [0x0x1ae115]\n\t(No symbol) [0x0x1db1cc]\n\t(No symbol) [0x0x1adb74]\n\t(No symbol) [0x0x1db384]\n\t(No symbol) [0x0x1fcba7]\n\t(No symbol) [0x0x1dafc6]\n\t(No symbol) [0x0x1ac2ca]\n\t(No symbol) [0x0x1ad154]\n\tGetHandleVerifier [0x0x5d73d3+2521347]\n\tGetHandleVerifier [0x0x5d2353+2500739]\n\tGetHandleVerifier [0x0x3a7cf4+229924]\n\tGetHandleVerifier [0x0x398258+165768]\n\tGetHandleVerifier [0x0x39ed0d+193085]\n\tGetHandleVerifier [0x0x3881b8+100072]\n\tGetHandleVerifier [0x0x388350+100480]\n\tGetHandleVerifier [0x0x37260a+11066]\n\tBaseThreadInitThunk [0x0x7641fcc9+25]\n\tRtlGetAppContainerNamedObjectPath [0x0x770f82ae+286]\n\tRtlGetAppContainerNamedObjectPath [0x0x770f827e+238]\n\t(No symbol) [0x0]", "trace": "driver = <selenium.webdriver.chrome.webdriver.WebDriver (session=\"463178bae7e10447083a05fcec27fc1d\")>\n\n    @pytest.mark.usefixtures(\"driver\")\n    def test_dob_field_with_age_less_than_5_validation(driver):\n        page = AthletesPage(driver)\n        #age below 5 yrs\n>       page.click_actions_dropdown()\n\ntests\\test_athletes.py:248: \n_ _ _ _ _ _ _ _ _ _ _ _ _ _ _ _ _ _ _ _ _ _ _ _ _ _ _ _ _ _ _ _ _ _ _ _ _ _ _ _ _ _ _ _ _ _ _ _ _ _ _ _ _ _ _ _ _ _ _\npages\\athletes_page.py:39: in click_actions_dropdown\n    self.wait.until(EC.element_to_be_clickable(self.Actions_dropdown)).click()\nvenv\\Lib\\site-packages\\selenium\\webdriver\\remote\\webelement.py:121: in click\n    self._execute(Command.CLICK_ELEMENT)\nvenv\\Lib\\site-packages\\selenium\\webdriver\\remote\\webelement.py:574: in _execute\n    return self._parent.execute(command, params)\n           ^^^^^^^^^^^^^^^^^^^^^^^^^^^^^^^^^^^^^\nvenv\\Lib\\site-packages\\selenium\\webdriver\\remote\\webdriver.py:447: in execute\n    self.error_handler.check_response(response)\n_ _ _ _ _ _ _ _ _ _ _ _ _ _ _ _ _ _ _ _ _ _ _ _ _ _ _ _ _ _ _ _ _ _ _ _ _ _ _ _ _ _ _ _ _ _ _ _ _ _ _ _ _ _ _ _ _ _ _\n\nself = <selenium.webdriver.remote.errorhandler.ErrorHandler object at 0x000001E90866B590>\nresponse = {'status': 400, 'value': '{\"value\":{\"error\":\"element click intercepted\",\"message\":\"element click intercepted: Element ...dObjectPath [0x0x770f82ae+286]\\\\n\\\\tRtlGetAppContainerNamedObjectPath [0x0x770f827e+238]\\\\n\\\\t(No symbol) [0x0]\\\\n\"}}'}\n\n    def check_response(self, response: Dict[str, Any]) -> None:\n        \"\"\"Checks that a JSON response from the WebDriver does not have an\n        error.\n    \n        :Args:\n         - response - The JSON response from the WebDriver server as a dictionary\n           object.\n    \n        :Raises: If the response contains an error message.\n        \"\"\"\n        status = response.get(\"status\", None)\n        if not status or status == ErrorCode.SUCCESS:\n            return\n        value = None\n        message = response.get(\"message\", \"\")\n        screen: str = response.get(\"screen\", \"\")\n        stacktrace = None\n        if isinstance(status, int):\n            value_json = response.get(\"value\", None)\n            if value_json and isinstance(value_json, str):\n                import json\n    \n                try:\n                    value = json.loads(value_json)\n                    if len(value) == 1:\n                        value = value[\"value\"]\n                    status = value.get(\"error\", None)\n                    if not status:\n                        status = value.get(\"status\", ErrorCode.UNKNOWN_ERROR)\n                        message = value.get(\"value\") or value.get(\"message\")\n                        if not isinstance(message, str):\n                            value = message\n                            message = message.get(\"message\")\n                    else:\n                        message = value.get(\"message\", None)\n                except ValueError:\n                    pass\n    \n        exception_class: Type[WebDriverException]\n        e = ErrorCode()\n        error_codes = [item for item in dir(e) if not item.startswith(\"__\")]\n        for error_code in error_codes:\n            error_info = getattr(ErrorCode, error_code)\n            if isinstance(error_info, list) and status in error_info:\n                exception_class = getattr(ExceptionMapping, error_code, WebDriverException)\n                break\n        else:\n            exception_class = WebDriverException\n    \n        if not value:\n            value = response[\"value\"]\n        if isinstance(value, str):\n            raise exception_class(value)\n        if message == \"\" and \"message\" in value:\n            message = value[\"message\"]\n    \n        screen = None  # type: ignore[assignment]\n        if \"screen\" in value:\n            screen = value[\"screen\"]\n    \n        stacktrace = None\n        st_value = value.get(\"stackTrace\") or value.get(\"stacktrace\")\n        if st_value:\n            if isinstance(st_value, str):\n                stacktrace = st_value.split(\"\\n\")\n            else:\n                stacktrace = []\n                try:\n                    for frame in st_value:\n                        line = frame.get(\"lineNumber\", \"\")\n                        file = frame.get(\"fileName\", \"<anonymous>\")\n                        if line:\n                            file = f\"{file}:{line}\"\n                        meth = frame.get(\"methodName\", \"<anonymous>\")\n                        if \"className\" in frame:\n                            meth = f\"{frame['className']}.{meth}\"\n                        msg = \"    at %s (%s)\"\n                        msg = msg % (meth, file)\n                        stacktrace.append(msg)\n                except TypeError:\n                    pass\n        if exception_class == UnexpectedAlertPresentException:\n            alert_text = None\n            if \"data\" in value:\n                alert_text = value[\"data\"].get(\"text\")\n            elif \"alert\" in value:\n                alert_text = value[\"alert\"].get(\"text\")\n            raise exception_class(message, screen, stacktrace, alert_text)  # type: ignore[call-arg]  # mypy is not smart enough here\n>       raise exception_class(message, screen, stacktrace)\nE       selenium.common.exceptions.ElementClickInterceptedException: Message: element click intercepted: Element <button data-slot=\"dropdown-menu-trigger\" class=\"inline-flex items-center justify-center gap-2 whitespace-nowrap text-sm font-medium transition-all disabled:pointer-events-none disabled:opacity-50 [&amp;_svg]:pointer-events-none [&amp;_svg:not([class*='size-'])]:size-4 shrink-0 [&amp;_svg]:shrink-0 outline-none focus-visible:border-ring focus-visible:ring-[1px] aria-invalid:ring-destructive/20 dark:aria-invalid:ring-destructive/40 aria-invalid:border-destructive hover:ring border border-primary text-primary hover:bg-primary hover:text-white h-9 px-2 py-2 has-[&gt;svg]:px-3 cursor-pointer md:px-3\" type=\"button\" id=\"radix-_r_2i_\" aria-haspopup=\"menu\" aria-expanded=\"false\" data-state=\"closed\">...</button> is not clickable at point (1439, 164). Other element would receive the click: <input data-slot=\"form-control\" class=\"file:text-foreground placeholder:text-xs placeholder:text-muted-foreground selection:bg-primary selection:text-primary-foreground border-input flex h-9 w-full min-w-0 rounded-md border bg-white px-3 py-1 text-base shadow-xs outline-none file:inline-flex file:h-7 file:border-0 file:bg-transparent file:text-sm file:font-medium disabled:pointer-events-none disabled:cursor-not-allowed disabled:opacity-50 md:text-sm focus-visible:border-ring focus-visible:ring-ring/50 focus-visible:ring aria-invalid:ring-destructive/20 aria-invalid:border-destructive transition-colors duration-200 data-[is-valid=true]:border-green-900\" placeholder=\"Enter Athletes last name\" id=\"_r_6k_-form-item\" aria-describedby=\"_r_6k_-form-item-description\" aria-invalid=\"false\" autocomplete=\"off\" spellcheck=\"true\" value=\"\" name=\"athlete_lastname\">\nE         (Session info: chrome=141.0.7390.55)\nE       Stacktrace:\nE       \tGetHandleVerifier [0x0x37fea3+66515]\nE       \tGetHandleVerifier [0x0x37fee4+66580]\nE       \t(No symbol) [0x0x16dc48]\nE       \t(No symbol) [0x0x1bec10]\nE       \t(No symbol) [0x0x1bcf73]\nE       \t(No symbol) [0x0x1baa17]\nE       \t(No symbol) [0x0x1b9c8d]\nE       \t(No symbol) [0x0x1ae115]\nE       \t(No symbol) [0x0x1db1cc]\nE       \t(No symbol) [0x0x1adb74]\nE       \t(No symbol) [0x0x1db384]\nE       \t(No symbol) [0x0x1fcba7]\nE       \t(No symbol) [0x0x1dafc6]\nE       \t(No symbol) [0x0x1ac2ca]\nE       \t(No symbol) [0x0x1ad154]\nE       \tGetHandleVerifier [0x0x5d73d3+2521347]\nE       \tGetHandleVerifier [0x0x5d2353+2500739]\nE       \tGetHandleVerifier [0x0x3a7cf4+229924]\nE       \tGetHandleVerifier [0x0x398258+165768]\nE       \tGetHandleVerifier [0x0x39ed0d+193085]\nE       \tGetHandleVerifier [0x0x3881b8+100072]\nE       \tGetHandleVerifier [0x0x388350+100480]\nE       \tGetHandleVerifier [0x0x37260a+11066]\nE       \tBaseThreadInitThunk [0x0x7641fcc9+25]\nE       \tRtlGetAppContainerNamedObjectPath [0x0x770f82ae+286]\nE       \tRtlGetAppContainerNamedObjectPath [0x0x770f827e+238]\nE       \t(No symbol) [0x0]\n\nvenv\\Lib\\site-packages\\selenium\\webdriver\\remote\\errorhandler.py:232: ElementClickInterceptedException"}, "start": 1760355878697, "stop": 1760355879788, "uuid": "f0003234-45f0-4c9f-b4f1-d1557b081c3a", "historyId": "71b3ff489bfa8b3062491ab1fcf159e6", "testCaseId": "71b3ff489bfa8b3062491ab1fcf159e6", "fullName": "tests.test_athletes#test_dob_field_with_age_less_than_5_validation", "labels": [{"name": "parentSuite", "value": "tests"}, {"name": "suite", "value": "test_athletes"}, {"name": "host", "value": "OTSI-Lap80"}, {"name": "thread", "value": "98952-MainThread"}, {"name": "framework", "value": "pytest"}, {"name": "language", "value": "cpython3"}, {"name": "package", "value": "tests.test_athletes"}]}