{"name": "test_entered_athlete_details_for_name_validation", "status": "broken", "statusDetails": {"message": "selenium.common.exceptions.ElementClickInterceptedException: Message: element click intercepted: Element <button data-slot=\"sidebar-menu-button\" data-sidebar=\"menu-button\" data-size=\"sp\" data-active=\"true\" class=\"peer/menu-button flex gap-2 p-2 outline-hidden ring-sidebar-ring transition-[width,height,padding] focus-visible:ring-2 active:bg-sidebar-accent active:text-sidebar-accent-foreground disabled:pointer-events-none disabled:opacity-50 group-has-data-[sidebar=menu-action]/menu-item:pr-8 aria-disabled:pointer-events-none aria-disabled:opacity-50 data-[active=true]:text-sidebar-accent-foreground data-[state=open]:hover:bg-sidebar-accent data-[state=open]:hover:text-sidebar-accent-foreground group-data-[collapsible=icon]:size-8! group-data-[collapsible=icon]:p-2! [&amp;&gt;span:last-child]:truncate [&amp;&gt;svg]:size-4 [&amp;&gt;svg]:shrink-0 md:flex md:flex-col overflow-hidden justify-left md:justify-center items-center [&amp;_a]:flex [&amp;_a]:flex-col [&amp;_a]:items-center [&amp;_svg]:!size-5 border-b hover:bg-primary-gradient cursor-pointer data-[active=true]:bg-primary-gradient rounded-none data-[active=true]:font-normal tracking-wider -ml-[0.5px] *:uppercase font-magistral-cond font-normal text-sm md:text-tiny text-primary hover:text-primary wrap-break-word *:!whitespace-normal text-left md:text-center w-full h-12 md:h-auto md:aspect-auto md:w-22\">...</button> is not clickable at point (54, 333). Other element would receive the click: <div data-state=\"open\" data-slot=\"sheet-overlay\" class=\"data-[state=open]:animate-in data-[state=closed]:animate-out data-[state=closed]:fade-out-0 data-[state=open]:fade-in-0 fixed inset-0 z-50 bg-black/50\" data-aria-hidden=\"true\" aria-hidden=\"true\" style=\"pointer-events: auto;\"></div>\n  (Session info: chrome=141.0.7390.55)\nStacktrace:\n\tGetHandleVerifier [0x0xbbfea3+66515]\n\tGetHandleVerifier [0x0xbbfee4+66580]\n\t(No symbol) [0x0x9adc48]\n\t(No symbol) [0x0x9fec10]\n\t(No symbol) [0x0x9fcf73]\n\t(No symbol) [0x0x9faa17]\n\t(No symbol) [0x0x9f9c8d]\n\t(No symbol) [0x0x9ee115]\n\t(No symbol) [0x0xa1b1cc]\n\t(No symbol) [0x0x9edb74]\n\t(No symbol) [0x0xa1b384]\n\t(No symbol) [0x0xa3cba7]\n\t(No symbol) [0x0xa1afc6]\n\t(No symbol) [0x0x9ec2ca]\n\t(No symbol) [0x0x9ed154]\n\tGetHandleVerifier [0x0xe173d3+2521347]\n\tGetHandleVerifier [0x0xe12353+2500739]\n\tGetHandleVerifier [0x0xbe7cf4+229924]\n\tGetHandleVerifier [0x0xbd8258+165768]\n\tGetHandleVerifier [0x0xbded0d+193085]\n\tGetHandleVerifier [0x0xbc81b8+100072]\n\tGetHandleVerifier [0x0xbc8350+100480]\n\tGetHandleVerifier [0x0xbb260a+11066]\n\tBaseThreadInitThunk [0x0x7641fcc9+25]\n\tRtlGetAppContainerNamedObjectPath [0x0x770f82ae+286]\n\tRtlGetAppContainerNamedObjectPath [0x0x770f827e+238]", "trace": "driver = <selenium.webdriver.chrome.webdriver.WebDriver (session=\"fa712d5434a11ad385831e152d03e678\")>\n\n    @pytest.mark.usefixtures(\"driver\")\n    def test_entered_athlete_details_for_name_validation(driver):\n        page = AthletesPage(driver)\n>       page.click_athlete_tab()\n\ntests\\test_athletes.py:75: \n_ _ _ _ _ _ _ _ _ _ _ _ _ _ _ _ _ _ _ _ _ _ _ _ _ _ _ _ _ _ _ _ _ _ _ _ _ _ _ _ _ _ _ _ _ _ _ _ _ _ _ _ _ _ _ _ _ _ _\npages\\athletes_page.py:35: in click_athlete_tab\n    self.wait.until(EC.element_to_be_clickable(self.athletes_tab)).click()\nvenv\\Lib\\site-packages\\selenium\\webdriver\\remote\\webelement.py:121: in click\n    self._execute(Command.CLICK_ELEMENT)\nvenv\\Lib\\site-packages\\selenium\\webdriver\\remote\\webelement.py:574: in _execute\n    return self._parent.execute(command, params)\n           ^^^^^^^^^^^^^^^^^^^^^^^^^^^^^^^^^^^^^\nvenv\\Lib\\site-packages\\selenium\\webdriver\\remote\\webdriver.py:447: in execute\n    self.error_handler.check_response(response)\n_ _ _ _ _ _ _ _ _ _ _ _ _ _ _ _ _ _ _ _ _ _ _ _ _ _ _ _ _ _ _ _ _ _ _ _ _ _ _ _ _ _ _ _ _ _ _ _ _ _ _ _ _ _ _ _ _ _ _\n\nself = <selenium.webdriver.remote.errorhandler.ErrorHandler object at 0x000002016DDEB090>\nresponse = {'status': 400, 'value': '{\"value\":{\"error\":\"element click intercepted\",\"message\":\"element click intercepted: Element ...tRtlGetAppContainerNamedObjectPath [0x0x770f82ae+286]\\\\n\\\\tRtlGetAppContainerNamedObjectPath [0x0x770f827e+238]\\\\n\"}}'}\n\n    def check_response(self, response: Dict[str, Any]) -> None:\n        \"\"\"Checks that a JSON response from the WebDriver does not have an\n        error.\n    \n        :Args:\n         - response - The JSON response from the WebDriver server as a dictionary\n           object.\n    \n        :Raises: If the response contains an error message.\n        \"\"\"\n        status = response.get(\"status\", None)\n        if not status or status == ErrorCode.SUCCESS:\n            return\n        value = None\n        message = response.get(\"message\", \"\")\n        screen: str = response.get(\"screen\", \"\")\n        stacktrace = None\n        if isinstance(status, int):\n            value_json = response.get(\"value\", None)\n            if value_json and isinstance(value_json, str):\n                import json\n    \n                try:\n                    value = json.loads(value_json)\n                    if len(value) == 1:\n                        value = value[\"value\"]\n                    status = value.get(\"error\", None)\n                    if not status:\n                        status = value.get(\"status\", ErrorCode.UNKNOWN_ERROR)\n                        message = value.get(\"value\") or value.get(\"message\")\n                        if not isinstance(message, str):\n                            value = message\n                            message = message.get(\"message\")\n                    else:\n                        message = value.get(\"message\", None)\n                except ValueError:\n                    pass\n    \n        exception_class: Type[WebDriverException]\n        e = ErrorCode()\n        error_codes = [item for item in dir(e) if not item.startswith(\"__\")]\n        for error_code in error_codes:\n            error_info = getattr(ErrorCode, error_code)\n            if isinstance(error_info, list) and status in error_info:\n                exception_class = getattr(ExceptionMapping, error_code, WebDriverException)\n                break\n        else:\n            exception_class = WebDriverException\n    \n        if not value:\n            value = response[\"value\"]\n        if isinstance(value, str):\n            raise exception_class(value)\n        if message == \"\" and \"message\" in value:\n            message = value[\"message\"]\n    \n        screen = None  # type: ignore[assignment]\n        if \"screen\" in value:\n            screen = value[\"screen\"]\n    \n        stacktrace = None\n        st_value = value.get(\"stackTrace\") or value.get(\"stacktrace\")\n        if st_value:\n            if isinstance(st_value, str):\n                stacktrace = st_value.split(\"\\n\")\n            else:\n                stacktrace = []\n                try:\n                    for frame in st_value:\n                        line = frame.get(\"lineNumber\", \"\")\n                        file = frame.get(\"fileName\", \"<anonymous>\")\n                        if line:\n                            file = f\"{file}:{line}\"\n                        meth = frame.get(\"methodName\", \"<anonymous>\")\n                        if \"className\" in frame:\n                            meth = f\"{frame['className']}.{meth}\"\n                        msg = \"    at %s (%s)\"\n                        msg = msg % (meth, file)\n                        stacktrace.append(msg)\n                except TypeError:\n                    pass\n        if exception_class == UnexpectedAlertPresentException:\n            alert_text = None\n            if \"data\" in value:\n                alert_text = value[\"data\"].get(\"text\")\n            elif \"alert\" in value:\n                alert_text = value[\"alert\"].get(\"text\")\n            raise exception_class(message, screen, stacktrace, alert_text)  # type: ignore[call-arg]  # mypy is not smart enough here\n>       raise exception_class(message, screen, stacktrace)\nE       selenium.common.exceptions.ElementClickInterceptedException: Message: element click intercepted: Element <button data-slot=\"sidebar-menu-button\" data-sidebar=\"menu-button\" data-size=\"sp\" data-active=\"true\" class=\"peer/menu-button flex gap-2 p-2 outline-hidden ring-sidebar-ring transition-[width,height,padding] focus-visible:ring-2 active:bg-sidebar-accent active:text-sidebar-accent-foreground disabled:pointer-events-none disabled:opacity-50 group-has-data-[sidebar=menu-action]/menu-item:pr-8 aria-disabled:pointer-events-none aria-disabled:opacity-50 data-[active=true]:text-sidebar-accent-foreground data-[state=open]:hover:bg-sidebar-accent data-[state=open]:hover:text-sidebar-accent-foreground group-data-[collapsible=icon]:size-8! group-data-[collapsible=icon]:p-2! [&amp;&gt;span:last-child]:truncate [&amp;&gt;svg]:size-4 [&amp;&gt;svg]:shrink-0 md:flex md:flex-col overflow-hidden justify-left md:justify-center items-center [&amp;_a]:flex [&amp;_a]:flex-col [&amp;_a]:items-center [&amp;_svg]:!size-5 border-b hover:bg-primary-gradient cursor-pointer data-[active=true]:bg-primary-gradient rounded-none data-[active=true]:font-normal tracking-wider -ml-[0.5px] *:uppercase font-magistral-cond font-normal text-sm md:text-tiny text-primary hover:text-primary wrap-break-word *:!whitespace-normal text-left md:text-center w-full h-12 md:h-auto md:aspect-auto md:w-22\">...</button> is not clickable at point (54, 333). Other element would receive the click: <div data-state=\"open\" data-slot=\"sheet-overlay\" class=\"data-[state=open]:animate-in data-[state=closed]:animate-out data-[state=closed]:fade-out-0 data-[state=open]:fade-in-0 fixed inset-0 z-50 bg-black/50\" data-aria-hidden=\"true\" aria-hidden=\"true\" style=\"pointer-events: auto;\"></div>\nE         (Session info: chrome=141.0.7390.55)\nE       Stacktrace:\nE       \tGetHandleVerifier [0x0xbbfea3+66515]\nE       \tGetHandleVerifier [0x0xbbfee4+66580]\nE       \t(No symbol) [0x0x9adc48]\nE       \t(No symbol) [0x0x9fec10]\nE       \t(No symbol) [0x0x9fcf73]\nE       \t(No symbol) [0x0x9faa17]\nE       \t(No symbol) [0x0x9f9c8d]\nE       \t(No symbol) [0x0x9ee115]\nE       \t(No symbol) [0x0xa1b1cc]\nE       \t(No symbol) [0x0x9edb74]\nE       \t(No symbol) [0x0xa1b384]\nE       \t(No symbol) [0x0xa3cba7]\nE       \t(No symbol) [0x0xa1afc6]\nE       \t(No symbol) [0x0x9ec2ca]\nE       \t(No symbol) [0x0x9ed154]\nE       \tGetHandleVerifier [0x0xe173d3+2521347]\nE       \tGetHandleVerifier [0x0xe12353+2500739]\nE       \tGetHandleVerifier [0x0xbe7cf4+229924]\nE       \tGetHandleVerifier [0x0xbd8258+165768]\nE       \tGetHandleVerifier [0x0xbded0d+193085]\nE       \tGetHandleVerifier [0x0xbc81b8+100072]\nE       \tGetHandleVerifier [0x0xbc8350+100480]\nE       \tGetHandleVerifier [0x0xbb260a+11066]\nE       \tBaseThreadInitThunk [0x0x7641fcc9+25]\nE       \tRtlGetAppContainerNamedObjectPath [0x0x770f82ae+286]\nE       \tRtlGetAppContainerNamedObjectPath [0x0x770f827e+238]\n\nvenv\\Lib\\site-packages\\selenium\\webdriver\\remote\\errorhandler.py:232: ElementClickInterceptedException"}, "start": 1760341216768, "stop": 1760341217914, "uuid": "331a9a7d-92fd-407d-ba60-f49878f9d54f", "historyId": "d37304c00c7339e5feeca81c43eef70e", "testCaseId": "d37304c00c7339e5feeca81c43eef70e", "fullName": "tests.test_athletes#test_entered_athlete_details_for_name_validation", "labels": [{"name": "parentSuite", "value": "tests"}, {"name": "suite", "value": "test_athletes"}, {"name": "host", "value": "OTSI-Lap80"}, {"name": "thread", "value": "15284-MainThread"}, {"name": "framework", "value": "pytest"}, {"name": "language", "value": "cpython3"}, {"name": "package", "value": "tests.test_athletes"}]}