{"name": "test_logo_upload_image_greater_than_5mb_validations", "status": "broken", "statusDetails": {"message": "selenium.common.exceptions.NoSuchElementException: Message: no such element: Unable to locate element: {\"method\":\"css selector\",\"selector\":\"[name=\"logo\"]\"}\n  (Session info: chrome=141.0.7390.77); For documentation on this error, please visit: https://www.selenium.dev/documentation/webdriver/troubleshooting/errors#no-such-element-exception\nStacktrace:\n\tGetHandleVerifier [0x0x107fea3+66515]\n\tGetHandleVerifier [0x0x107fee4+66580]\n\t(No symbol) [0x0xe6dc48]\n\t(No symbol) [0x0xeb8704]\n\t(No symbol) [0x0xeb8aab]\n\t(No symbol) [0x0xeff482]\n\t(No symbol) [0x0xedb214]\n\t(No symbol) [0x0xefcba7]\n\t(No symbol) [0x0xedafc6]\n\t(No symbol) [0x0xeac2ca]\n\t(No symbol) [0x0xead154]\n\tGetHandleVerifier [0x0x12d73d3+2521347]\n\tGetHandleVerifier [0x0x12d2353+2500739]\n\tGetHandleVerifier [0x0x10a7cf4+229924]\n\tGetHandleVerifier [0x0x1098258+165768]\n\tGetHandleVerifier [0x0x109ed0d+193085]\n\tGetHandleVerifier [0x0x10881b8+100072]\n\tGetHandleVerifier [0x0x1088350+100480]\n\tGetHandleVerifier [0x0x107260a+11066]\n\tBaseThreadInitThunk [0x0x75e7fcc9+25]\n\tRtlGetAppContainerNamedObjectPath [0x0x77b082ae+286]\n\tRtlGetAppContainerNamedObjectPath [0x0x77b0827e+238]", "trace": "driver = <selenium.webdriver.chrome.webdriver.WebDriver (session=\"fd5c9f3b38c2897820426f7c6a4780ad\")>\n\n    @pytest.mark.usefixtures(\"driver\")\n    def test_logo_upload_image_greater_than_5mb_validations(driver):\n            academypage = RegisterAcademyPage(driver)\n            time.sleep(1)\n            #trying to upload more than 5 mb\n>           academypage.upload_logo(\"C:/Users/vamshi.namile/Desktop/Test data Upload/File size greater 5/largefile.gif\")  # File larger than 5MB\n            ^^^^^^^^^^^^^^^^^^^^^^^^^^^^^^^^^^^^^^^^^^^^^^^^^^^^^^^^^^^^^^^^^^^^^^^^^^^^^^^^^^^^^^^^^^^^^^^^^^^^^^^^^^^^\n\ntests\\test_academy_registration.py:123: \n_ _ _ _ _ _ _ _ _ _ _ _ _ _ _ _ _ _ _ _ _ _ _ _ _ _ _ _ _ _ _ _ _ _ _ _ _ _ _ _ _ _ _ _ _ _ _\npages\\academy_registration_page.py:208: in upload_logo\n    upload_logo_input = self.driver.find_element(*self.logo_upload)\n                        ^^^^^^^^^^^^^^^^^^^^^^^^^^^^^^^^^^^^^^^^^^^\nvenv\\Lib\\site-packages\\selenium\\webdriver\\remote\\webdriver.py:914: in find_element\n    return self.execute(Command.FIND_ELEMENT, {\"using\": by, \"value\": value})[\"value\"]\n           ^^^^^^^^^^^^^^^^^^^^^^^^^^^^^^^^^^^^^^^^^^^^^^^^^^^^^^^^^^^^^^^^^\nvenv\\Lib\\site-packages\\selenium\\webdriver\\remote\\webdriver.py:447: in execute\n    self.error_handler.check_response(response)\n_ _ _ _ _ _ _ _ _ _ _ _ _ _ _ _ _ _ _ _ _ _ _ _ _ _ _ _ _ _ _ _ _ _ _ _ _ _ _ _ _ _ _ _ _ _ _\n\nself = <selenium.webdriver.remote.errorhandler.ErrorHandler object at 0x000001A55F89E650>\nresponse = {'status': 404, 'value': '{\"value\":{\"error\":\"no such element\",\"message\":\"no such element: Unable to locate element: {\\...tRtlGetAppContainerNamedObjectPath [0x0x77b082ae+286]\\\\n\\\\tRtlGetAppContainerNamedObjectPath [0x0x77b0827e+238]\\\\n\"}}'}\n\n    def check_response(self, response: Dict[str, Any]) -> None:\n        \"\"\"Checks that a JSON response from the WebDriver does not have an\n        error.\n    \n        :Args:\n         - response - The JSON response from the WebDriver server as a dictionary\n           object.\n    \n        :Raises: If the response contains an error message.\n        \"\"\"\n        status = response.get(\"status\", None)\n        if not status or status == ErrorCode.SUCCESS:\n            return\n        value = None\n        message = response.get(\"message\", \"\")\n        screen: str = response.get(\"screen\", \"\")\n        stacktrace = None\n        if isinstance(status, int):\n            value_json = response.get(\"value\", None)\n            if value_json and isinstance(value_json, str):\n                import json\n    \n                try:\n                    value = json.loads(value_json)\n                    if len(value) == 1:\n                        value = value[\"value\"]\n                    status = value.get(\"error\", None)\n                    if not status:\n                        status = value.get(\"status\", ErrorCode.UNKNOWN_ERROR)\n                        message = value.get(\"value\") or value.get(\"message\")\n                        if not isinstance(message, str):\n                            value = message\n                            message = message.get(\"message\")\n                    else:\n                        message = value.get(\"message\", None)\n                except ValueError:\n                    pass\n    \n        exception_class: Type[WebDriverException]\n        e = ErrorCode()\n        error_codes = [item for item in dir(e) if not item.startswith(\"__\")]\n        for error_code in error_codes:\n            error_info = getattr(ErrorCode, error_code)\n            if isinstance(error_info, list) and status in error_info:\n                exception_class = getattr(ExceptionMapping, error_code, WebDriverException)\n                break\n        else:\n            exception_class = WebDriverException\n    \n        if not value:\n            value = response[\"value\"]\n        if isinstance(value, str):\n            raise exception_class(value)\n        if message == \"\" and \"message\" in value:\n            message = value[\"message\"]\n    \n        screen = None  # type: ignore[assignment]\n        if \"screen\" in value:\n            screen = value[\"screen\"]\n    \n        stacktrace = None\n        st_value = value.get(\"stackTrace\") or value.get(\"stacktrace\")\n        if st_value:\n            if isinstance(st_value, str):\n                stacktrace = st_value.split(\"\\n\")\n            else:\n                stacktrace = []\n                try:\n                    for frame in st_value:\n                        line = frame.get(\"lineNumber\", \"\")\n                        file = frame.get(\"fileName\", \"<anonymous>\")\n                        if line:\n                            file = f\"{file}:{line}\"\n                        meth = frame.get(\"methodName\", \"<anonymous>\")\n                        if \"className\" in frame:\n                            meth = f\"{frame['className']}.{meth}\"\n                        msg = \"    at %s (%s)\"\n                        msg = msg % (meth, file)\n                        stacktrace.append(msg)\n                except TypeError:\n                    pass\n        if exception_class == UnexpectedAlertPresentException:\n            alert_text = None\n            if \"data\" in value:\n                alert_text = value[\"data\"].get(\"text\")\n            elif \"alert\" in value:\n                alert_text = value[\"alert\"].get(\"text\")\n            raise exception_class(message, screen, stacktrace, alert_text)  # type: ignore[call-arg]  # mypy is not smart enough here\n>       raise exception_class(message, screen, stacktrace)\nE       selenium.common.exceptions.NoSuchElementException: Message: no such element: Unable to locate element: {\"method\":\"css selector\",\"selector\":\"[name=\"logo\"]\"}\nE         (Session info: chrome=141.0.7390.77); For documentation on this error, please visit: https://www.selenium.dev/documentation/webdriver/troubleshooting/errors#no-such-element-exception\nE       Stacktrace:\nE       \tGetHandleVerifier [0x0x107fea3+66515]\nE       \tGetHandleVerifier [0x0x107fee4+66580]\nE       \t(No symbol) [0x0xe6dc48]\nE       \t(No symbol) [0x0xeb8704]\nE       \t(No symbol) [0x0xeb8aab]\nE       \t(No symbol) [0x0xeff482]\nE       \t(No symbol) [0x0xedb214]\nE       \t(No symbol) [0x0xefcba7]\nE       \t(No symbol) [0x0xedafc6]\nE       \t(No symbol) [0x0xeac2ca]\nE       \t(No symbol) [0x0xead154]\nE       \tGetHandleVerifier [0x0x12d73d3+2521347]\nE       \tGetHandleVerifier [0x0x12d2353+2500739]\nE       \tGetHandleVerifier [0x0x10a7cf4+229924]\nE       \tGetHandleVerifier [0x0x1098258+165768]\nE       \tGetHandleVerifier [0x0x109ed0d+193085]\nE       \tGetHandleVerifier [0x0x10881b8+100072]\nE       \tGetHandleVerifier [0x0x1088350+100480]\nE       \tGetHandleVerifier [0x0x107260a+11066]\nE       \tBaseThreadInitThunk [0x0x75e7fcc9+25]\nE       \tRtlGetAppContainerNamedObjectPath [0x0x77b082ae+286]\nE       \tRtlGetAppContainerNamedObjectPath [0x0x77b0827e+238]\n\nvenv\\Lib\\site-packages\\selenium\\webdriver\\remote\\errorhandler.py:232: NoSuchElementException"}, "start": 1760460969150, "stop": 1760460980196, "uuid": "363f5116-0b26-4479-9a70-9655dddae1b3", "historyId": "cc80cd50758b11d5492679d94a635935", "testCaseId": "cc80cd50758b11d5492679d94a635935", "fullName": "tests.test_academy_registration#test_logo_upload_image_greater_than_5mb_validations", "labels": [{"name": "parentSuite", "value": "tests"}, {"name": "suite", "value": "test_academy_registration"}, {"name": "host", "value": "OTSI-Lap80"}, {"name": "thread", "value": "72100-MainThread"}, {"name": "framework", "value": "pytest"}, {"name": "language", "value": "cpython3"}, {"name": "package", "value": "tests.test_academy_registration"}]}