{"name": "test_mobile_field_with_invalid_symbol_validations", "status": "broken", "statusDetails": {"message": "selenium.common.exceptions.TimeoutException: Message: \nStacktrace:\n\tGetHandleVerifier [0x0xa0fe83+66515]\n\tGetHandleVerifier [0x0xa0fec4+66580]\n\t(No symbol) [0x0x7fdc48]\n\t(No symbol) [0x0x848704]\n\t(No symbol) [0x0x848aab]\n\t(No symbol) [0x0x88f482]\n\t(No symbol) [0x0x86b214]\n\t(No symbol) [0x0x88cba7]\n\t(No symbol) [0x0x86afc6]\n\t(No symbol) [0x0x83c2ca]\n\t(No symbol) [0x0x83d154]\n\tGetHandleVerifier [0x0xc673b3+2521347]\n\tGetHandleVerifier [0x0xc62333+2500739]\n\tGetHandleVerifier [0x0xa37cd4+229924]\n\tGetHandleVerifier [0x0xa28238+165768]\n\tGetHandleVerifier [0x0xa2eced+193085]\n\tGetHandleVerifier [0x0xa18198+100072]\n\tGetHandleVerifier [0x0xa18330+100480]\n\tGetHandleVerifier [0x0xa025ea+11066]\n\tBaseThreadInitThunk [0x0x75e7fcc9+25]\n\tRtlGetAppContainerNamedObjectPath [0x0x77b082ae+286]\n\tRtlGetAppContainerNamedObjectPath [0x0x77b0827e+238]", "trace": "driver = <selenium.webdriver.chrome.webdriver.WebDriver (session=\"3ed10047e95e98dac2c8024d4ed23d86\")>\n\n    @pytest.mark.usefixtures(\"driver\")\n    def test_mobile_field_with_invalid_symbol_validations(driver):\n            academypage = RegisterAcademyPage(driver)\n>           academypage.clear_field(academypage.mobile_number_input)\n\ntests\\test_academy_registration.py:160: \n_ _ _ _ _ _ _ _ _ _ _ _ _ _ _ _ _ _ _ _ _ _ _ _ _ _ _ _ _ _ _ _ _ _ _ _ _ _ _ _ _ _ _ _ _ _ _ _ _ _ _ _ _ _ _ _ _ _ _\npages\\academy_registration_page.py:279: in clear_field\n    field = self.wait.until(EC.presence_of_element_located(locator))\n            ^^^^^^^^^^^^^^^^^^^^^^^^^^^^^^^^^^^^^^^^^^^^^^^^^^^^^^^^\n_ _ _ _ _ _ _ _ _ _ _ _ _ _ _ _ _ _ _ _ _ _ _ _ _ _ _ _ _ _ _ _ _ _ _ _ _ _ _ _ _ _ _ _ _ _ _ _ _ _ _ _ _ _ _ _ _ _ _\n\nself = <selenium.webdriver.support.wait.WebDriverWait (session=\"3ed10047e95e98dac2c8024d4ed23d86\")>\nmethod = <function presence_of_element_located.<locals>._predicate at 0x000001D6599187C0>, message = ''\n\n    def until(self, method: Callable[[D], Union[Literal[False], T]], message: str = \"\") -> T:\n        \"\"\"Wait until the method returns a value that is not False.\n    \n        Calls the method provided with the driver as an argument until the\n        return value does not evaluate to ``False``.\n    \n        Parameters:\n        -----------\n        method: callable(WebDriver)\n            - A callable object that takes a WebDriver instance as an argument.\n    \n        message: str\n            - Optional message for :exc:`TimeoutException`\n    \n        Return:\n        -------\n        object: T\n            - The result of the last call to `method`\n    \n        Raises:\n        -------\n        TimeoutException\n            - If 'method' does not return a truthy value within the WebDriverWait\n            object's timeout\n    \n        Example:\n        --------\n        >>> from selenium.webdriver.common.by import By\n        >>> from selenium.webdriver.support.ui import WebDriverWait\n        >>> from selenium.webdriver.support import expected_conditions as EC\n    \n        # Wait until an element is visible on the page\n        >>> wait = WebDriverWait(driver, 10)\n        >>> element = wait.until(EC.visibility_of_element_located((By.ID, \"exampleId\")))\n        >>> print(element.text)\n        \"\"\"\n        screen = None\n        stacktrace = None\n    \n        end_time = time.monotonic() + self._timeout\n        while True:\n            try:\n                value = method(self._driver)\n                if value:\n                    return value\n            except self._ignored_exceptions as exc:\n                screen = getattr(exc, \"screen\", None)\n                stacktrace = getattr(exc, \"stacktrace\", None)\n            if time.monotonic() > end_time:\n                break\n            time.sleep(self._poll)\n>       raise TimeoutException(message, screen, stacktrace)\nE       selenium.common.exceptions.TimeoutException: Message: \nE       Stacktrace:\nE       \tGetHandleVerifier [0x0xa0fe83+66515]\nE       \tGetHandleVerifier [0x0xa0fec4+66580]\nE       \t(No symbol) [0x0x7fdc48]\nE       \t(No symbol) [0x0x848704]\nE       \t(No symbol) [0x0x848aab]\nE       \t(No symbol) [0x0x88f482]\nE       \t(No symbol) [0x0x86b214]\nE       \t(No symbol) [0x0x88cba7]\nE       \t(No symbol) [0x0x86afc6]\nE       \t(No symbol) [0x0x83c2ca]\nE       \t(No symbol) [0x0x83d154]\nE       \tGetHandleVerifier [0x0xc673b3+2521347]\nE       \tGetHandleVerifier [0x0xc62333+2500739]\nE       \tGetHandleVerifier [0x0xa37cd4+229924]\nE       \tGetHandleVerifier [0x0xa28238+165768]\nE       \tGetHandleVerifier [0x0xa2eced+193085]\nE       \tGetHandleVerifier [0x0xa18198+100072]\nE       \tGetHandleVerifier [0x0xa18330+100480]\nE       \tGetHandleVerifier [0x0xa025ea+11066]\nE       \tBaseThreadInitThunk [0x0x75e7fcc9+25]\nE       \tRtlGetAppContainerNamedObjectPath [0x0x77b082ae+286]\nE       \tRtlGetAppContainerNamedObjectPath [0x0x77b0827e+238]\n\nvenv\\Lib\\site-packages\\selenium\\webdriver\\support\\wait.py:138: TimeoutException"}, "start": 1760509565185, "stop": 1760509575285, "uuid": "1733af71-6b60-44b0-9f78-bf60919e2bfb", "historyId": "644d849ca812912e80609509db6fe1cf", "testCaseId": "644d849ca812912e80609509db6fe1cf", "fullName": "tests.test_academy_registration#test_mobile_field_with_invalid_symbol_validations", "labels": [{"name": "parentSuite", "value": "tests"}, {"name": "suite", "value": "test_academy_registration"}, {"name": "host", "value": "OTSI-Lap80"}, {"name": "thread", "value": "85196-MainThread"}, {"name": "framework", "value": "pytest"}, {"name": "language", "value": "cpython3"}, {"name": "package", "value": "tests.test_academy_registration"}]}