{"name": "test_confirm_add_coach_to_batch", "status": "broken", "statusDetails": {"message": "selenium.common.exceptions.TimeoutException: Message: \nStacktrace:\n\tGetHandleVerifier [0x0xa0fe83+66515]\n\tGetHandleVerifier [0x0xa0fec4+66580]\n\t(No symbol) [0x0x7fdc48]\n\t(No symbol) [0x0x848704]\n\t(No symbol) [0x0x848aab]\n\t(No symbol) [0x0x88f482]\n\t(No symbol) [0x0x86b214]\n\t(No symbol) [0x0x88cba7]\n\t(No symbol) [0x0x86afc6]\n\t(No symbol) [0x0x83c2ca]\n\t(No symbol) [0x0x83d154]\n\tGetHandleVerifier [0x0xc673b3+2521347]\n\tGetHandleVerifier [0x0xc62333+2500739]\n\tGetHandleVerifier [0x0xa37cd4+229924]\n\tGetHandleVerifier [0x0xa28238+165768]\n\tGetHandleVerifier [0x0xa2eced+193085]\n\tGetHandleVerifier [0x0xa18198+100072]\n\tGetHandleVerifier [0x0xa18330+100480]\n\tGetHandleVerifier [0x0xa025ea+11066]\n\tBaseThreadInitThunk [0x0x75e7fcc9+25]\n\tRtlGetAppContainerNamedObjectPath [0x0x77b082ae+286]\n\tRtlGetAppContainerNamedObjectPath [0x0x77b0827e+238]", "trace": "driver = <selenium.webdriver.chrome.webdriver.WebDriver (session=\"10d255a746b6cbf20a5bce2b7415d658\")>\n\n    @pytest.mark.usefixtures(\"driver\")\n    def test_confirm_add_coach_to_batch(driver):\n        page = AssignCoachToBatchPage(driver)\n        page.click_confirm_add_coach()\n        # Step 5: Verify success message\n>       success_message = page.get_success_message_text()\n                          ^^^^^^^^^^^^^^^^^^^^^^^^^^^^^^^\n\ntests\\test_assign_coach_to_batch.py:38: \n_ _ _ _ _ _ _ _ _ _ _ _ _ _ _ _ _ _ _ _ _ _ _ _ _ _ _ _ _ _ _ _ _ _ _ _ _ _ _ _ _ _ _ _ _ _ _\npages\\assign_coach_to_batch_page.py:75: in get_success_message_text\n    msg = self.wait.until(EC.visibility_of_element_located(self.SUCCESS_MESSAGE)).text\n          ^^^^^^^^^^^^^^^^^^^^^^^^^^^^^^^^^^^^^^^^^^^^^^^^^^^^^^^^^^^^^^^^^^^^^^^\n_ _ _ _ _ _ _ _ _ _ _ _ _ _ _ _ _ _ _ _ _ _ _ _ _ _ _ _ _ _ _ _ _ _ _ _ _ _ _ _ _ _ _ _ _ _ _\n\nself = <selenium.webdriver.support.wait.WebDriverWait (session=\"10d255a746b6cbf20a5bce2b7415d658\")>\nmethod = <function visibility_of_element_located.<locals>._predicate at 0x0000022822B0E840>\nmessage = ''\n\n    def until(self, method: Callable[[D], Union[Literal[False], T]], message: str = \"\") -> T:\n        \"\"\"Wait until the method returns a value that is not False.\n    \n        Calls the method provided with the driver as an argument until the\n        return value does not evaluate to ``False``.\n    \n        Parameters:\n        -----------\n        method: callable(WebDriver)\n            - A callable object that takes a WebDriver instance as an argument.\n    \n        message: str\n            - Optional message for :exc:`TimeoutException`\n    \n        Return:\n        -------\n        object: T\n            - The result of the last call to `method`\n    \n        Raises:\n        -------\n        TimeoutException\n            - If 'method' does not return a truthy value within the WebDriverWait\n            object's timeout\n    \n        Example:\n        --------\n        >>> from selenium.webdriver.common.by import By\n        >>> from selenium.webdriver.support.ui import WebDriverWait\n        >>> from selenium.webdriver.support import expected_conditions as EC\n    \n        # Wait until an element is visible on the page\n        >>> wait = WebDriverWait(driver, 10)\n        >>> element = wait.until(EC.visibility_of_element_located((By.ID, \"exampleId\")))\n        >>> print(element.text)\n        \"\"\"\n        screen = None\n        stacktrace = None\n    \n        end_time = time.monotonic() + self._timeout\n        while True:\n            try:\n                value = method(self._driver)\n                if value:\n                    return value\n            except self._ignored_exceptions as exc:\n                screen = getattr(exc, \"screen\", None)\n                stacktrace = getattr(exc, \"stacktrace\", None)\n            if time.monotonic() > end_time:\n                break\n            time.sleep(self._poll)\n>       raise TimeoutException(message, screen, stacktrace)\nE       selenium.common.exceptions.TimeoutException: Message: \nE       Stacktrace:\nE       \tGetHandleVerifier [0x0xa0fe83+66515]\nE       \tGetHandleVerifier [0x0xa0fec4+66580]\nE       \t(No symbol) [0x0x7fdc48]\nE       \t(No symbol) [0x0x848704]\nE       \t(No symbol) [0x0x848aab]\nE       \t(No symbol) [0x0x88f482]\nE       \t(No symbol) [0x0x86b214]\nE       \t(No symbol) [0x0x88cba7]\nE       \t(No symbol) [0x0x86afc6]\nE       \t(No symbol) [0x0x83c2ca]\nE       \t(No symbol) [0x0x83d154]\nE       \tGetHandleVerifier [0x0xc673b3+2521347]\nE       \tGetHandleVerifier [0x0xc62333+2500739]\nE       \tGetHandleVerifier [0x0xa37cd4+229924]\nE       \tGetHandleVerifier [0x0xa28238+165768]\nE       \tGetHandleVerifier [0x0xa2eced+193085]\nE       \tGetHandleVerifier [0x0xa18198+100072]\nE       \tGetHandleVerifier [0x0xa18330+100480]\nE       \tGetHandleVerifier [0x0xa025ea+11066]\nE       \tBaseThreadInitThunk [0x0x75e7fcc9+25]\nE       \tRtlGetAppContainerNamedObjectPath [0x0x77b082ae+286]\nE       \tRtlGetAppContainerNamedObjectPath [0x0x77b0827e+238]\n\nvenv\\Lib\\site-packages\\selenium\\webdriver\\support\\wait.py:138: TimeoutException"}, "attachments": [{"name": "stdout", "source": "ef4a279a-7dbb-4094-9973-f18506702c14-attachment.txt", "type": "text/plain"}], "start": 1760512164650, "stop": 1760512185640, "uuid": "52ef04f4-81e6-452b-a295-6419bed4479b", "historyId": "0fb8aa18984315af2ea77785cdfe4983", "testCaseId": "0fb8aa18984315af2ea77785cdfe4983", "fullName": "tests.test_assign_coach_to_batch#test_confirm_add_coach_to_batch", "labels": [{"name": "parentSuite", "value": "tests"}, {"name": "suite", "value": "test_assign_coach_to_batch"}, {"name": "host", "value": "OTSI-Lap80"}, {"name": "thread", "value": "53580-MainThread"}, {"name": "framework", "value": "pytest"}, {"name": "language", "value": "cpython3"}, {"name": "package", "value": "tests.test_assign_coach_to_batch"}]}