{"name": "test_check_forgot_password_link_is_displayed", "status": "failed", "statusDetails": {"message": "AssertionError: 'Forgot Password?' button not visible on login screen\nassert False\n +  where False = is_forgot_password_displayed()\n +    where is_forgot_password_displayed = <pages.login_page.LoginPage object at 0x000002391CEEE390>.is_forgot_password_displayed", "trace": "driver = <selenium.webdriver.chrome.webdriver.WebDriver (session=\"be1205f38a51ae3877a302c829e87dc8\")>\n\n    def test_check_forgot_password_link_is_displayed(driver):\n        login_page = LoginPage(driver)\n>       assert login_page.is_forgot_password_displayed(), \"'Forgot Password?' button not visible on login screen\"\nE       AssertionError: 'Forgot Password?' button not visible on login screen\nE       assert False\nE        +  where False = is_forgot_password_displayed()\nE        +    where is_forgot_password_displayed = <pages.login_page.LoginPage object at 0x000002391CEEE390>.is_forgot_password_displayed\n\ntests\\test_login.py:29: AssertionError"}, "attachments": [{"name": "stdout", "source": "bb3977ae-0bac-482c-851b-a633dc90cdc7-attachment.txt", "type": "text/plain"}], "start": 1760340985276, "stop": 1760340995340, "uuid": "7e4b17bc-7f17-43ba-8149-e8ae80c93e3c", "historyId": "7deb581b322acb3d4159fadf512669cb", "testCaseId": "7deb581b322acb3d4159fadf512669cb", "fullName": "tests.test_login#test_check_forgot_password_link_is_displayed", "labels": [{"name": "parentSuite", "value": "tests"}, {"name": "suite", "value": "test_login"}, {"name": "host", "value": "OTSI-Lap80"}, {"name": "thread", "value": "67856-MainThread"}, {"name": "framework", "value": "pytest"}, {"name": "language", "value": "cpython3"}, {"name": "package", "value": "tests.test_login"}]}