{"name": "test_update_child_athlete_email_with_existing_athlete_email", "status": "broken", "statusDetails": {"message": "selenium.common.exceptions.TimeoutException: Message: \nStacktrace:\n\tGetHandleVerifier [0x0x4cfea3+66515]\n\tGetHandleVerifier [0x0x4cfee4+66580]\n\t(No symbol) [0x0x2bdc48]\n\t(No symbol) [0x0x308704]\n\t(No symbol) [0x0x308aab]\n\t(No symbol) [0x0x34f482]\n\t(No symbol) [0x0x32b214]\n\t(No symbol) [0x0x34cba7]\n\t(No symbol) [0x0x32afc6]\n\t(No symbol) [0x0x2fc2ca]\n\t(No symbol) [0x0x2fd154]\n\tGetHandleVerifier [0x0x7273d3+2521347]\n\tGetHandleVerifier [0x0x722353+2500739]\n\tGetHandleVerifier [0x0x4f7cf4+229924]\n\tGetHandleVerifier [0x0x4e8258+165768]\n\tGetHandleVerifier [0x0x4eed0d+193085]\n\tGetHandleVerifier [0x0x4d81b8+100072]\n\tGetHandleVerifier [0x0x4d8350+100480]\n\tGetHandleVerifier [0x0x4c260a+11066]\n\tBaseThreadInitThunk [0x0x7641fcc9+25]\n\tRtlGetAppContainerNamedObjectPath [0x0x770f82ae+286]\n\tRtlGetAppContainerNamedObjectPath [0x0x770f827e+238]", "trace": "driver = <selenium.webdriver.chrome.webdriver.WebDriver (session=\"dbb23f2c9188dd4c3d72fd22dff3b476\")>\n\n    @pytest.mark.usefixtures(\"driver\")\n    def test_update_child_athlete_email_with_existing_athlete_email(driver):\n        page = AthletesPage(driver)\n        # Search for previously created child athlete\n    \n        child_name = \"child child\"\n        page.enter_search_text(child_name)\n        time.sleep(2)\n        page.click_three_dots_on_search_result(child_name)\n        page.click_edit_athlete_option()\n        time.sleep(2)\n        # Try to update email with an existing athlete email\n        existing_email = athlete[\"email\"]\n>       page.clear_field(page.email_input)\n\ntests\\test_athletes.py:580: \n_ _ _ _ _ _ _ _ _ _ _ _ _ _ _ _ _ _ _ _ _ _ _ _ _ _ _ _ _ _ _ _ _ _ _ _ _ _ _ _ _ _ _ _ _ _ _ _ _ _ _ _ _ _ _ _ _ _ _\npages\\athletes_page.py:134: in clear_field\n    field = self.wait.until(EC.presence_of_element_located(locator))\n            ^^^^^^^^^^^^^^^^^^^^^^^^^^^^^^^^^^^^^^^^^^^^^^^^^^^^^^^^\n_ _ _ _ _ _ _ _ _ _ _ _ _ _ _ _ _ _ _ _ _ _ _ _ _ _ _ _ _ _ _ _ _ _ _ _ _ _ _ _ _ _ _ _ _ _ _ _ _ _ _ _ _ _ _ _ _ _ _\n\nself = <selenium.webdriver.support.wait.WebDriverWait (session=\"dbb23f2c9188dd4c3d72fd22dff3b476\")>\nmethod = <function presence_of_element_located.<locals>._predicate at 0x0000017902FD9580>, message = ''\n\n    def until(self, method: Callable[[D], Union[Literal[False], T]], message: str = \"\") -> T:\n        \"\"\"Wait until the method returns a value that is not False.\n    \n        Calls the method provided with the driver as an argument until the\n        return value does not evaluate to ``False``.\n    \n        Parameters:\n        -----------\n        method: callable(WebDriver)\n            - A callable object that takes a WebDriver instance as an argument.\n    \n        message: str\n            - Optional message for :exc:`TimeoutException`\n    \n        Return:\n        -------\n        object: T\n            - The result of the last call to `method`\n    \n        Raises:\n        -------\n        TimeoutException\n            - If 'method' does not return a truthy value within the WebDriverWait\n            object's timeout\n    \n        Example:\n        --------\n        >>> from selenium.webdriver.common.by import By\n        >>> from selenium.webdriver.support.ui import WebDriverWait\n        >>> from selenium.webdriver.support import expected_conditions as EC\n    \n        # Wait until an element is visible on the page\n        >>> wait = WebDriverWait(driver, 10)\n        >>> element = wait.until(EC.visibility_of_element_located((By.ID, \"exampleId\")))\n        >>> print(element.text)\n        \"\"\"\n        screen = None\n        stacktrace = None\n    \n        end_time = time.monotonic() + self._timeout\n        while True:\n            try:\n                value = method(self._driver)\n                if value:\n                    return value\n            except self._ignored_exceptions as exc:\n                screen = getattr(exc, \"screen\", None)\n                stacktrace = getattr(exc, \"stacktrace\", None)\n            if time.monotonic() > end_time:\n                break\n            time.sleep(self._poll)\n>       raise TimeoutException(message, screen, stacktrace)\nE       selenium.common.exceptions.TimeoutException: Message: \nE       Stacktrace:\nE       \tGetHandleVerifier [0x0x4cfea3+66515]\nE       \tGetHandleVerifier [0x0x4cfee4+66580]\nE       \t(No symbol) [0x0x2bdc48]\nE       \t(No symbol) [0x0x308704]\nE       \t(No symbol) [0x0x308aab]\nE       \t(No symbol) [0x0x34f482]\nE       \t(No symbol) [0x0x32b214]\nE       \t(No symbol) [0x0x34cba7]\nE       \t(No symbol) [0x0x32afc6]\nE       \t(No symbol) [0x0x2fc2ca]\nE       \t(No symbol) [0x0x2fd154]\nE       \tGetHandleVerifier [0x0x7273d3+2521347]\nE       \tGetHandleVerifier [0x0x722353+2500739]\nE       \tGetHandleVerifier [0x0x4f7cf4+229924]\nE       \tGetHandleVerifier [0x0x4e8258+165768]\nE       \tGetHandleVerifier [0x0x4eed0d+193085]\nE       \tGetHandleVerifier [0x0x4d81b8+100072]\nE       \tGetHandleVerifier [0x0x4d8350+100480]\nE       \tGetHandleVerifier [0x0x4c260a+11066]\nE       \tBaseThreadInitThunk [0x0x7641fcc9+25]\nE       \tRtlGetAppContainerNamedObjectPath [0x0x770f82ae+286]\nE       \tRtlGetAppContainerNamedObjectPath [0x0x770f827e+238]\n\nvenv\\Lib\\site-packages\\selenium\\webdriver\\support\\wait.py:138: TimeoutException"}, "attachments": [{"name": "stdout", "source": "ac246d49-845b-4b9a-8f39-32beefc226d5-attachment.txt", "type": "text/plain"}], "start": 1760440868801, "stop": 1760440886729, "uuid": "5edd6746-2d3e-4c7a-92aa-c40108d365ee", "historyId": "b1b2771e3b42b31bd8a09cb66e9b4b26", "testCaseId": "b1b2771e3b42b31bd8a09cb66e9b4b26", "fullName": "tests.test_athletes#test_update_child_athlete_email_with_existing_athlete_email", "labels": [{"name": "parentSuite", "value": "tests"}, {"name": "suite", "value": "test_athletes"}, {"name": "host", "value": "OTSI-Lap80"}, {"name": "thread", "value": "96168-MainThread"}, {"name": "framework", "value": "pytest"}, {"name": "language", "value": "cpython3"}, {"name": "package", "value": "tests.test_athletes"}]}