{"name": "test_check_signup_link_is_displayed", "status": "failed", "statusDetails": {"message": "AssertionError: 'Sign Up' link is not visible on login screen\nassert False\n +  where False = is_signup_link_displayed()\n +    where is_signup_link_displayed = <pages.login_page.LoginPage object at 0x000002391F005D90>.is_signup_link_displayed", "trace": "driver = <selenium.webdriver.chrome.webdriver.WebDriver (session=\"be1205f38a51ae3877a302c829e87dc8\")>\n\n    def test_check_signup_link_is_displayed(driver):\n        login_page = LoginPage(driver)\n>       assert login_page.is_signup_link_displayed(), \"'Sign Up' link is not visible on login screen\"\nE       AssertionError: 'Sign Up' link is not visible on login screen\nE       assert False\nE        +  where False = is_signup_link_displayed()\nE        +    where is_signup_link_displayed = <pages.login_page.LoginPage object at 0x000002391F005D90>.is_signup_link_displayed\n\ntests\\test_login.py:33: AssertionError"}, "attachments": [{"name": "stdout", "source": "b90504a4-42ad-4aaf-bde2-64afc98eb2b0-attachment.txt", "type": "text/plain"}], "start": 1760340995933, "stop": 1760341005957, "uuid": "5aeb8865-7226-46d6-b563-82816429cee6", "historyId": "d5dd038fa9530ae34389fa9cce80d663", "testCaseId": "d5dd038fa9530ae34389fa9cce80d663", "fullName": "tests.test_login#test_check_signup_link_is_displayed", "labels": [{"name": "parentSuite", "value": "tests"}, {"name": "suite", "value": "test_login"}, {"name": "host", "value": "OTSI-Lap80"}, {"name": "thread", "value": "67856-MainThread"}, {"name": "framework", "value": "pytest"}, {"name": "language", "value": "cpython3"}, {"name": "package", "value": "tests.test_login"}]}