{"name": "test_mandatory_field_validation_errors", "status": "broken", "statusDetails": {"message": "selenium.common.exceptions.TimeoutException: Message: \nStacktrace:\n\tGetHandleVerifier [0x0xbbfea3+66515]\n\tGetHandleVerifier [0x0xbbfee4+66580]\n\t(No symbol) [0x0x9adc48]\n\t(No symbol) [0x0x9f8704]\n\t(No symbol) [0x0x9f8aab]\n\t(No symbol) [0x0xa3f482]\n\t(No symbol) [0x0xa1b214]\n\t(No symbol) [0x0xa3cba7]\n\t(No symbol) [0x0xa1afc6]\n\t(No symbol) [0x0x9ec2ca]\n\t(No symbol) [0x0x9ed154]\n\tGetHandleVerifier [0x0xe173d3+2521347]\n\tGetHandleVerifier [0x0xe12353+2500739]\n\tGetHandleVerifier [0x0xbe7cf4+229924]\n\tGetHandleVerifier [0x0xbd8258+165768]\n\tGetHandleVerifier [0x0xbded0d+193085]\n\tGetHandleVerifier [0x0xbc81b8+100072]\n\tGetHandleVerifier [0x0xbc8350+100480]\n\tGetHandleVerifier [0x0xbb260a+11066]\n\tBaseThreadInitThunk [0x0x7641fcc9+25]\n\tRtlGetAppContainerNamedObjectPath [0x0x770f82ae+286]\n\tRtlGetAppContainerNamedObjectPath [0x0x770f827e+238]", "trace": "driver = <selenium.webdriver.chrome.webdriver.WebDriver (session=\"be1205f38a51ae3877a302c829e87dc8\")>\n\n    @pytest.mark.usefixtures(\"driver\")\n    def test_mandatory_field_validation_errors(driver):\n        page = AthletesPage(driver)\n>       page.click_athlete_tab()\n\ntests\\test_athletes.py:65: \n_ _ _ _ _ _ _ _ _ _ _ _ _ _ _ _ _ _ _ _ _ _ _ _ _ _ _ _ _ _ _ _ _ _ _ _ _ _ _ _ _ _ _ _ _ _ _ \npages\\athletes_page.py:35: in click_athlete_tab\n    self.wait.until(EC.element_to_be_clickable(self.athletes_tab)).click()\n    ^^^^^^^^^^^^^^^^^^^^^^^^^^^^^^^^^^^^^^^^^^^^^^^^^^^^^^^^^^^^^^\n_ _ _ _ _ _ _ _ _ _ _ _ _ _ _ _ _ _ _ _ _ _ _ _ _ _ _ _ _ _ _ _ _ _ _ _ _ _ _ _ _ _ _ _ _ _ _ \n\nself = <selenium.webdriver.support.wait.WebDriverWait (session=\"be1205f38a51ae3877a302c829e87dc8\")>\nmethod = <function element_to_be_clickable.<locals>._predicate at 0x000002391CEBA3E0>\nmessage = ''\n\n    def until(self, method: Callable[[D], Union[Literal[False], T]], message: str = \"\") -> T:\n        \"\"\"Wait until the method returns a value that is not False.\n    \n        Calls the method provided with the driver as an argument until the\n        return value does not evaluate to ``False``.\n    \n        Parameters:\n        -----------\n        method: callable(WebDriver)\n            - A callable object that takes a WebDriver instance as an argument.\n    \n        message: str\n            - Optional message for :exc:`TimeoutException`\n    \n        Return:\n        -------\n        object: T\n            - The result of the last call to `method`\n    \n        Raises:\n        -------\n        TimeoutException\n            - If 'method' does not return a truthy value within the WebDriverWait\n            object's timeout\n    \n        Example:\n        --------\n        >>> from selenium.webdriver.common.by import By\n        >>> from selenium.webdriver.support.ui import WebDriverWait\n        >>> from selenium.webdriver.support import expected_conditions as EC\n    \n        # Wait until an element is visible on the page\n        >>> wait = WebDriverWait(driver, 10)\n        >>> element = wait.until(EC.visibility_of_element_located((By.ID, \"exampleId\")))\n        >>> print(element.text)\n        \"\"\"\n        screen = None\n        stacktrace = None\n    \n        end_time = time.monotonic() + self._timeout\n        while True:\n            try:\n                value = method(self._driver)\n                if value:\n                    return value\n            except self._ignored_exceptions as exc:\n                screen = getattr(exc, \"screen\", None)\n                stacktrace = getattr(exc, \"stacktrace\", None)\n            if time.monotonic() > end_time:\n                break\n            time.sleep(self._poll)\n>       raise TimeoutException(message, screen, stacktrace)\nE       selenium.common.exceptions.TimeoutException: Message: \nE       Stacktrace:\nE       \tGetHandleVerifier [0x0xbbfea3+66515]\nE       \tGetHandleVerifier [0x0xbbfee4+66580]\nE       \t(No symbol) [0x0x9adc48]\nE       \t(No symbol) [0x0x9f8704]\nE       \t(No symbol) [0x0x9f8aab]\nE       \t(No symbol) [0x0xa3f482]\nE       \t(No symbol) [0x0xa1b214]\nE       \t(No symbol) [0x0xa3cba7]\nE       \t(No symbol) [0x0xa1afc6]\nE       \t(No symbol) [0x0x9ec2ca]\nE       \t(No symbol) [0x0x9ed154]\nE       \tGetHandleVerifier [0x0xe173d3+2521347]\nE       \tGetHandleVerifier [0x0xe12353+2500739]\nE       \tGetHandleVerifier [0x0xbe7cf4+229924]\nE       \tGetHandleVerifier [0x0xbd8258+165768]\nE       \tGetHandleVerifier [0x0xbded0d+193085]\nE       \tGetHandleVerifier [0x0xbc81b8+100072]\nE       \tGetHandleVerifier [0x0xbc8350+100480]\nE       \tGetHandleVerifier [0x0xbb260a+11066]\nE       \tBaseThreadInitThunk [0x0x7641fcc9+25]\nE       \tRtlGetAppContainerNamedObjectPath [0x0x770f82ae+286]\nE       \tRtlGetAppContainerNamedObjectPath [0x0x770f827e+238]\n\nvenv\\Lib\\site-packages\\selenium\\webdriver\\support\\wait.py:138: TimeoutException"}, "start": 1760341102152, "stop": 1760341112232, "uuid": "027824a4-6311-42d4-bac6-6ac2134b93e5", "historyId": "ad2a13a35a0fd266bf3c684e85b0405d", "testCaseId": "ad2a13a35a0fd266bf3c684e85b0405d", "fullName": "tests.test_athletes#test_mandatory_field_validation_errors", "labels": [{"name": "parentSuite", "value": "tests"}, {"name": "suite", "value": "test_athletes"}, {"name": "host", "value": "OTSI-Lap80"}, {"name": "thread", "value": "67856-MainThread"}, {"name": "framework", "value": "pytest"}, {"name": "language", "value": "cpython3"}, {"name": "package", "value": "tests.test_athletes"}]}