{"name": "test_check_signup_link_is_displayed", "status": "failed", "statusDetails": {"message": "AssertionError: 'Sign Up' link is not visible on login screen\nassert False\n +  where False = is_signup_link_displayed()\n +    where is_signup_link_displayed = <pages.login_page.LoginPage object at 0x000001B0CD7A7E90>.is_signup_link_displayed", "trace": "driver = <selenium.webdriver.chrome.webdriver.WebDriver (session=\"15586f2cf56e3e39f9cd616d6b7a5068\")>\n\n    def test_check_signup_link_is_displayed(driver):\n        login_page = LoginPage(driver)\n>       assert login_page.is_signup_link_displayed(), \"'Sign Up' link is not visible on login screen\"\nE       AssertionError: 'Sign Up' link is not visible on login screen\nE       assert False\nE        +  where False = is_signup_link_displayed()\nE        +    where is_signup_link_displayed = <pages.login_page.LoginPage object at 0x000001B0CD7A7E90>.is_signup_link_displayed\n\ntests\\test_login.py:33: AssertionError"}, "attachments": [{"name": "stdout", "source": "1c22c3f4-3836-4bc8-995c-e87e84b9e746-attachment.txt", "type": "text/plain"}], "start": 1759812777135, "stop": 1759812777139, "uuid": "2c5d170e-207b-4497-a716-e805dad3821a", "historyId": "d5dd038fa9530ae34389fa9cce80d663", "testCaseId": "d5dd038fa9530ae34389fa9cce80d663", "fullName": "tests.test_login#test_check_signup_link_is_displayed", "labels": [{"name": "parentSuite", "value": "tests"}, {"name": "suite", "value": "test_login"}, {"name": "host", "value": "OTSI-Lap80"}, {"name": "thread", "value": "78252-MainThread"}, {"name": "framework", "value": "pytest"}, {"name": "language", "value": "cpython3"}, {"name": "package", "value": "tests.test_login"}]}