{"name": "test_existing_email_mobile_validation_error", "status": "broken", "statusDetails": {"message": "selenium.common.exceptions.TimeoutException: Message: \nStacktrace:\n\tGetHandleVerifier [0x0x10ffea3+66515]\n\tGetHandleVerifier [0x0x10ffee4+66580]\n\t(No symbol) [0x0xeedc48]\n\t(No symbol) [0x0xf38704]\n\t(No symbol) [0x0xf38aab]\n\t(No symbol) [0x0xf7f482]\n\t(No symbol) [0x0xf5b214]\n\t(No symbol) [0x0xf7cba7]\n\t(No symbol) [0x0xf5afc6]\n\t(No symbol) [0x0xf2c2ca]\n\t(No symbol) [0x0xf2d154]\n\tGetHandleVerifier [0x0x13573d3+2521347]\n\tGetHandleVerifier [0x0x1352353+2500739]\n\tGetHandleVerifier [0x0x1127cf4+229924]\n\tGetHandleVerifier [0x0x1118258+165768]\n\tGetHandleVerifier [0x0x111ed0d+193085]\n\tGetHandleVerifier [0x0x11081b8+100072]\n\tGetHandleVerifier [0x0x1108350+100480]\n\tGetHandleVerifier [0x0x10f260a+11066]\n\tBaseThreadInitThunk [0x0x7641fcc9+25]\n\tRtlGetAppContainerNamedObjectPath [0x0x770f82ae+286]\n\tRtlGetAppContainerNamedObjectPath [0x0x770f827e+238]", "trace": "driver = <selenium.webdriver.chrome.webdriver.WebDriver (session=\"1b1221373878c9a6d96dca050d4676ae\")>\n\n    @pytest.mark.usefixtures(\"driver\")\n    def test_existing_email_mobile_validation_error(driver):\n        page = AthletesPage(driver)\n        time.sleep(2)\n        page.click_actions_dropdown()\n        page.click_athlete_onboard()\n        page.create_first_name(athlete[\"first_name\"])\n        page.create_last_name(athlete[\"last_name\"])\n        page.click_and_select_dob(athlete[\"year\"])\n        page.click_and_select_gender()\n        page.create_email(athlete[\"email\"])\n        page.create_mobile(athlete[\"mobile\"])\n        page.click_create_button()\n        page.toast_message(\"already exists\")\n>       page.click_cancel_button()\n\ntests\\test_athletes.py:281: \n_ _ _ _ _ _ _ _ _ _ _ _ _ _ _ _ _ _ _ _ _ _ _ _ _ _ _ _ _ _ _ _ _ _ _ _ _ _ _ _ _ _ _ _ _ _ _ _ _ _ _ _ _ _ _ _ _ _ _\npages\\athletes_page.py:129: in click_cancel_button\n    self.wait.until(EC.element_to_be_clickable(self.cancel_button)).click()\n    ^^^^^^^^^^^^^^^^^^^^^^^^^^^^^^^^^^^^^^^^^^^^^^^^^^^^^^^^^^^^^^^\n_ _ _ _ _ _ _ _ _ _ _ _ _ _ _ _ _ _ _ _ _ _ _ _ _ _ _ _ _ _ _ _ _ _ _ _ _ _ _ _ _ _ _ _ _ _ _ _ _ _ _ _ _ _ _ _ _ _ _\n\nself = <selenium.webdriver.support.wait.WebDriverWait (session=\"1b1221373878c9a6d96dca050d4676ae\")>\nmethod = <function element_to_be_clickable.<locals>._predicate at 0x000001E47F264720>, message = ''\n\n    def until(self, method: Callable[[D], Union[Literal[False], T]], message: str = \"\") -> T:\n        \"\"\"Wait until the method returns a value that is not False.\n    \n        Calls the method provided with the driver as an argument until the\n        return value does not evaluate to ``False``.\n    \n        Parameters:\n        -----------\n        method: callable(WebDriver)\n            - A callable object that takes a WebDriver instance as an argument.\n    \n        message: str\n            - Optional message for :exc:`TimeoutException`\n    \n        Return:\n        -------\n        object: T\n            - The result of the last call to `method`\n    \n        Raises:\n        -------\n        TimeoutException\n            - If 'method' does not return a truthy value within the WebDriverWait\n            object's timeout\n    \n        Example:\n        --------\n        >>> from selenium.webdriver.common.by import By\n        >>> from selenium.webdriver.support.ui import WebDriverWait\n        >>> from selenium.webdriver.support import expected_conditions as EC\n    \n        # Wait until an element is visible on the page\n        >>> wait = WebDriverWait(driver, 10)\n        >>> element = wait.until(EC.visibility_of_element_located((By.ID, \"exampleId\")))\n        >>> print(element.text)\n        \"\"\"\n        screen = None\n        stacktrace = None\n    \n        end_time = time.monotonic() + self._timeout\n        while True:\n            try:\n                value = method(self._driver)\n                if value:\n                    return value\n            except self._ignored_exceptions as exc:\n                screen = getattr(exc, \"screen\", None)\n                stacktrace = getattr(exc, \"stacktrace\", None)\n            if time.monotonic() > end_time:\n                break\n            time.sleep(self._poll)\n>       raise TimeoutException(message, screen, stacktrace)\nE       selenium.common.exceptions.TimeoutException: Message: \nE       Stacktrace:\nE       \tGetHandleVerifier [0x0x10ffea3+66515]\nE       \tGetHandleVerifier [0x0x10ffee4+66580]\nE       \t(No symbol) [0x0xeedc48]\nE       \t(No symbol) [0x0xf38704]\nE       \t(No symbol) [0x0xf38aab]\nE       \t(No symbol) [0x0xf7f482]\nE       \t(No symbol) [0x0xf5b214]\nE       \t(No symbol) [0x0xf7cba7]\nE       \t(No symbol) [0x0xf5afc6]\nE       \t(No symbol) [0x0xf2c2ca]\nE       \t(No symbol) [0x0xf2d154]\nE       \tGetHandleVerifier [0x0x13573d3+2521347]\nE       \tGetHandleVerifier [0x0x1352353+2500739]\nE       \tGetHandleVerifier [0x0x1127cf4+229924]\nE       \tGetHandleVerifier [0x0x1118258+165768]\nE       \tGetHandleVerifier [0x0x111ed0d+193085]\nE       \tGetHandleVerifier [0x0x11081b8+100072]\nE       \tGetHandleVerifier [0x0x1108350+100480]\nE       \tGetHandleVerifier [0x0x10f260a+11066]\nE       \tBaseThreadInitThunk [0x0x7641fcc9+25]\nE       \tRtlGetAppContainerNamedObjectPath [0x0x770f82ae+286]\nE       \tRtlGetAppContainerNamedObjectPath [0x0x770f827e+238]\n\nvenv\\Lib\\site-packages\\selenium\\webdriver\\support\\wait.py:138: TimeoutException"}, "attachments": [{"name": "stdout", "source": "f47a0db6-0a6c-46b0-9fbd-5ffd1114eaef-attachment.txt", "type": "text/plain"}], "start": 1760432434409, "stop": 1760432465674, "uuid": "2c14d8f3-1bbd-4f14-ac95-71197b1aeadb", "historyId": "85c73aa126526605526f8d02ef460083", "testCaseId": "85c73aa126526605526f8d02ef460083", "fullName": "tests.test_athletes#test_existing_email_mobile_validation_error", "labels": [{"name": "parentSuite", "value": "tests"}, {"name": "suite", "value": "test_athletes"}, {"name": "host", "value": "OTSI-Lap80"}, {"name": "thread", "value": "90920-MainThread"}, {"name": "framework", "value": "pytest"}, {"name": "language", "value": "cpython3"}, {"name": "package", "value": "tests.test_athletes"}]}