{"name": "test_mandate_field_validation_in_second_page_errors", "status": "broken", "statusDetails": {"message": "selenium.common.exceptions.ElementClickInterceptedException: Message: element click intercepted: Element <button data-slot=\"button\" class=\"inline-flex items-center justify-center gap-2 whitespace-nowrap text-sm font-medium transition-all disabled:pointer-events-none disabled:opacity-50 [&amp;_svg]:pointer-events-none [&amp;_svg:not([class*='size-'])]:size-4 shrink-0 [&amp;_svg]:shrink-0 outline-none focus-visible:border-ring focus-visible:ring-[1px] aria-invalid:ring-destructive/20 dark:aria-invalid:ring-destructive/40 aria-invalid:border-destructive bg-primary text-primary-foreground shadow-xs hover:bg-primary/80 focus-visible:ring-primary/20 hover:ring h-9 px-2 py-2 has-[&gt;svg]:px-3 cursor-pointer md:px-3 rounded-md\">...</button> is not clickable at point (87, 681). Other element would receive the click: <div class=\"fixed inset-0 z-40\"></div>\n  (Session info: chrome=141.0.7390.55)\nStacktrace:\n\tGetHandleVerifier [0x0x5b9d93+65891]\n\tGetHandleVerifier [0x0x5b9dd4+65956]\n\t(No symbol) [0x0x3cdca8]\n\t(No symbol) [0x0x41ece0]\n\t(No symbol) [0x0x41d043]\n\t(No symbol) [0x0x41aae7]\n\t(No symbol) [0x0x419d5d]\n\t(No symbol) [0x0x40e1e5]\n\t(No symbol) [0x0x43b27c]\n\t(No symbol) [0x0x40dc44]\n\t(No symbol) [0x0x43b434]\n\t(No symbol) [0x0x45cbe0]\n\t(No symbol) [0x0x43b076]\n\t(No symbol) [0x0x40c37a]\n\t(No symbol) [0x0x40d224]\n\tGetHandleVerifier [0x0x827e23+2613747]\n\tGetHandleVerifier [0x0x822f5a+2593578]\n\tGetHandleVerifier [0x0x5e1ac4+229012]\n\tGetHandleVerifier [0x0x5d1e58+164392]\n\tGetHandleVerifier [0x0x5d880d+191453]\n\tGetHandleVerifier [0x0x5c2148+99608]\n\tGetHandleVerifier [0x0x5c22e0+100016]\n\tGetHandleVerifier [0x0x5ac4ca+10394]\n\tBaseThreadInitThunk [0x0x76d1fcc9+25]\n\tRtlGetAppContainerNamedObjectPath [0x0x772c82ae+286]\n\tRtlGetAppContainerNamedObjectPath [0x0x772c827e+238]", "trace": "driver = <selenium.webdriver.chrome.webdriver.WebDriver (session=\"a8f3486655b8e6978303e89c9c698168\")>\n\n    @pytest.mark.usefixtures(\"driver\")\n    def test_mandate_field_validation_in_second_page_errors(driver):\n            academypage = RegisterAcademyPage(driver)\n            academy = config[\"academy_reg\"]\n            # ---------- Test 2: Location empty validation ----------\n            print(\"Checking location field validations by entering remaining details\")\n            academypage.academy_name_field(academy[\"academy_name\"])\n            academypage.mobile_number_field(academy[\"mobile_number\"])\n            academypage.select_sports(academy[\"sports\"])\n            academypage.upload_logo(academy[\"logo_path\"])\n            academypage.upload_file(academy[\"file_path\"])\n>           academypage.next_button_click()\n\ntests\\test_academy_registration.py:64: \n_ _ _ _ _ _ _ _ _ _ _ _ _ _ _ _ _ _ _ _ _ _ _ _ _ _ _ _ _ _ _ _ _ _ _ _ _ _ _ _ _ _ _ _ _ _ _ \npages\\academy_registration_page.py:214: in next_button_click\n    next_btn.click()\nvenv\\Lib\\site-packages\\selenium\\webdriver\\remote\\webelement.py:121: in click\n    self._execute(Command.CLICK_ELEMENT)\nvenv\\Lib\\site-packages\\selenium\\webdriver\\remote\\webelement.py:574: in _execute\n    return self._parent.execute(command, params)\n           ^^^^^^^^^^^^^^^^^^^^^^^^^^^^^^^^^^^^^\nvenv\\Lib\\site-packages\\selenium\\webdriver\\remote\\webdriver.py:447: in execute\n    self.error_handler.check_response(response)\n_ _ _ _ _ _ _ _ _ _ _ _ _ _ _ _ _ _ _ _ _ _ _ _ _ _ _ _ _ _ _ _ _ _ _ _ _ _ _ _ _ _ _ _ _ _ _ \n\nself = <selenium.webdriver.remote.errorhandler.ErrorHandler object at 0x000001D4CED255D0>\nresponse = {'status': 400, 'value': '{\"value\":{\"error\":\"element click intercepted\",\"message\":\"element click intercepted: Element ...tRtlGetAppContainerNamedObjectPath [0x0x772c82ae+286]\\\\n\\\\tRtlGetAppContainerNamedObjectPath [0x0x772c827e+238]\\\\n\"}}'}\n\n    def check_response(self, response: Dict[str, Any]) -> None:\n        \"\"\"Checks that a JSON response from the WebDriver does not have an\n        error.\n    \n        :Args:\n         - response - The JSON response from the WebDriver server as a dictionary\n           object.\n    \n        :Raises: If the response contains an error message.\n        \"\"\"\n        status = response.get(\"status\", None)\n        if not status or status == ErrorCode.SUCCESS:\n            return\n        value = None\n        message = response.get(\"message\", \"\")\n        screen: str = response.get(\"screen\", \"\")\n        stacktrace = None\n        if isinstance(status, int):\n            value_json = response.get(\"value\", None)\n            if value_json and isinstance(value_json, str):\n                import json\n    \n                try:\n                    value = json.loads(value_json)\n                    if len(value) == 1:\n                        value = value[\"value\"]\n                    status = value.get(\"error\", None)\n                    if not status:\n                        status = value.get(\"status\", ErrorCode.UNKNOWN_ERROR)\n                        message = value.get(\"value\") or value.get(\"message\")\n                        if not isinstance(message, str):\n                            value = message\n                            message = message.get(\"message\")\n                    else:\n                        message = value.get(\"message\", None)\n                except ValueError:\n                    pass\n    \n        exception_class: Type[WebDriverException]\n        e = ErrorCode()\n        error_codes = [item for item in dir(e) if not item.startswith(\"__\")]\n        for error_code in error_codes:\n            error_info = getattr(ErrorCode, error_code)\n            if isinstance(error_info, list) and status in error_info:\n                exception_class = getattr(ExceptionMapping, error_code, WebDriverException)\n                break\n        else:\n            exception_class = WebDriverException\n    \n        if not value:\n            value = response[\"value\"]\n        if isinstance(value, str):\n            raise exception_class(value)\n        if message == \"\" and \"message\" in value:\n            message = value[\"message\"]\n    \n        screen = None  # type: ignore[assignment]\n        if \"screen\" in value:\n            screen = value[\"screen\"]\n    \n        stacktrace = None\n        st_value = value.get(\"stackTrace\") or value.get(\"stacktrace\")\n        if st_value:\n            if isinstance(st_value, str):\n                stacktrace = st_value.split(\"\\n\")\n            else:\n                stacktrace = []\n                try:\n                    for frame in st_value:\n                        line = frame.get(\"lineNumber\", \"\")\n                        file = frame.get(\"fileName\", \"<anonymous>\")\n                        if line:\n                            file = f\"{file}:{line}\"\n                        meth = frame.get(\"methodName\", \"<anonymous>\")\n                        if \"className\" in frame:\n                            meth = f\"{frame['className']}.{meth}\"\n                        msg = \"    at %s (%s)\"\n                        msg = msg % (meth, file)\n                        stacktrace.append(msg)\n                except TypeError:\n                    pass\n        if exception_class == UnexpectedAlertPresentException:\n            alert_text = None\n            if \"data\" in value:\n                alert_text = value[\"data\"].get(\"text\")\n            elif \"alert\" in value:\n                alert_text = value[\"alert\"].get(\"text\")\n            raise exception_class(message, screen, stacktrace, alert_text)  # type: ignore[call-arg]  # mypy is not smart enough here\n>       raise exception_class(message, screen, stacktrace)\nE       selenium.common.exceptions.ElementClickInterceptedException: Message: element click intercepted: Element <button data-slot=\"button\" class=\"inline-flex items-center justify-center gap-2 whitespace-nowrap text-sm font-medium transition-all disabled:pointer-events-none disabled:opacity-50 [&amp;_svg]:pointer-events-none [&amp;_svg:not([class*='size-'])]:size-4 shrink-0 [&amp;_svg]:shrink-0 outline-none focus-visible:border-ring focus-visible:ring-[1px] aria-invalid:ring-destructive/20 dark:aria-invalid:ring-destructive/40 aria-invalid:border-destructive bg-primary text-primary-foreground shadow-xs hover:bg-primary/80 focus-visible:ring-primary/20 hover:ring h-9 px-2 py-2 has-[&gt;svg]:px-3 cursor-pointer md:px-3 rounded-md\">...</button> is not clickable at point (87, 681). Other element would receive the click: <div class=\"fixed inset-0 z-40\"></div>\nE         (Session info: chrome=141.0.7390.55)\nE       Stacktrace:\nE       \tGetHandleVerifier [0x0x5b9d93+65891]\nE       \tGetHandleVerifier [0x0x5b9dd4+65956]\nE       \t(No symbol) [0x0x3cdca8]\nE       \t(No symbol) [0x0x41ece0]\nE       \t(No symbol) [0x0x41d043]\nE       \t(No symbol) [0x0x41aae7]\nE       \t(No symbol) [0x0x419d5d]\nE       \t(No symbol) [0x0x40e1e5]\nE       \t(No symbol) [0x0x43b27c]\nE       \t(No symbol) [0x0x40dc44]\nE       \t(No symbol) [0x0x43b434]\nE       \t(No symbol) [0x0x45cbe0]\nE       \t(No symbol) [0x0x43b076]\nE       \t(No symbol) [0x0x40c37a]\nE       \t(No symbol) [0x0x40d224]\nE       \tGetHandleVerifier [0x0x827e23+2613747]\nE       \tGetHandleVerifier [0x0x822f5a+2593578]\nE       \tGetHandleVerifier [0x0x5e1ac4+229012]\nE       \tGetHandleVerifier [0x0x5d1e58+164392]\nE       \tGetHandleVerifier [0x0x5d880d+191453]\nE       \tGetHandleVerifier [0x0x5c2148+99608]\nE       \tGetHandleVerifier [0x0x5c22e0+100016]\nE       \tGetHandleVerifier [0x0x5ac4ca+10394]\nE       \tBaseThreadInitThunk [0x0x76d1fcc9+25]\nE       \tRtlGetAppContainerNamedObjectPath [0x0x772c82ae+286]\nE       \tRtlGetAppContainerNamedObjectPath [0x0x772c827e+238]\n\nvenv\\Lib\\site-packages\\selenium\\webdriver\\remote\\errorhandler.py:232: ElementClickInterceptedException"}, "attachments": [{"name": "stdout", "source": "b84c9e34-b74f-43fe-a520-3d7750abebbe-attachment.txt", "type": "text/plain"}], "start": 1759812889206, "stop": 1759812898281, "uuid": "c5dc8de7-5fb2-4441-adf5-46f85335e425", "historyId": "2c981baabaa2ca2ddcaee59f5122e27f", "testCaseId": "2c981baabaa2ca2ddcaee59f5122e27f", "fullName": "tests.test_academy_registration#test_mandate_field_validation_in_second_page_errors", "labels": [{"name": "parentSuite", "value": "tests"}, {"name": "suite", "value": "test_academy_registration"}, {"name": "host", "value": "OTSI-Lap80"}, {"name": "thread", "value": "58320-MainThread"}, {"name": "framework", "value": "pytest"}, {"name": "language", "value": "cpython3"}, {"name": "package", "value": "tests.test_academy_registration"}]}