{"name": "test_onboard_child2_with_same_parent_email_mobile_and_check_autofill", "status": "broken", "statusDetails": {"message": "selenium.common.exceptions.TimeoutException: Message: \nStacktrace:\n\tGetHandleVerifier [0x0x11bfea3+66515]\n\tGetHandleVerifier [0x0x11bfee4+66580]\n\t(No symbol) [0x0xfadc48]\n\t(No symbol) [0x0xff8704]\n\t(No symbol) [0x0xff8aab]\n\t(No symbol) [0x0x103f482]\n\t(No symbol) [0x0x101b214]\n\t(No symbol) [0x0x103cba7]\n\t(No symbol) [0x0x101afc6]\n\t(No symbol) [0x0xfec2ca]\n\t(No symbol) [0x0xfed154]\n\tGetHandleVerifier [0x0x14173d3+2521347]\n\tGetHandleVerifier [0x0x1412353+2500739]\n\tGetHandleVerifier [0x0x11e7cf4+229924]\n\tGetHandleVerifier [0x0x11d8258+165768]\n\tGetHandleVerifier [0x0x11ded0d+193085]\n\tGetHandleVerifier [0x0x11c81b8+100072]\n\tGetHandleVerifier [0x0x11c8350+100480]\n\tGetHandleVerifier [0x0x11b260a+11066]\n\tBaseThreadInitThunk [0x0x7641fcc9+25]\n\tRtlGetAppContainerNamedObjectPath [0x0x770f82ae+286]\n\tRtlGetAppContainerNamedObjectPath [0x0x770f827e+238]", "trace": "driver = <selenium.webdriver.chrome.webdriver.WebDriver (session=\"d2dd4e98ecc29ca4aa4ed3f739ad1bd2\")>\n\n    @pytest.mark.usefixtures(\"driver\")\n    def test_onboard_child2_with_same_parent_email_mobile_and_check_autofill(driver):\n        page = AthletesPage(driver)\n        child2_email = f\"athlete{int(time.time())+1}@otsi.co.in\"\n        child2_mobile = f\"9{random.randint(100000000, 999999999)}\"\n    \n        # Use parent details from previous test\n        parent_email = globals().get(\"parent_email_5_1\")\n        parent_mobile = globals().get(\"parent_mobile_5_1\")\n        parent_first_name = globals().get(\"parent_first_name_5_1\")\n        parent_last_name = globals().get(\"parent_last_name_5_1\")\n        parent_dob = globals().get(\"parent_dob_5_1\")\n    \n        page.click_actions_dropdown()\n        page.click_athlete_onboard()\n        page.create_first_name(\"Child2\")\n        page.create_last_name(\"Child2\")\n        page.click_and_select_dob(athlete[\"child_year\"])\n        page.click_and_select_gender()\n        page.create_email(child2_email)\n        page.create_mobile(child2_mobile)\n        page.create_parent_email(parent_email)\n        time.sleep(1)\n    \n        # Check auto-filled parent details\n        auto_first_name = page.get_parent_first_name()\n        auto_last_name = page.get_parent_last_name()\n        auto_mobile = page.get_parent_mobile()\n>       auto_dob = page.get_parent_dob()\n                   ^^^^^^^^^^^^^^^^^^^^^\n\ntests\\test_athletes.py:401: \n_ _ _ _ _ _ _ _ _ _ _ _ _ _ _ _ _ _ _ _ _ _ _ _ _ _ _ _ _ _ _ _ _ _ _ _ _ _ _ _ _ _ _ _ _ _ _ _ _ _ _ _ _ _ _ _ _ _ _\npages\\athletes_page.py:231: in get_parent_dob\n    elem = self.wait.until(EC.visibility_of_element_located(self.parent_date_button))\n           ^^^^^^^^^^^^^^^^^^^^^^^^^^^^^^^^^^^^^^^^^^^^^^^^^^^^^^^^^^^^^^^^^^^^^^^^^^\n_ _ _ _ _ _ _ _ _ _ _ _ _ _ _ _ _ _ _ _ _ _ _ _ _ _ _ _ _ _ _ _ _ _ _ _ _ _ _ _ _ _ _ _ _ _ _ _ _ _ _ _ _ _ _ _ _ _ _\n\nself = <selenium.webdriver.support.wait.WebDriverWait (session=\"d2dd4e98ecc29ca4aa4ed3f739ad1bd2\")>\nmethod = <function visibility_of_element_located.<locals>._predicate at 0x000001B8C4933B00>, message = ''\n\n    def until(self, method: Callable[[D], Union[Literal[False], T]], message: str = \"\") -> T:\n        \"\"\"Wait until the method returns a value that is not False.\n    \n        Calls the method provided with the driver as an argument until the\n        return value does not evaluate to ``False``.\n    \n        Parameters:\n        -----------\n        method: callable(WebDriver)\n            - A callable object that takes a WebDriver instance as an argument.\n    \n        message: str\n            - Optional message for :exc:`TimeoutException`\n    \n        Return:\n        -------\n        object: T\n            - The result of the last call to `method`\n    \n        Raises:\n        -------\n        TimeoutException\n            - If 'method' does not return a truthy value within the WebDriverWait\n            object's timeout\n    \n        Example:\n        --------\n        >>> from selenium.webdriver.common.by import By\n        >>> from selenium.webdriver.support.ui import WebDriverWait\n        >>> from selenium.webdriver.support import expected_conditions as EC\n    \n        # Wait until an element is visible on the page\n        >>> wait = WebDriverWait(driver, 10)\n        >>> element = wait.until(EC.visibility_of_element_located((By.ID, \"exampleId\")))\n        >>> print(element.text)\n        \"\"\"\n        screen = None\n        stacktrace = None\n    \n        end_time = time.monotonic() + self._timeout\n        while True:\n            try:\n                value = method(self._driver)\n                if value:\n                    return value\n            except self._ignored_exceptions as exc:\n                screen = getattr(exc, \"screen\", None)\n                stacktrace = getattr(exc, \"stacktrace\", None)\n            if time.monotonic() > end_time:\n                break\n            time.sleep(self._poll)\n>       raise TimeoutException(message, screen, stacktrace)\nE       selenium.common.exceptions.TimeoutException: Message: \nE       Stacktrace:\nE       \tGetHandleVerifier [0x0x11bfea3+66515]\nE       \tGetHandleVerifier [0x0x11bfee4+66580]\nE       \t(No symbol) [0x0xfadc48]\nE       \t(No symbol) [0x0xff8704]\nE       \t(No symbol) [0x0xff8aab]\nE       \t(No symbol) [0x0x103f482]\nE       \t(No symbol) [0x0x101b214]\nE       \t(No symbol) [0x0x103cba7]\nE       \t(No symbol) [0x0x101afc6]\nE       \t(No symbol) [0x0xfec2ca]\nE       \t(No symbol) [0x0xfed154]\nE       \tGetHandleVerifier [0x0x14173d3+2521347]\nE       \tGetHandleVerifier [0x0x1412353+2500739]\nE       \tGetHandleVerifier [0x0x11e7cf4+229924]\nE       \tGetHandleVerifier [0x0x11d8258+165768]\nE       \tGetHandleVerifier [0x0x11ded0d+193085]\nE       \tGetHandleVerifier [0x0x11c81b8+100072]\nE       \tGetHandleVerifier [0x0x11c8350+100480]\nE       \tGetHandleVerifier [0x0x11b260a+11066]\nE       \tBaseThreadInitThunk [0x0x7641fcc9+25]\nE       \tRtlGetAppContainerNamedObjectPath [0x0x770f82ae+286]\nE       \tRtlGetAppContainerNamedObjectPath [0x0x770f827e+238]\n\nvenv\\Lib\\site-packages\\selenium\\webdriver\\support\\wait.py:138: TimeoutException"}, "attachments": [{"name": "stdout", "source": "cce8e124-adb6-44bd-af9f-f70a011aaec0-attachment.txt", "type": "text/plain"}], "start": 1760423684007, "stop": 1760423704510, "uuid": "96bc838b-ab6b-44eb-a87d-783109352a8b", "historyId": "9306231d213e5cb53ab2dc1460d6871e", "testCaseId": "9306231d213e5cb53ab2dc1460d6871e", "fullName": "tests.test_athletes#test_onboard_child2_with_same_parent_email_mobile_and_check_autofill", "labels": [{"name": "parentSuite", "value": "tests"}, {"name": "suite", "value": "test_athletes"}, {"name": "host", "value": "OTSI-Lap80"}, {"name": "thread", "value": "15468-MainThread"}, {"name": "framework", "value": "pytest"}, {"name": "language", "value": "cpython3"}, {"name": "package", "value": "tests.test_athletes"}]}