{"name": "test_onboard_child5_with_existing_parent_mobile_diff_email", "status": "failed", "statusDetails": {"message": "AssertionError: Parent first name not auto-filled correctly\nassert '' == 'ParentFirst'\n  \n  \u001b[0m\u001b[91m- ParentFirst\u001b[39;49;00m\u001b[90m\u001b[39;49;00m", "trace": "driver = <selenium.webdriver.chrome.webdriver.WebDriver (session=\"b73c5bbbfa7548a1c5b4f2de6dcc87f9\")>\n\n    @pytest.mark.usefixtures(\"driver\")\n    def test_onboard_child5_with_existing_parent_mobile_diff_email(driver):\n        page = AthletesPage(driver)\n    \n        # Use parent details from previous test\n        parent_mobile = globals().get(\"parent_mobile_5_1\")\n        parent_first_name = globals().get(\"parent_first_name_5_1\")\n        parent_last_name = globals().get(\"parent_last_name_5_1\")\n        parent_email = f\"parent{int(time.time())+3}@otsi.co.in\"  # new email for parent\n    \n        child5_mobile = parent_mobile  # parent mobile for child5\n        child5_email = f\"athlete{int(time.time())+3}@otsi.co.in\"\n    \n        page.click_actions_dropdown()\n        page.click_athlete_onboard()\n        page.create_first_name(\"Child5\")\n        page.create_last_name(\"Child5\")\n        page.click_and_select_dob(athlete[\"child_year\"])\n        page.click_and_select_gender()\n        page.create_email(child5_email)\n        page.create_mobile(child5_mobile)\n        page.create_parent_email(parent_email)\n        time.sleep(1)\n    \n        # Check auto-filled parent details\n        auto_first_name = page.get_parent_first_name()\n        auto_last_name = page.get_parent_last_name()\n        auto_mobile = page.get_parent_mobile()\n        print(\"Auto-filled Parent First Name, Last Name, Mobile:\", auto_first_name, auto_last_name, auto_mobile)\n        print(\"Expected Parent First Name, Last Name, Mobile:\", parent_first_name, parent_last_name, parent_mobile)\n    \n>       assert auto_first_name == parent_first_name, \"Parent first name not auto-filled correctly\"\nE       AssertionError: Parent first name not auto-filled correctly\nE       assert '' == 'ParentFirst'\nE         \nE         \u001b[0m\u001b[91m- ParentFirst\u001b[39;49;00m\u001b[90m\u001b[39;49;00m\n\ntests\\test_athletes.py:518: AssertionError"}, "attachments": [{"name": "stdout", "source": "48b2fbc0-0336-450f-915b-e8ffee2cf414-attachment.txt", "type": "text/plain"}], "start": 1760433270001, "stop": 1760433280625, "uuid": "4615cd93-966a-4596-a085-b0d81a71a411", "historyId": "e85887d51ae8a9fe85f0e9b062e5a40a", "testCaseId": "e85887d51ae8a9fe85f0e9b062e5a40a", "fullName": "tests.test_athletes#test_onboard_child5_with_existing_parent_mobile_diff_email", "labels": [{"name": "parentSuite", "value": "tests"}, {"name": "suite", "value": "test_athletes"}, {"name": "host", "value": "OTSI-Lap80"}, {"name": "thread", "value": "93420-MainThread"}, {"name": "framework", "value": "pytest"}, {"name": "language", "value": "cpython3"}, {"name": "package", "value": "tests.test_athletes"}]}