{"name": "test_click_add_athlete_submit_button", "status": "failed", "statusDetails": {"message": "AssertionError: Expected success message not found. Got: \nassert 'athlete added to batch successfully' in ''\n +  where '' = <built-in method lower of str object at 0x00007FFC355FC6E0>()\n +    where <built-in method lower of str object at 0x00007FFC355FC6E0> = ''.lower", "trace": "driver = <selenium.webdriver.chrome.webdriver.WebDriver (session=\"a05b52133783f29304a05ad8fb44dc2f\")>\n\n    @pytest.mark.usefixtures(\"driver\")\n    def test_click_add_athlete_submit_button(driver):\n        page = AssignAthletesToBatchPage(driver)\n        page.click_add_athlete_submit()\n        # Step 8: Verify success message with retry wait\n        success_message = page.get_success_message_text()\n        print(f\"[INFO] Success message: {success_message}\")\n>       assert \"athlete added to batch successfully\" in success_message.lower(), \\\n            f\"Expected success message not found. Got: {success_message}\"\nE       AssertionError: Expected success message not found. Got: \nE       assert 'athlete added to batch successfully' in ''\nE        +  where '' = <built-in method lower of str object at 0x00007FFC355FC6E0>()\nE        +    where <built-in method lower of str object at 0x00007FFC355FC6E0> = ''.lower\n\ntests\\test_assign_athletes_to_batch.py:57: AssertionError"}, "attachments": [{"name": "stdout", "source": "eed6d6ca-b6fb-4c68-9236-044234cc7fc4-attachment.txt", "type": "text/plain"}], "start": 1760512379295, "stop": 1760512439211, "uuid": "cc96e518-d47f-4022-b261-a84bc3874a0d", "historyId": "0cc120f4ddaaf5faae8c71f395a3409f", "testCaseId": "0cc120f4ddaaf5faae8c71f395a3409f", "fullName": "tests.test_assign_athletes_to_batch#test_click_add_athlete_submit_button", "labels": [{"name": "parentSuite", "value": "tests"}, {"name": "suite", "value": "test_assign_athletes_to_batch"}, {"name": "host", "value": "OTSI-Lap80"}, {"name": "thread", "value": "88264-MainThread"}, {"name": "framework", "value": "pytest"}, {"name": "language", "value": "cpython3"}, {"name": "package", "value": "tests.test_assign_athletes_to_batch"}]}