{"name": "test_enter_athlete_details", "status": "broken", "statusDetails": {"message": "selenium.common.exceptions.TimeoutException: Message: \nStacktrace:\n\tGetHandleVerifier [0x0x37fea3+66515]\n\tGetHandleVerifier [0x0x37fee4+66580]\n\t(No symbol) [0x0x16dc48]\n\t(No symbol) [0x0x1b8704]\n\t(No symbol) [0x0x1b8aab]\n\t(No symbol) [0x0x1ff482]\n\t(No symbol) [0x0x1db214]\n\t(No symbol) [0x0x1fcba7]\n\t(No symbol) [0x0x1dafc6]\n\t(No symbol) [0x0x1ac2ca]\n\t(No symbol) [0x0x1ad154]\n\tGetHandleVerifier [0x0x5d73d3+2521347]\n\tGetHandleVerifier [0x0x5d2353+2500739]\n\tGetHandleVerifier [0x0x3a7cf4+229924]\n\tGetHandleVerifier [0x0x398258+165768]\n\tGetHandleVerifier [0x0x39ed0d+193085]\n\tGetHandleVerifier [0x0x3881b8+100072]\n\tGetHandleVerifier [0x0x388350+100480]\n\tGetHandleVerifier [0x0x37260a+11066]\n\tBaseThreadInitThunk [0x0x7641fcc9+25]\n\tRtlGetAppContainerNamedObjectPath [0x0x770f82ae+286]\n\tRtlGetAppContainerNamedObjectPath [0x0x770f827e+238]\n\t(No symbol) [0x0]", "trace": "driver = <selenium.webdriver.chrome.webdriver.WebDriver (session=\"463178bae7e10447083a05fcec27fc1d\")>\n\n    @pytest.mark.usefixtures(\"driver\")\n    def test_enter_athlete_details(driver):\n        page = AthletesPage(driver)\n        page.create_first_name(athlete[\"first_name\"])\n>       page.create_last_name(athlete[\"last_name\"])\n\ntests\\test_athletes.py:34: \n_ _ _ _ _ _ _ _ _ _ _ _ _ _ _ _ _ _ _ _ _ _ _ _ _ _ _ _ _ _ _ _ _ _ _ _ _ _ _ _ _ _ _ _ _ _ _ _ _ _ _ _ _ _ _ _ _ _ _\npages\\athletes_page.py:50: in create_last_name\n    self.wait.until(EC.visibility_of_element_located(self.last_name_input)).send_keys(last_name)\n    ^^^^^^^^^^^^^^^^^^^^^^^^^^^^^^^^^^^^^^^^^^^^^^^^^^^^^^^^^^^^^^^^^^^^^^^\n_ _ _ _ _ _ _ _ _ _ _ _ _ _ _ _ _ _ _ _ _ _ _ _ _ _ _ _ _ _ _ _ _ _ _ _ _ _ _ _ _ _ _ _ _ _ _ _ _ _ _ _ _ _ _ _ _ _ _\n\nself = <selenium.webdriver.support.wait.WebDriverWait (session=\"463178bae7e10447083a05fcec27fc1d\")>\nmethod = <function visibility_of_element_located.<locals>._predicate at 0x000001E90867A0C0>, message = ''\n\n    def until(self, method: Callable[[D], Union[Literal[False], T]], message: str = \"\") -> T:\n        \"\"\"Wait until the method returns a value that is not False.\n    \n        Calls the method provided with the driver as an argument until the\n        return value does not evaluate to ``False``.\n    \n        Parameters:\n        -----------\n        method: callable(WebDriver)\n            - A callable object that takes a WebDriver instance as an argument.\n    \n        message: str\n            - Optional message for :exc:`TimeoutException`\n    \n        Return:\n        -------\n        object: T\n            - The result of the last call to `method`\n    \n        Raises:\n        -------\n        TimeoutException\n            - If 'method' does not return a truthy value within the WebDriverWait\n            object's timeout\n    \n        Example:\n        --------\n        >>> from selenium.webdriver.common.by import By\n        >>> from selenium.webdriver.support.ui import WebDriverWait\n        >>> from selenium.webdriver.support import expected_conditions as EC\n    \n        # Wait until an element is visible on the page\n        >>> wait = WebDriverWait(driver, 10)\n        >>> element = wait.until(EC.visibility_of_element_located((By.ID, \"exampleId\")))\n        >>> print(element.text)\n        \"\"\"\n        screen = None\n        stacktrace = None\n    \n        end_time = time.monotonic() + self._timeout\n        while True:\n            try:\n                value = method(self._driver)\n                if value:\n                    return value\n            except self._ignored_exceptions as exc:\n                screen = getattr(exc, \"screen\", None)\n                stacktrace = getattr(exc, \"stacktrace\", None)\n            if time.monotonic() > end_time:\n                break\n            time.sleep(self._poll)\n>       raise TimeoutException(message, screen, stacktrace)\nE       selenium.common.exceptions.TimeoutException: Message: \nE       Stacktrace:\nE       \tGetHandleVerifier [0x0x37fea3+66515]\nE       \tGetHandleVerifier [0x0x37fee4+66580]\nE       \t(No symbol) [0x0x16dc48]\nE       \t(No symbol) [0x0x1b8704]\nE       \t(No symbol) [0x0x1b8aab]\nE       \t(No symbol) [0x0x1ff482]\nE       \t(No symbol) [0x0x1db214]\nE       \t(No symbol) [0x0x1fcba7]\nE       \t(No symbol) [0x0x1dafc6]\nE       \t(No symbol) [0x0x1ac2ca]\nE       \t(No symbol) [0x0x1ad154]\nE       \tGetHandleVerifier [0x0x5d73d3+2521347]\nE       \tGetHandleVerifier [0x0x5d2353+2500739]\nE       \tGetHandleVerifier [0x0x3a7cf4+229924]\nE       \tGetHandleVerifier [0x0x398258+165768]\nE       \tGetHandleVerifier [0x0x39ed0d+193085]\nE       \tGetHandleVerifier [0x0x3881b8+100072]\nE       \tGetHandleVerifier [0x0x388350+100480]\nE       \tGetHandleVerifier [0x0x37260a+11066]\nE       \tBaseThreadInitThunk [0x0x7641fcc9+25]\nE       \tRtlGetAppContainerNamedObjectPath [0x0x770f82ae+286]\nE       \tRtlGetAppContainerNamedObjectPath [0x0x770f827e+238]\nE       \t(No symbol) [0x0]\n\nvenv\\Lib\\site-packages\\selenium\\webdriver\\support\\wait.py:138: TimeoutException"}, "attachments": [{"name": "stdout", "source": "aee7988c-37aa-4e14-b9a3-9e9d21a437ef-attachment.txt", "type": "text/plain"}], "start": 1760355681220, "stop": 1760355691376, "uuid": "2eeba662-bf93-464d-a576-e17c2370b07b", "historyId": "59a8764328a2b4eafaa9e53d7688d41b", "testCaseId": "59a8764328a2b4eafaa9e53d7688d41b", "fullName": "tests.test_athletes#test_enter_athlete_details", "labels": [{"name": "parentSuite", "value": "tests"}, {"name": "suite", "value": "test_athletes"}, {"name": "host", "value": "OTSI-Lap80"}, {"name": "thread", "value": "98952-MainThread"}, {"name": "framework", "value": "pytest"}, {"name": "language", "value": "cpython3"}, {"name": "package", "value": "tests.test_athletes"}]}