{"name": "test_existing_email_validation_error", "status": "broken", "statusDetails": {"message": "selenium.common.exceptions.ElementClickInterceptedException: Message: element click intercepted: Element <button data-slot=\"dropdown-menu-trigger\" class=\"inline-flex items-center justify-center gap-2 whitespace-nowrap text-sm font-medium transition-all disabled:pointer-events-none disabled:opacity-50 [&amp;_svg]:pointer-events-none [&amp;_svg:not([class*='size-'])]:size-4 shrink-0 [&amp;_svg]:shrink-0 outline-none focus-visible:border-ring focus-visible:ring-[1px] aria-invalid:ring-destructive/20 dark:aria-invalid:ring-destructive/40 aria-invalid:border-destructive hover:ring border border-primary text-primary hover:bg-primary hover:text-white h-9 px-2 py-2 has-[&gt;svg]:px-3 cursor-pointer md:px-3\" type=\"button\" id=\"radix-_r_2i_\" aria-haspopup=\"menu\" aria-expanded=\"false\" data-state=\"closed\">...</button> is not clickable at point (1439, 164). Other element would receive the click: <input data-slot=\"form-control\" class=\"file:text-foreground placeholder:text-xs placeholder:text-muted-foreground selection:bg-primary selection:text-primary-foreground border-input flex h-9 w-full min-w-0 rounded-md border bg-white px-3 py-1 text-base shadow-xs outline-none file:inline-flex file:h-7 file:border-0 file:bg-transparent file:text-sm file:font-medium disabled:pointer-events-none disabled:cursor-not-allowed disabled:opacity-50 md:text-sm focus-visible:border-ring focus-visible:ring-ring/50 focus-visible:ring aria-invalid:ring-destructive/20 aria-invalid:border-destructive transition-colors duration-200 data-[is-valid=true]:border-green-900\" placeholder=\"Enter Athletes last name\" id=\"_r_59_-form-item\" aria-describedby=\"_r_59_-form-item-description _r_59_-form-item-message\" aria-invalid=\"true\" autocomplete=\"off\" spellcheck=\"true\" value=\"\" name=\"athlete_lastname\">\n  (Session info: chrome=141.0.7390.55)\nStacktrace:\n\tGetHandleVerifier [0x0xf5fea3+66515]\n\tGetHandleVerifier [0x0xf5fee4+66580]\n\t(No symbol) [0x0xd4dc48]\n\t(No symbol) [0x0xd9ec10]\n\t(No symbol) [0x0xd9cf73]\n\t(No symbol) [0x0xd9aa17]\n\t(No symbol) [0x0xd99c8d]\n\t(No symbol) [0x0xd8e115]\n\t(No symbol) [0x0xdbb1cc]\n\t(No symbol) [0x0xd8db74]\n\t(No symbol) [0x0xdbb384]\n\t(No symbol) [0x0xddcba7]\n\t(No symbol) [0x0xdbafc6]\n\t(No symbol) [0x0xd8c2ca]\n\t(No symbol) [0x0xd8d154]\n\tGetHandleVerifier [0x0x11b73d3+2521347]\n\tGetHandleVerifier [0x0x11b2353+2500739]\n\tGetHandleVerifier [0x0xf87cf4+229924]\n\tGetHandleVerifier [0x0xf78258+165768]\n\tGetHandleVerifier [0x0xf7ed0d+193085]\n\tGetHandleVerifier [0x0xf681b8+100072]\n\tGetHandleVerifier [0x0xf68350+100480]\n\tGetHandleVerifier [0x0xf5260a+11066]\n\tBaseThreadInitThunk [0x0x7641fcc9+25]\n\tRtlGetAppContainerNamedObjectPath [0x0x770f82ae+286]\n\tRtlGetAppContainerNamedObjectPath [0x0x770f827e+238]", "trace": "driver = <selenium.webdriver.chrome.webdriver.WebDriver (session=\"8ebab96d7e4e105fdb2243f16365b8bf\")>\n\n    @pytest.mark.usefixtures(\"driver\")\n    def test_existing_email_validation_error(driver):\n        page = AthletesPage(driver)\n        time.sleep(2)\n>       page.click_actions_dropdown()\n\ntests\\test_athletes.py:50: \n_ _ _ _ _ _ _ _ _ _ _ _ _ _ _ _ _ _ _ _ _ _ _ _ _ _ _ _ _ _ _ _ _ _ _ _ _ _ _ _ _ _ _ _ _ _ _ _ _ _ _ _ _ _ _ _ _ _ _\npages\\athletes_page.py:39: in click_actions_dropdown\n    self.wait.until(EC.element_to_be_clickable(self.Actions_dropdown)).click()\nvenv\\Lib\\site-packages\\selenium\\webdriver\\remote\\webelement.py:121: in click\n    self._execute(Command.CLICK_ELEMENT)\nvenv\\Lib\\site-packages\\selenium\\webdriver\\remote\\webelement.py:574: in _execute\n    return self._parent.execute(command, params)\n           ^^^^^^^^^^^^^^^^^^^^^^^^^^^^^^^^^^^^^\nvenv\\Lib\\site-packages\\selenium\\webdriver\\remote\\webdriver.py:447: in execute\n    self.error_handler.check_response(response)\n_ _ _ _ _ _ _ _ _ _ _ _ _ _ _ _ _ _ _ _ _ _ _ _ _ _ _ _ _ _ _ _ _ _ _ _ _ _ _ _ _ _ _ _ _ _ _ _ _ _ _ _ _ _ _ _ _ _ _\n\nself = <selenium.webdriver.remote.errorhandler.ErrorHandler object at 0x00000215FCBAD290>\nresponse = {'status': 400, 'value': '{\"value\":{\"error\":\"element click intercepted\",\"message\":\"element click intercepted: Element ...tRtlGetAppContainerNamedObjectPath [0x0x770f82ae+286]\\\\n\\\\tRtlGetAppContainerNamedObjectPath [0x0x770f827e+238]\\\\n\"}}'}\n\n    def check_response(self, response: Dict[str, Any]) -> None:\n        \"\"\"Checks that a JSON response from the WebDriver does not have an\n        error.\n    \n        :Args:\n         - response - The JSON response from the WebDriver server as a dictionary\n           object.\n    \n        :Raises: If the response contains an error message.\n        \"\"\"\n        status = response.get(\"status\", None)\n        if not status or status == ErrorCode.SUCCESS:\n            return\n        value = None\n        message = response.get(\"message\", \"\")\n        screen: str = response.get(\"screen\", \"\")\n        stacktrace = None\n        if isinstance(status, int):\n            value_json = response.get(\"value\", None)\n            if value_json and isinstance(value_json, str):\n                import json\n    \n                try:\n                    value = json.loads(value_json)\n                    if len(value) == 1:\n                        value = value[\"value\"]\n                    status = value.get(\"error\", None)\n                    if not status:\n                        status = value.get(\"status\", ErrorCode.UNKNOWN_ERROR)\n                        message = value.get(\"value\") or value.get(\"message\")\n                        if not isinstance(message, str):\n                            value = message\n                            message = message.get(\"message\")\n                    else:\n                        message = value.get(\"message\", None)\n                except ValueError:\n                    pass\n    \n        exception_class: Type[WebDriverException]\n        e = ErrorCode()\n        error_codes = [item for item in dir(e) if not item.startswith(\"__\")]\n        for error_code in error_codes:\n            error_info = getattr(ErrorCode, error_code)\n            if isinstance(error_info, list) and status in error_info:\n                exception_class = getattr(ExceptionMapping, error_code, WebDriverException)\n                break\n        else:\n            exception_class = WebDriverException\n    \n        if not value:\n            value = response[\"value\"]\n        if isinstance(value, str):\n            raise exception_class(value)\n        if message == \"\" and \"message\" in value:\n            message = value[\"message\"]\n    \n        screen = None  # type: ignore[assignment]\n        if \"screen\" in value:\n            screen = value[\"screen\"]\n    \n        stacktrace = None\n        st_value = value.get(\"stackTrace\") or value.get(\"stacktrace\")\n        if st_value:\n            if isinstance(st_value, str):\n                stacktrace = st_value.split(\"\\n\")\n            else:\n                stacktrace = []\n                try:\n                    for frame in st_value:\n                        line = frame.get(\"lineNumber\", \"\")\n                        file = frame.get(\"fileName\", \"<anonymous>\")\n                        if line:\n                            file = f\"{file}:{line}\"\n                        meth = frame.get(\"methodName\", \"<anonymous>\")\n                        if \"className\" in frame:\n                            meth = f\"{frame['className']}.{meth}\"\n                        msg = \"    at %s (%s)\"\n                        msg = msg % (meth, file)\n                        stacktrace.append(msg)\n                except TypeError:\n                    pass\n        if exception_class == UnexpectedAlertPresentException:\n            alert_text = None\n            if \"data\" in value:\n                alert_text = value[\"data\"].get(\"text\")\n            elif \"alert\" in value:\n                alert_text = value[\"alert\"].get(\"text\")\n            raise exception_class(message, screen, stacktrace, alert_text)  # type: ignore[call-arg]  # mypy is not smart enough here\n>       raise exception_class(message, screen, stacktrace)\nE       selenium.common.exceptions.ElementClickInterceptedException: Message: element click intercepted: Element <button data-slot=\"dropdown-menu-trigger\" class=\"inline-flex items-center justify-center gap-2 whitespace-nowrap text-sm font-medium transition-all disabled:pointer-events-none disabled:opacity-50 [&amp;_svg]:pointer-events-none [&amp;_svg:not([class*='size-'])]:size-4 shrink-0 [&amp;_svg]:shrink-0 outline-none focus-visible:border-ring focus-visible:ring-[1px] aria-invalid:ring-destructive/20 dark:aria-invalid:ring-destructive/40 aria-invalid:border-destructive hover:ring border border-primary text-primary hover:bg-primary hover:text-white h-9 px-2 py-2 has-[&gt;svg]:px-3 cursor-pointer md:px-3\" type=\"button\" id=\"radix-_r_2i_\" aria-haspopup=\"menu\" aria-expanded=\"false\" data-state=\"closed\">...</button> is not clickable at point (1439, 164). Other element would receive the click: <input data-slot=\"form-control\" class=\"file:text-foreground placeholder:text-xs placeholder:text-muted-foreground selection:bg-primary selection:text-primary-foreground border-input flex h-9 w-full min-w-0 rounded-md border bg-white px-3 py-1 text-base shadow-xs outline-none file:inline-flex file:h-7 file:border-0 file:bg-transparent file:text-sm file:font-medium disabled:pointer-events-none disabled:cursor-not-allowed disabled:opacity-50 md:text-sm focus-visible:border-ring focus-visible:ring-ring/50 focus-visible:ring aria-invalid:ring-destructive/20 aria-invalid:border-destructive transition-colors duration-200 data-[is-valid=true]:border-green-900\" placeholder=\"Enter Athletes last name\" id=\"_r_59_-form-item\" aria-describedby=\"_r_59_-form-item-description _r_59_-form-item-message\" aria-invalid=\"true\" autocomplete=\"off\" spellcheck=\"true\" value=\"\" name=\"athlete_lastname\">\nE         (Session info: chrome=141.0.7390.55)\nE       Stacktrace:\nE       \tGetHandleVerifier [0x0xf5fea3+66515]\nE       \tGetHandleVerifier [0x0xf5fee4+66580]\nE       \t(No symbol) [0x0xd4dc48]\nE       \t(No symbol) [0x0xd9ec10]\nE       \t(No symbol) [0x0xd9cf73]\nE       \t(No symbol) [0x0xd9aa17]\nE       \t(No symbol) [0x0xd99c8d]\nE       \t(No symbol) [0x0xd8e115]\nE       \t(No symbol) [0x0xdbb1cc]\nE       \t(No symbol) [0x0xd8db74]\nE       \t(No symbol) [0x0xdbb384]\nE       \t(No symbol) [0x0xddcba7]\nE       \t(No symbol) [0x0xdbafc6]\nE       \t(No symbol) [0x0xd8c2ca]\nE       \t(No symbol) [0x0xd8d154]\nE       \tGetHandleVerifier [0x0x11b73d3+2521347]\nE       \tGetHandleVerifier [0x0x11b2353+2500739]\nE       \tGetHandleVerifier [0x0xf87cf4+229924]\nE       \tGetHandleVerifier [0x0xf78258+165768]\nE       \tGetHandleVerifier [0x0xf7ed0d+193085]\nE       \tGetHandleVerifier [0x0xf681b8+100072]\nE       \tGetHandleVerifier [0x0xf68350+100480]\nE       \tGetHandleVerifier [0x0xf5260a+11066]\nE       \tBaseThreadInitThunk [0x0x7641fcc9+25]\nE       \tRtlGetAppContainerNamedObjectPath [0x0x770f82ae+286]\nE       \tRtlGetAppContainerNamedObjectPath [0x0x770f827e+238]\n\nvenv\\Lib\\site-packages\\selenium\\webdriver\\remote\\errorhandler.py:232: ElementClickInterceptedException"}, "start": 1760347344199, "stop": 1760347347760, "uuid": "f7c99d9a-e26c-4f0d-9eaf-c2639318723f", "historyId": "ff9f53af8b08ada9ddc39198a4366373", "testCaseId": "ff9f53af8b08ada9ddc39198a4366373", "fullName": "tests.test_athletes#test_existing_email_validation_error", "labels": [{"name": "parentSuite", "value": "tests"}, {"name": "suite", "value": "test_athletes"}, {"name": "host", "value": "OTSI-Lap80"}, {"name": "thread", "value": "77520-MainThread"}, {"name": "framework", "value": "pytest"}, {"name": "language", "value": "cpython3"}, {"name": "package", "value": "tests.test_athletes"}]}