{"name": "test_mandate_field_validation_in_first_page_errors", "status": "failed", "statusDetails": {"message": "AssertionError: Missing error for: Name of the Organization/Academy\nassert 'Name of the Organization/Academy' in {'Name of the Academy': 'isrequired', 'Sports In Your Organisation?': 'required'}", "trace": "driver = <selenium.webdriver.chrome.webdriver.WebDriver (session=\"1f32d2d8b2b4f43a828ebf2e3a4d3e7f\")>\n\n    @pytest.mark.usefixtures(\"driver\")\n    def test_mandate_field_validation_in_first_page_errors(driver):\n            academypage = RegisterAcademyPage(driver)\n            academy = config[\"academy_reg\"]\n            print(\"Academy registration started without filling any data\")\n            academypage.next_button_click()\n            time.sleep(1)\n            # Capture actual errors\n            errors = academypage.validation_academy_registration()\n            # Load expected from config.json\n            expected_fields = config[\"academy_required_fields\"][\"expected\"]\n    \n            print(\"Expected Errors:\", expected_fields)\n            print(\"Actual Errors:\", errors)\n            # Check that every expected field has a Required error\n            for field in expected_fields:\n>               assert field in errors, f\"Missing error for: {field}\"\nE               AssertionError: Missing error for: Name of the Organization/Academy\nE               assert 'Name of the Organization/Academy' in {'Name of the Academy': 'isrequired', 'Sports In Your Organisation?': 'required'}\n\ntests\\test_academy_registration.py:45: AssertionError"}, "attachments": [{"name": "stdout", "source": "14ecebba-7a05-4306-8c87-e6cb1e5e8dfb-attachment.txt", "type": "text/plain"}], "start": 1760510011888, "stop": 1760510015779, "uuid": "2fbfde69-c7bf-4f69-9e3e-d1da41fce3c5", "historyId": "39704e8b66fc9a28143cd0d001563031", "testCaseId": "39704e8b66fc9a28143cd0d001563031", "fullName": "tests.test_academy_registration#test_mandate_field_validation_in_first_page_errors", "labels": [{"name": "parentSuite", "value": "tests"}, {"name": "suite", "value": "test_academy_registration"}, {"name": "host", "value": "OTSI-Lap80"}, {"name": "thread", "value": "68152-MainThread"}, {"name": "framework", "value": "pytest"}, {"name": "language", "value": "cpython3"}, {"name": "package", "value": "tests.test_academy_registration"}]}