{"name": "test_click_on_actions_dropdown_and_select_select_add_athlete", "status": "broken", "statusDetails": {"message": "selenium.common.exceptions.TimeoutException: Message: \nStacktrace:\n\tGetHandleVerifier [0x0x85fea3+66515]\n\tGetHandleVerifier [0x0x85fee4+66580]\n\t(No symbol) [0x0x64dc48]\n\t(No symbol) [0x0x698704]\n\t(No symbol) [0x0x698aab]\n\t(No symbol) [0x0x6df482]\n\t(No symbol) [0x0x6bb214]\n\t(No symbol) [0x0x6dcba7]\n\t(No symbol) [0x0x6bafc6]\n\t(No symbol) [0x0x68c2ca]\n\t(No symbol) [0x0x68d154]\n\tGetHandleVerifier [0x0xab73d3+2521347]\n\tGetHandleVerifier [0x0xab2353+2500739]\n\tGetHandleVerifier [0x0x887cf4+229924]\n\tGetHandleVerifier [0x0x878258+165768]\n\tGetHandleVerifier [0x0x87ed0d+193085]\n\tGetHandleVerifier [0x0x8681b8+100072]\n\tGetHandleVerifier [0x0x868350+100480]\n\tGetHandleVerifier [0x0x85260a+11066]\n\tBaseThreadInitThunk [0x0x7641fcc9+25]\n\tRtlGetAppContainerNamedObjectPath [0x0x770f82ae+286]\n\tRtlGetAppContainerNamedObjectPath [0x0x770f827e+238]", "trace": "driver = <selenium.webdriver.chrome.webdriver.WebDriver (session=\"18a688cd659ecaefd3bbf9e7fe5acda6\")>\n\n    @pytest.mark.usefixtures(\"driver\")\n    def test_click_on_actions_dropdown_and_select_select_add_athlete(driver):\n        page = AthletesPage(driver)\n>       page.click_actions_dropdown()\n\ntests\\test_athletes.py:32: \n_ _ _ _ _ _ _ _ _ _ _ _ _ _ _ _ _ _ _ _ _ _ _ _ _ _ _ _ _ _ _ _ _ _ _ _ _ _ _ _ _ _ _ _ _ _ _ _ _ _ _ _ _ _ _ _ _ _ _\npages\\athletes_page.py:39: in click_actions_dropdown\n    self.wait.until(EC.element_to_be_clickable(self.Actions_dropdown)).click()\n    ^^^^^^^^^^^^^^^^^^^^^^^^^^^^^^^^^^^^^^^^^^^^^^^^^^^^^^^^^^^^^^^^^^\n_ _ _ _ _ _ _ _ _ _ _ _ _ _ _ _ _ _ _ _ _ _ _ _ _ _ _ _ _ _ _ _ _ _ _ _ _ _ _ _ _ _ _ _ _ _ _ _ _ _ _ _ _ _ _ _ _ _ _\n\nself = <selenium.webdriver.support.wait.WebDriverWait (session=\"18a688cd659ecaefd3bbf9e7fe5acda6\")>\nmethod = <function element_to_be_clickable.<locals>._predicate at 0x000002006DDADF80>, message = ''\n\n    def until(self, method: Callable[[D], Union[Literal[False], T]], message: str = \"\") -> T:\n        \"\"\"Wait until the method returns a value that is not False.\n    \n        Calls the method provided with the driver as an argument until the\n        return value does not evaluate to ``False``.\n    \n        Parameters:\n        -----------\n        method: callable(WebDriver)\n            - A callable object that takes a WebDriver instance as an argument.\n    \n        message: str\n            - Optional message for :exc:`TimeoutException`\n    \n        Return:\n        -------\n        object: T\n            - The result of the last call to `method`\n    \n        Raises:\n        -------\n        TimeoutException\n            - If 'method' does not return a truthy value within the WebDriverWait\n            object's timeout\n    \n        Example:\n        --------\n        >>> from selenium.webdriver.common.by import By\n        >>> from selenium.webdriver.support.ui import WebDriverWait\n        >>> from selenium.webdriver.support import expected_conditions as EC\n    \n        # Wait until an element is visible on the page\n        >>> wait = WebDriverWait(driver, 10)\n        >>> element = wait.until(EC.visibility_of_element_located((By.ID, \"exampleId\")))\n        >>> print(element.text)\n        \"\"\"\n        screen = None\n        stacktrace = None\n    \n        end_time = time.monotonic() + self._timeout\n        while True:\n            try:\n                value = method(self._driver)\n                if value:\n                    return value\n            except self._ignored_exceptions as exc:\n                screen = getattr(exc, \"screen\", None)\n                stacktrace = getattr(exc, \"stacktrace\", None)\n            if time.monotonic() > end_time:\n                break\n            time.sleep(self._poll)\n>       raise TimeoutException(message, screen, stacktrace)\nE       selenium.common.exceptions.TimeoutException: Message: \nE       Stacktrace:\nE       \tGetHandleVerifier [0x0x85fea3+66515]\nE       \tGetHandleVerifier [0x0x85fee4+66580]\nE       \t(No symbol) [0x0x64dc48]\nE       \t(No symbol) [0x0x698704]\nE       \t(No symbol) [0x0x698aab]\nE       \t(No symbol) [0x0x6df482]\nE       \t(No symbol) [0x0x6bb214]\nE       \t(No symbol) [0x0x6dcba7]\nE       \t(No symbol) [0x0x6bafc6]\nE       \t(No symbol) [0x0x68c2ca]\nE       \t(No symbol) [0x0x68d154]\nE       \tGetHandleVerifier [0x0xab73d3+2521347]\nE       \tGetHandleVerifier [0x0xab2353+2500739]\nE       \tGetHandleVerifier [0x0x887cf4+229924]\nE       \tGetHandleVerifier [0x0x878258+165768]\nE       \tGetHandleVerifier [0x0x87ed0d+193085]\nE       \tGetHandleVerifier [0x0x8681b8+100072]\nE       \tGetHandleVerifier [0x0x868350+100480]\nE       \tGetHandleVerifier [0x0x85260a+11066]\nE       \tBaseThreadInitThunk [0x0x7641fcc9+25]\nE       \tRtlGetAppContainerNamedObjectPath [0x0x770f82ae+286]\nE       \tRtlGetAppContainerNamedObjectPath [0x0x770f827e+238]\n\nvenv\\Lib\\site-packages\\selenium\\webdriver\\support\\wait.py:138: TimeoutException"}, "start": 1760358010188, "stop": 1760358020224, "uuid": "8b2d2ef2-6f8a-4ec3-a774-da7c2a19d6a0", "historyId": "4c203204b676ada66a0c0dacc4d309bf", "testCaseId": "4c203204b676ada66a0c0dacc4d309bf", "fullName": "tests.test_athletes#test_click_on_actions_dropdown_and_select_select_add_athlete", "labels": [{"name": "parentSuite", "value": "tests"}, {"name": "suite", "value": "test_athletes"}, {"name": "host", "value": "OTSI-Lap80"}, {"name": "thread", "value": "6088-MainThread"}, {"name": "framework", "value": "pytest"}, {"name": "language", "value": "cpython3"}, {"name": "package", "value": "tests.test_athletes"}]}