{"name": "test_onboard_child6_with_diff_email_mobile_same_parent", "status": "broken", "statusDetails": {"message": "selenium.common.exceptions.TimeoutException: Message: \nStacktrace:\n\tGetHandleVerifier [0x0x10ffea3+66515]\n\tGetHandleVerifier [0x0x10ffee4+66580]\n\t(No symbol) [0x0xeedc48]\n\t(No symbol) [0x0xf38704]\n\t(No symbol) [0x0xf38aab]\n\t(No symbol) [0x0xf7f482]\n\t(No symbol) [0x0xf5b214]\n\t(No symbol) [0x0xf7cba7]\n\t(No symbol) [0x0xf5afc6]\n\t(No symbol) [0x0xf2c2ca]\n\t(No symbol) [0x0xf2d154]\n\tGetHandleVerifier [0x0x13573d3+2521347]\n\tGetHandleVerifier [0x0x1352353+2500739]\n\tGetHandleVerifier [0x0x1127cf4+229924]\n\tGetHandleVerifier [0x0x1118258+165768]\n\tGetHandleVerifier [0x0x111ed0d+193085]\n\tGetHandleVerifier [0x0x11081b8+100072]\n\tGetHandleVerifier [0x0x1108350+100480]\n\tGetHandleVerifier [0x0x10f260a+11066]\n\tBaseThreadInitThunk [0x0x7641fcc9+25]\n\tRtlGetAppContainerNamedObjectPath [0x0x770f82ae+286]\n\tRtlGetAppContainerNamedObjectPath [0x0x770f827e+238]", "trace": "driver = <selenium.webdriver.chrome.webdriver.WebDriver (session=\"f3e5e4c9ddcf6df22e13b728a83bf293\")>\n\n    @pytest.mark.usefixtures(\"driver\")\n    def test_onboard_child6_with_diff_email_mobile_same_parent(driver):\n        page = AthletesPage(driver)\n        child6_email = f\"athlete{int(time.time())+4}@otsi.co.in\"\n        child6_mobile = f\"9{random.randint(100000000, 999999999)}\"\n    \n        # Use parent details from previous tests (5-1)\n        parent_email = globals().get(\"parent_email_5_1\")\n        parent_mobile = globals().get(\"parent_mobile_5_1\")\n        parent_first_name = globals().get(\"parent_first_name_5_1\")\n        parent_last_name = globals().get(\"parent_last_name_5_1\")\n        parent_dob = globals().get(\"parent_dob_5_1\")\n    \n        page.click_actions_dropdown()\n        page.click_athlete_onboard()\n        page.create_first_name(\"Child6\")\n        page.create_last_name(\"Child6\")\n        page.click_and_select_dob(athlete[\"child_year\"])\n        page.click_and_select_gender()\n        page.create_email(child6_email)\n        page.create_mobile(child6_mobile)\n        page.create_parent_email(parent_email)\n        time.sleep(1)\n        page.create_parent_first_name(parent_first_name)\n        page.create_parent_last_name(parent_last_name)\n>       page.click_and_select_parent__dob(parent_dob)\n\ntests\\test_athletes.py:552: \n_ _ _ _ _ _ _ _ _ _ _ _ _ _ _ _ _ _ _ _ _ _ _ _ _ _ _ _ _ _ _ _ _ _ _ _ _ _ _ _ _ _ _ _ _ _ _ _ _ _ _ _ _ _ _ _ _ _ _\npages\\athletes_page.py:105: in click_and_select_parent__dob\n    self.wait.until(EC.element_to_be_clickable(self.parent_date_button)).click()\n    ^^^^^^^^^^^^^^^^^^^^^^^^^^^^^^^^^^^^^^^^^^^^^^^^^^^^^^^^^^^^^^^^^^^^\n_ _ _ _ _ _ _ _ _ _ _ _ _ _ _ _ _ _ _ _ _ _ _ _ _ _ _ _ _ _ _ _ _ _ _ _ _ _ _ _ _ _ _ _ _ _ _ _ _ _ _ _ _ _ _ _ _ _ _\n\nself = <selenium.webdriver.support.wait.WebDriverWait (session=\"f3e5e4c9ddcf6df22e13b728a83bf293\")>\nmethod = <function element_to_be_clickable.<locals>._predicate at 0x0000021ED3FBE980>, message = ''\n\n    def until(self, method: Callable[[D], Union[Literal[False], T]], message: str = \"\") -> T:\n        \"\"\"Wait until the method returns a value that is not False.\n    \n        Calls the method provided with the driver as an argument until the\n        return value does not evaluate to ``False``.\n    \n        Parameters:\n        -----------\n        method: callable(WebDriver)\n            - A callable object that takes a WebDriver instance as an argument.\n    \n        message: str\n            - Optional message for :exc:`TimeoutException`\n    \n        Return:\n        -------\n        object: T\n            - The result of the last call to `method`\n    \n        Raises:\n        -------\n        TimeoutException\n            - If 'method' does not return a truthy value within the WebDriverWait\n            object's timeout\n    \n        Example:\n        --------\n        >>> from selenium.webdriver.common.by import By\n        >>> from selenium.webdriver.support.ui import WebDriverWait\n        >>> from selenium.webdriver.support import expected_conditions as EC\n    \n        # Wait until an element is visible on the page\n        >>> wait = WebDriverWait(driver, 10)\n        >>> element = wait.until(EC.visibility_of_element_located((By.ID, \"exampleId\")))\n        >>> print(element.text)\n        \"\"\"\n        screen = None\n        stacktrace = None\n    \n        end_time = time.monotonic() + self._timeout\n        while True:\n            try:\n                value = method(self._driver)\n                if value:\n                    return value\n            except self._ignored_exceptions as exc:\n                screen = getattr(exc, \"screen\", None)\n                stacktrace = getattr(exc, \"stacktrace\", None)\n            if time.monotonic() > end_time:\n                break\n            time.sleep(self._poll)\n>       raise TimeoutException(message, screen, stacktrace)\nE       selenium.common.exceptions.TimeoutException: Message: \nE       Stacktrace:\nE       \tGetHandleVerifier [0x0x10ffea3+66515]\nE       \tGetHandleVerifier [0x0x10ffee4+66580]\nE       \t(No symbol) [0x0xeedc48]\nE       \t(No symbol) [0x0xf38704]\nE       \t(No symbol) [0x0xf38aab]\nE       \t(No symbol) [0x0xf7f482]\nE       \t(No symbol) [0x0xf5b214]\nE       \t(No symbol) [0x0xf7cba7]\nE       \t(No symbol) [0x0xf5afc6]\nE       \t(No symbol) [0x0xf2c2ca]\nE       \t(No symbol) [0x0xf2d154]\nE       \tGetHandleVerifier [0x0x13573d3+2521347]\nE       \tGetHandleVerifier [0x0x1352353+2500739]\nE       \tGetHandleVerifier [0x0x1127cf4+229924]\nE       \tGetHandleVerifier [0x0x1118258+165768]\nE       \tGetHandleVerifier [0x0x111ed0d+193085]\nE       \tGetHandleVerifier [0x0x11081b8+100072]\nE       \tGetHandleVerifier [0x0x1108350+100480]\nE       \tGetHandleVerifier [0x0x10f260a+11066]\nE       \tBaseThreadInitThunk [0x0x7641fcc9+25]\nE       \tRtlGetAppContainerNamedObjectPath [0x0x770f82ae+286]\nE       \tRtlGetAppContainerNamedObjectPath [0x0x770f827e+238]\n\nvenv\\Lib\\site-packages\\selenium\\webdriver\\support\\wait.py:138: TimeoutException"}, "attachments": [{"name": "stdout", "source": "f87364c2-bdbd-4dfa-835d-172b6092ad84-attachment.txt", "type": "text/plain"}], "start": 1760433791891, "stop": 1760433812929, "uuid": "1e4e84f5-627d-49e4-bd69-78e26b05bfbd", "historyId": "ade1b582cb8743faefe04c05f70b6d50", "testCaseId": "ade1b582cb8743faefe04c05f70b6d50", "fullName": "tests.test_athletes#test_onboard_child6_with_diff_email_mobile_same_parent", "labels": [{"name": "parentSuite", "value": "tests"}, {"name": "suite", "value": "test_athletes"}, {"name": "host", "value": "OTSI-Lap80"}, {"name": "thread", "value": "85632-MainThread"}, {"name": "framework", "value": "pytest"}, {"name": "language", "value": "cpython3"}, {"name": "package", "value": "tests.test_athletes"}]}