{"name": "test_enter_coach_details_for_validation", "status": "broken", "statusDetails": {"message": "selenium.common.exceptions.ElementClickInterceptedException: Message: element click intercepted: Element <button data-slot=\"button\" class=\"inline-flex items-center justify-center gap-2 whitespace-nowrap text-sm font-medium transition-all disabled:pointer-events-none disabled:opacity-50 [&amp;_svg]:pointer-events-none [&amp;_svg:not([class*='size-'])]:size-4 shrink-0 [&amp;_svg]:shrink-0 outline-none focus-visible:border-ring focus-visible:ring-[1px] aria-invalid:ring-destructive/20 dark:aria-invalid:ring-destructive/40 aria-invalid:border-destructive bg-primary text-primary-foreground shadow-xs hover:bg-primary/80 focus-visible:ring-primary/20 hover:ring h-9 px-2 py-2 has-[&gt;svg]:px-3 cursor-pointer md:px-3\" type=\"button\">...</button> is not clickable at point (1420, 174). Other element would receive the click: <input data-slot=\"form-control\" class=\"file:text-foreground placeholder:text-xs placeholder:text-muted-foreground selection:bg-primary selection:text-primary-foreground border-input flex h-9 w-full min-w-0 rounded-md border bg-white px-3 py-1 text-base shadow-xs outline-none file:inline-flex file:h-7 file:border-0 file:bg-transparent file:text-sm file:font-medium disabled:pointer-events-none disabled:cursor-not-allowed disabled:opacity-50 md:text-sm focus-visible:border-ring focus-visible:ring-ring/50 focus-visible:ring aria-invalid:ring-destructive/20 aria-invalid:border-destructive transition-colors duration-200 data-[is-valid=true]:border-green-900\" placeholder=\"Enter Coach last name\" id=\"_r_2s_-form-item\" aria-describedby=\"_r_2s_-form-item-description\" aria-invalid=\"false\" autocomplete=\"off\" spellcheck=\"true\" value=\"\" name=\"coach_lastname\">\n  (Session info: chrome=141.0.7390.55)\nStacktrace:\n\tGetHandleVerifier [0x0xa2fea3+66515]\n\tGetHandleVerifier [0x0xa2fee4+66580]\n\t(No symbol) [0x0x81dc48]\n\t(No symbol) [0x0x86ec10]\n\t(No symbol) [0x0x86cf73]\n\t(No symbol) [0x0x86aa17]\n\t(No symbol) [0x0x869c8d]\n\t(No symbol) [0x0x85e115]\n\t(No symbol) [0x0x88b1cc]\n\t(No symbol) [0x0x85db74]\n\t(No symbol) [0x0x88b384]\n\t(No symbol) [0x0x8acba7]\n\t(No symbol) [0x0x88afc6]\n\t(No symbol) [0x0x85c2ca]\n\t(No symbol) [0x0x85d154]\n\tGetHandleVerifier [0x0xc873d3+2521347]\n\tGetHandleVerifier [0x0xc82353+2500739]\n\tGetHandleVerifier [0x0xa57cf4+229924]\n\tGetHandleVerifier [0x0xa48258+165768]\n\tGetHandleVerifier [0x0xa4ed0d+193085]\n\tGetHandleVerifier [0x0xa381b8+100072]\n\tGetHandleVerifier [0x0xa38350+100480]\n\tGetHandleVerifier [0x0xa2260a+11066]\n\tBaseThreadInitThunk [0x0x7641fcc9+25]\n\tRtlGetAppContainerNamedObjectPath [0x0x770f82ae+286]\n\tRtlGetAppContainerNamedObjectPath [0x0x770f827e+238]", "trace": "driver = <selenium.webdriver.chrome.webdriver.WebDriver (session=\"4442e91ea757fe3a220a2c2c6b957ca1\")>\n\n    @pytest.mark.usefixtures(\"driver\")\n    def test_enter_coach_details_for_validation(driver):\n        page = CoachPage(driver)\n>       page.click_on_board_coach_button()\n\ntests\\test_coach.py:66: \n_ _ _ _ _ _ _ _ _ _ _ _ _ _ _ _ _ _ _ _ _ _ _ _ _ _ _ _ _ _ _ _ _ _ _ _ _ _ _ _ _ _ _ _ _ _ _ _ _ _ _ _ _ _ _ _ _ _ _\npages\\coach_page.py:34: in click_on_board_coach_button\n    self.wait.until(EC.element_to_be_clickable(self.on_board_coache_button)).click()\nvenv\\Lib\\site-packages\\selenium\\webdriver\\remote\\webelement.py:121: in click\n    self._execute(Command.CLICK_ELEMENT)\nvenv\\Lib\\site-packages\\selenium\\webdriver\\remote\\webelement.py:574: in _execute\n    return self._parent.execute(command, params)\n           ^^^^^^^^^^^^^^^^^^^^^^^^^^^^^^^^^^^^^\nvenv\\Lib\\site-packages\\selenium\\webdriver\\remote\\webdriver.py:447: in execute\n    self.error_handler.check_response(response)\n_ _ _ _ _ _ _ _ _ _ _ _ _ _ _ _ _ _ _ _ _ _ _ _ _ _ _ _ _ _ _ _ _ _ _ _ _ _ _ _ _ _ _ _ _ _ _ _ _ _ _ _ _ _ _ _ _ _ _\n\nself = <selenium.webdriver.remote.errorhandler.ErrorHandler object at 0x000001FA11EF4A90>\nresponse = {'status': 400, 'value': '{\"value\":{\"error\":\"element click intercepted\",\"message\":\"element click intercepted: Element ...tRtlGetAppContainerNamedObjectPath [0x0x770f82ae+286]\\\\n\\\\tRtlGetAppContainerNamedObjectPath [0x0x770f827e+238]\\\\n\"}}'}\n\n    def check_response(self, response: Dict[str, Any]) -> None:\n        \"\"\"Checks that a JSON response from the WebDriver does not have an\n        error.\n    \n        :Args:\n         - response - The JSON response from the WebDriver server as a dictionary\n           object.\n    \n        :Raises: If the response contains an error message.\n        \"\"\"\n        status = response.get(\"status\", None)\n        if not status or status == ErrorCode.SUCCESS:\n            return\n        value = None\n        message = response.get(\"message\", \"\")\n        screen: str = response.get(\"screen\", \"\")\n        stacktrace = None\n        if isinstance(status, int):\n            value_json = response.get(\"value\", None)\n            if value_json and isinstance(value_json, str):\n                import json\n    \n                try:\n                    value = json.loads(value_json)\n                    if len(value) == 1:\n                        value = value[\"value\"]\n                    status = value.get(\"error\", None)\n                    if not status:\n                        status = value.get(\"status\", ErrorCode.UNKNOWN_ERROR)\n                        message = value.get(\"value\") or value.get(\"message\")\n                        if not isinstance(message, str):\n                            value = message\n                            message = message.get(\"message\")\n                    else:\n                        message = value.get(\"message\", None)\n                except ValueError:\n                    pass\n    \n        exception_class: Type[WebDriverException]\n        e = ErrorCode()\n        error_codes = [item for item in dir(e) if not item.startswith(\"__\")]\n        for error_code in error_codes:\n            error_info = getattr(ErrorCode, error_code)\n            if isinstance(error_info, list) and status in error_info:\n                exception_class = getattr(ExceptionMapping, error_code, WebDriverException)\n                break\n        else:\n            exception_class = WebDriverException\n    \n        if not value:\n            value = response[\"value\"]\n        if isinstance(value, str):\n            raise exception_class(value)\n        if message == \"\" and \"message\" in value:\n            message = value[\"message\"]\n    \n        screen = None  # type: ignore[assignment]\n        if \"screen\" in value:\n            screen = value[\"screen\"]\n    \n        stacktrace = None\n        st_value = value.get(\"stackTrace\") or value.get(\"stacktrace\")\n        if st_value:\n            if isinstance(st_value, str):\n                stacktrace = st_value.split(\"\\n\")\n            else:\n                stacktrace = []\n                try:\n                    for frame in st_value:\n                        line = frame.get(\"lineNumber\", \"\")\n                        file = frame.get(\"fileName\", \"<anonymous>\")\n                        if line:\n                            file = f\"{file}:{line}\"\n                        meth = frame.get(\"methodName\", \"<anonymous>\")\n                        if \"className\" in frame:\n                            meth = f\"{frame['className']}.{meth}\"\n                        msg = \"    at %s (%s)\"\n                        msg = msg % (meth, file)\n                        stacktrace.append(msg)\n                except TypeError:\n                    pass\n        if exception_class == UnexpectedAlertPresentException:\n            alert_text = None\n            if \"data\" in value:\n                alert_text = value[\"data\"].get(\"text\")\n            elif \"alert\" in value:\n                alert_text = value[\"alert\"].get(\"text\")\n            raise exception_class(message, screen, stacktrace, alert_text)  # type: ignore[call-arg]  # mypy is not smart enough here\n>       raise exception_class(message, screen, stacktrace)\nE       selenium.common.exceptions.ElementClickInterceptedException: Message: element click intercepted: Element <button data-slot=\"button\" class=\"inline-flex items-center justify-center gap-2 whitespace-nowrap text-sm font-medium transition-all disabled:pointer-events-none disabled:opacity-50 [&amp;_svg]:pointer-events-none [&amp;_svg:not([class*='size-'])]:size-4 shrink-0 [&amp;_svg]:shrink-0 outline-none focus-visible:border-ring focus-visible:ring-[1px] aria-invalid:ring-destructive/20 dark:aria-invalid:ring-destructive/40 aria-invalid:border-destructive bg-primary text-primary-foreground shadow-xs hover:bg-primary/80 focus-visible:ring-primary/20 hover:ring h-9 px-2 py-2 has-[&gt;svg]:px-3 cursor-pointer md:px-3\" type=\"button\">...</button> is not clickable at point (1420, 174). Other element would receive the click: <input data-slot=\"form-control\" class=\"file:text-foreground placeholder:text-xs placeholder:text-muted-foreground selection:bg-primary selection:text-primary-foreground border-input flex h-9 w-full min-w-0 rounded-md border bg-white px-3 py-1 text-base shadow-xs outline-none file:inline-flex file:h-7 file:border-0 file:bg-transparent file:text-sm file:font-medium disabled:pointer-events-none disabled:cursor-not-allowed disabled:opacity-50 md:text-sm focus-visible:border-ring focus-visible:ring-ring/50 focus-visible:ring aria-invalid:ring-destructive/20 aria-invalid:border-destructive transition-colors duration-200 data-[is-valid=true]:border-green-900\" placeholder=\"Enter Coach last name\" id=\"_r_2s_-form-item\" aria-describedby=\"_r_2s_-form-item-description\" aria-invalid=\"false\" autocomplete=\"off\" spellcheck=\"true\" value=\"\" name=\"coach_lastname\">\nE         (Session info: chrome=141.0.7390.55)\nE       Stacktrace:\nE       \tGetHandleVerifier [0x0xa2fea3+66515]\nE       \tGetHandleVerifier [0x0xa2fee4+66580]\nE       \t(No symbol) [0x0x81dc48]\nE       \t(No symbol) [0x0x86ec10]\nE       \t(No symbol) [0x0x86cf73]\nE       \t(No symbol) [0x0x86aa17]\nE       \t(No symbol) [0x0x869c8d]\nE       \t(No symbol) [0x0x85e115]\nE       \t(No symbol) [0x0x88b1cc]\nE       \t(No symbol) [0x0x85db74]\nE       \t(No symbol) [0x0x88b384]\nE       \t(No symbol) [0x0x8acba7]\nE       \t(No symbol) [0x0x88afc6]\nE       \t(No symbol) [0x0x85c2ca]\nE       \t(No symbol) [0x0x85d154]\nE       \tGetHandleVerifier [0x0xc873d3+2521347]\nE       \tGetHandleVerifier [0x0xc82353+2500739]\nE       \tGetHandleVerifier [0x0xa57cf4+229924]\nE       \tGetHandleVerifier [0x0xa48258+165768]\nE       \tGetHandleVerifier [0x0xa4ed0d+193085]\nE       \tGetHandleVerifier [0x0xa381b8+100072]\nE       \tGetHandleVerifier [0x0xa38350+100480]\nE       \tGetHandleVerifier [0x0xa2260a+11066]\nE       \tBaseThreadInitThunk [0x0x7641fcc9+25]\nE       \tRtlGetAppContainerNamedObjectPath [0x0x770f82ae+286]\nE       \tRtlGetAppContainerNamedObjectPath [0x0x770f827e+238]\n\nvenv\\Lib\\site-packages\\selenium\\webdriver\\remote\\errorhandler.py:232: ElementClickInterceptedException"}, "start": 1760457486060, "stop": 1760457487161, "uuid": "2f480940-108c-4492-9f53-75d36905a0ce", "historyId": "5ec48e732b60fd1171e1f7c21f97b655", "testCaseId": "5ec48e732b60fd1171e1f7c21f97b655", "fullName": "tests.test_coach#test_enter_coach_details_for_validation", "labels": [{"name": "parentSuite", "value": "tests"}, {"name": "suite", "value": "test_coach"}, {"name": "host", "value": "OTSI-Lap80"}, {"name": "thread", "value": "102036-MainThread"}, {"name": "framework", "value": "pytest"}, {"name": "language", "value": "cpython3"}, {"name": "package", "value": "tests.test_coach"}]}