{"name": "test_check_forgot_password_link_is_displayed", "status": "failed", "statusDetails": {"message": "AssertionError: 'Forgot Password?' button not visible on login screen\nassert False\n +  where False = is_forgot_password_displayed()\n +    where is_forgot_password_displayed = <pages.login_page.LoginPage object at 0x000001B0CD663F10>.is_forgot_password_displayed", "trace": "driver = <selenium.webdriver.chrome.webdriver.WebDriver (session=\"15586f2cf56e3e39f9cd616d6b7a5068\")>\n\n    def test_check_forgot_password_link_is_displayed(driver):\n        login_page = LoginPage(driver)\n>       assert login_page.is_forgot_password_displayed(), \"'Forgot Password?' button not visible on login screen\"\nE       AssertionError: 'Forgot Password?' button not visible on login screen\nE       assert False\nE        +  where False = is_forgot_password_displayed()\nE        +    where is_forgot_password_displayed = <pages.login_page.LoginPage object at 0x000001B0CD663F10>.is_forgot_password_displayed\n\ntests\\test_login.py:29: AssertionError"}, "attachments": [{"name": "stdout", "source": "32e0761d-d366-4b28-a6ee-b6820d4ddc18-attachment.txt", "type": "text/plain"}], "start": 1759812777077, "stop": 1759812777081, "uuid": "1594645c-5515-4101-9e6f-b8d4756233a7", "historyId": "7deb581b322acb3d4159fadf512669cb", "testCaseId": "7deb581b322acb3d4159fadf512669cb", "fullName": "tests.test_login#test_check_forgot_password_link_is_displayed", "labels": [{"name": "parentSuite", "value": "tests"}, {"name": "suite", "value": "test_login"}, {"name": "host", "value": "OTSI-Lap80"}, {"name": "thread", "value": "78252-MainThread"}, {"name": "framework", "value": "pytest"}, {"name": "language", "value": "cpython3"}, {"name": "package", "value": "tests.test_login"}]}